{"numTotalTestSuites":17,"numPassedTestSuites":17,"numFailedTestSuites":0,"numPendingTestSuites":0,"numTotalTests":745,"numPassedTests":745,"numFailedTests":0,"numPendingTests":0,"numTodoTests":0,"snapshot":{"added":0,"failure":false,"filesAdded":0,"filesRemoved":0,"filesRemovedList":[],"filesUnmatched":0,"filesUpdated":0,"matched":0,"total":0,"unchecked":0,"uncheckedKeysByFile":[],"unmatched":0,"updated":0,"didUpdate":false},"startTime":1767628105036,"success":true,"testResults":[{"assertionResults":[{"ancestorTitles":["Evaluator Streaming"],"fullName":"Evaluator Streaming should be lazy and not visit all nodes if iterator is closed early","status":"passed","title":"should be lazy and not visit all nodes if iterator is closed early","duration":1.6675409999999715,"failureMessages":[],"meta":{}},{"ancestorTitles":["Evaluator Streaming"],"fullName":"Evaluator Streaming should respect maxResults during streaming","status":"passed","title":"should respect maxResults during streaming","duration":0.44266700000002857,"failureMessages":[],"meta":{}},{"ancestorTitles":["Evaluator Streaming"],"fullName":"Evaluator Streaming should respect timeout during streaming","status":"passed","title":"should respect timeout during streaming","duration":13.401792,"failureMessages":[],"meta":{}}],"startTime":1767628105352,"endTime":1767628105367.4019,"status":"passed","message":"","name":"/Volumes/MacStudioExternal/Users/lmiller/Dev/lellimecnar/source/packages/jsonpath/evaluator/src/streaming.spec.ts"},{"assertionResults":[{"ancestorTitles":["RFC 9535 Compliance Suite"],"fullName":"RFC 9535 Compliance Suite basic, root","status":"passed","title":"basic, root","duration":1.228584000000012,"failureMessages":[],"meta":{}},{"ancestorTitles":["RFC 9535 Compliance Suite"],"fullName":"RFC 9535 Compliance Suite basic, no leading whitespace","status":"passed","title":"basic, no leading whitespace","duration":0.38862499999999045,"failureMessages":[],"meta":{}},{"ancestorTitles":["RFC 9535 Compliance Suite"],"fullName":"RFC 9535 Compliance Suite basic, no trailing whitespace","status":"passed","title":"basic, no trailing whitespace","duration":0.08870899999999438,"failureMessages":[],"meta":{}},{"ancestorTitles":["RFC 9535 Compliance Suite"],"fullName":"RFC 9535 Compliance Suite basic, name shorthand","status":"passed","title":"basic, name shorthand","duration":0.4216250000000059,"failureMessages":[],"meta":{}},{"ancestorTitles":["RFC 9535 Compliance Suite"],"fullName":"RFC 9535 Compliance Suite basic, name shorthand, extended unicode ☺","status":"passed","title":"basic, name shorthand, extended unicode ☺","duration":0.11429200000003448,"failureMessages":[],"meta":{}},{"ancestorTitles":["RFC 9535 Compliance Suite"],"fullName":"RFC 9535 Compliance Suite basic, name shorthand, underscore","status":"passed","title":"basic, name shorthand, underscore","duration":0.1525829999999928,"failureMessages":[],"meta":{}},{"ancestorTitles":["RFC 9535 Compliance Suite"],"fullName":"RFC 9535 Compliance Suite basic, name shorthand, symbol","status":"passed","title":"basic, name shorthand, symbol","duration":0.22120799999999008,"failureMessages":[],"meta":{}},{"ancestorTitles":["RFC 9535 Compliance Suite"],"fullName":"RFC 9535 Compliance Suite basic, name shorthand, number","status":"passed","title":"basic, name shorthand, number","duration":0.23416700000001356,"failureMessages":[],"meta":{}},{"ancestorTitles":["RFC 9535 Compliance Suite"],"fullName":"RFC 9535 Compliance Suite basic, name shorthand, absent data","status":"passed","title":"basic, name shorthand, absent data","duration":0.10454199999998082,"failureMessages":[],"meta":{}},{"ancestorTitles":["RFC 9535 Compliance Suite"],"fullName":"RFC 9535 Compliance Suite basic, name shorthand, array data","status":"passed","title":"basic, name shorthand, array data","duration":0.0961250000000291,"failureMessages":[],"meta":{}},{"ancestorTitles":["RFC 9535 Compliance Suite"],"fullName":"RFC 9535 Compliance Suite basic, name shorthand, object data, nested","status":"passed","title":"basic, name shorthand, object data, nested","duration":0.10933299999999235,"failureMessages":[],"meta":{}},{"ancestorTitles":["RFC 9535 Compliance Suite"],"fullName":"RFC 9535 Compliance Suite basic, wildcard shorthand, object data","status":"passed","title":"basic, wildcard shorthand, object data","duration":0.12975000000000136,"failureMessages":[],"meta":{}},{"ancestorTitles":["RFC 9535 Compliance Suite"],"fullName":"RFC 9535 Compliance Suite basic, wildcard shorthand, array data","status":"passed","title":"basic, wildcard shorthand, array data","duration":0.07304099999998925,"failureMessages":[],"meta":{}},{"ancestorTitles":["RFC 9535 Compliance Suite"],"fullName":"RFC 9535 Compliance Suite basic, wildcard selector, array data","status":"passed","title":"basic, wildcard selector, array data","duration":0.1347090000000435,"failureMessages":[],"meta":{}},{"ancestorTitles":["RFC 9535 Compliance Suite"],"fullName":"RFC 9535 Compliance Suite basic, wildcard shorthand, then name shorthand","status":"passed","title":"basic, wildcard shorthand, then name shorthand","duration":0.0751250000000141,"failureMessages":[],"meta":{}},{"ancestorTitles":["RFC 9535 Compliance Suite"],"fullName":"RFC 9535 Compliance Suite basic, multiple selectors","status":"passed","title":"basic, multiple selectors","duration":0.142832999999996,"failureMessages":[],"meta":{}},{"ancestorTitles":["RFC 9535 Compliance Suite"],"fullName":"RFC 9535 Compliance Suite basic, multiple selectors, space instead of comma","status":"passed","title":"basic, multiple selectors, space instead of comma","duration":0.099125000000015,"failureMessages":[],"meta":{}},{"ancestorTitles":["RFC 9535 Compliance Suite"],"fullName":"RFC 9535 Compliance Suite basic, selector, leading comma","status":"passed","title":"basic, selector, leading comma","duration":0.07670799999999645,"failureMessages":[],"meta":{}},{"ancestorTitles":["RFC 9535 Compliance Suite"],"fullName":"RFC 9535 Compliance Suite basic, selector, trailing comma","status":"passed","title":"basic, selector, trailing comma","duration":0.05400000000003047,"failureMessages":[],"meta":{}},{"ancestorTitles":["RFC 9535 Compliance Suite"],"fullName":"RFC 9535 Compliance Suite basic, multiple selectors, name and index, array data","status":"passed","title":"basic, multiple selectors, name and index, array data","duration":0.15449999999998454,"failureMessages":[],"meta":{}},{"ancestorTitles":["RFC 9535 Compliance Suite"],"fullName":"RFC 9535 Compliance Suite basic, multiple selectors, name and index, object data","status":"passed","title":"basic, multiple selectors, name and index, object data","duration":0.0684999999999718,"failureMessages":[],"meta":{}},{"ancestorTitles":["RFC 9535 Compliance Suite"],"fullName":"RFC 9535 Compliance Suite basic, multiple selectors, index and slice","status":"passed","title":"basic, multiple selectors, index and slice","duration":0.07979100000000017,"failureMessages":[],"meta":{}},{"ancestorTitles":["RFC 9535 Compliance Suite"],"fullName":"RFC 9535 Compliance Suite basic, multiple selectors, index and slice, overlapping","status":"passed","title":"basic, multiple selectors, index and slice, overlapping","duration":0.04908299999999599,"failureMessages":[],"meta":{}},{"ancestorTitles":["RFC 9535 Compliance Suite"],"fullName":"RFC 9535 Compliance Suite basic, multiple selectors, duplicate index","status":"passed","title":"basic, multiple selectors, duplicate index","duration":0.04800000000000182,"failureMessages":[],"meta":{}},{"ancestorTitles":["RFC 9535 Compliance Suite"],"fullName":"RFC 9535 Compliance Suite basic, multiple selectors, wildcard and index","status":"passed","title":"basic, multiple selectors, wildcard and index","duration":0.05729199999996126,"failureMessages":[],"meta":{}},{"ancestorTitles":["RFC 9535 Compliance Suite"],"fullName":"RFC 9535 Compliance Suite basic, multiple selectors, wildcard and name","status":"passed","title":"basic, multiple selectors, wildcard and name","duration":0.040958999999986645,"failureMessages":[],"meta":{}},{"ancestorTitles":["RFC 9535 Compliance Suite"],"fullName":"RFC 9535 Compliance Suite basic, multiple selectors, wildcard and slice","status":"passed","title":"basic, multiple selectors, wildcard and slice","duration":0.05299999999999727,"failureMessages":[],"meta":{}},{"ancestorTitles":["RFC 9535 Compliance Suite"],"fullName":"RFC 9535 Compliance Suite basic, multiple selectors, multiple wildcards","status":"passed","title":"basic, multiple selectors, multiple wildcards","duration":0.03762499999999136,"failureMessages":[],"meta":{}},{"ancestorTitles":["RFC 9535 Compliance Suite"],"fullName":"RFC 9535 Compliance Suite basic, empty segment","status":"passed","title":"basic, empty segment","duration":0.04783300000002555,"failureMessages":[],"meta":{}},{"ancestorTitles":["RFC 9535 Compliance Suite"],"fullName":"RFC 9535 Compliance Suite basic, descendant segment, index","status":"passed","title":"basic, descendant segment, index","duration":0.11779200000000856,"failureMessages":[],"meta":{}},{"ancestorTitles":["RFC 9535 Compliance Suite"],"fullName":"RFC 9535 Compliance Suite basic, descendant segment, name shorthand","status":"passed","title":"basic, descendant segment, name shorthand","duration":0.058834000000047126,"failureMessages":[],"meta":{}},{"ancestorTitles":["RFC 9535 Compliance Suite"],"fullName":"RFC 9535 Compliance Suite basic, name shorthand, true","status":"passed","title":"basic, name shorthand, true","duration":0.04283400000002757,"failureMessages":[],"meta":{}},{"ancestorTitles":["RFC 9535 Compliance Suite"],"fullName":"RFC 9535 Compliance Suite basic, name shorthand, false","status":"passed","title":"basic, name shorthand, false","duration":0.03229100000004337,"failureMessages":[],"meta":{}},{"ancestorTitles":["RFC 9535 Compliance Suite"],"fullName":"RFC 9535 Compliance Suite basic, name shorthand, null","status":"passed","title":"basic, name shorthand, null","duration":0.035084000000040305,"failureMessages":[],"meta":{}},{"ancestorTitles":["RFC 9535 Compliance Suite"],"fullName":"RFC 9535 Compliance Suite basic, descendant segment, wildcard shorthand, array data","status":"passed","title":"basic, descendant segment, wildcard shorthand, array data","duration":0.03991600000000517,"failureMessages":[],"meta":{}},{"ancestorTitles":["RFC 9535 Compliance Suite"],"fullName":"RFC 9535 Compliance Suite basic, descendant segment, wildcard selector, array data","status":"passed","title":"basic, descendant segment, wildcard selector, array data","duration":0.037750000000016826,"failureMessages":[],"meta":{}},{"ancestorTitles":["RFC 9535 Compliance Suite"],"fullName":"RFC 9535 Compliance Suite basic, descendant segment, wildcard selector, nested arrays","status":"passed","title":"basic, descendant segment, wildcard selector, nested arrays","duration":0.05795899999998255,"failureMessages":[],"meta":{}},{"ancestorTitles":["RFC 9535 Compliance Suite"],"fullName":"RFC 9535 Compliance Suite basic, descendant segment, wildcard selector, nested objects","status":"passed","title":"basic, descendant segment, wildcard selector, nested objects","duration":0.06079099999999471,"failureMessages":[],"meta":{}},{"ancestorTitles":["RFC 9535 Compliance Suite"],"fullName":"RFC 9535 Compliance Suite basic, descendant segment, wildcard shorthand, object data","status":"passed","title":"basic, descendant segment, wildcard shorthand, object data","duration":0.037082999999995536,"failureMessages":[],"meta":{}},{"ancestorTitles":["RFC 9535 Compliance Suite"],"fullName":"RFC 9535 Compliance Suite basic, descendant segment, wildcard shorthand, nested data","status":"passed","title":"basic, descendant segment, wildcard shorthand, nested data","duration":0.05016699999998764,"failureMessages":[],"meta":{}},{"ancestorTitles":["RFC 9535 Compliance Suite"],"fullName":"RFC 9535 Compliance Suite basic, descendant segment, multiple selectors","status":"passed","title":"basic, descendant segment, multiple selectors","duration":0.052292000000022654,"failureMessages":[],"meta":{}},{"ancestorTitles":["RFC 9535 Compliance Suite"],"fullName":"RFC 9535 Compliance Suite basic, descendant segment, object traversal, multiple selectors","status":"passed","title":"basic, descendant segment, object traversal, multiple selectors","duration":0.045166999999992186,"failureMessages":[],"meta":{}},{"ancestorTitles":["RFC 9535 Compliance Suite"],"fullName":"RFC 9535 Compliance Suite basic, bald descendant segment","status":"passed","title":"basic, bald descendant segment","duration":0.06441699999999173,"failureMessages":[],"meta":{}},{"ancestorTitles":["RFC 9535 Compliance Suite"],"fullName":"RFC 9535 Compliance Suite basic, current node identifier without filter selector","status":"passed","title":"basic, current node identifier without filter selector","duration":0.08187499999996817,"failureMessages":[],"meta":{}},{"ancestorTitles":["RFC 9535 Compliance Suite"],"fullName":"RFC 9535 Compliance Suite basic, root node identifier in brackets without filter selector","status":"passed","title":"basic, root node identifier in brackets without filter selector","duration":0.05312500000002274,"failureMessages":[],"meta":{}},{"ancestorTitles":["RFC 9535 Compliance Suite"],"fullName":"RFC 9535 Compliance Suite filter, existence, without segments","status":"passed","title":"filter, existence, without segments","duration":0.3329580000000192,"failureMessages":[],"meta":{}},{"ancestorTitles":["RFC 9535 Compliance Suite"],"fullName":"RFC 9535 Compliance Suite filter, existence","status":"passed","title":"filter, existence","duration":0.05379199999998718,"failureMessages":[],"meta":{}},{"ancestorTitles":["RFC 9535 Compliance Suite"],"fullName":"RFC 9535 Compliance Suite filter, existence, present with null","status":"passed","title":"filter, existence, present with null","duration":0.04495800000000827,"failureMessages":[],"meta":{}},{"ancestorTitles":["RFC 9535 Compliance Suite"],"fullName":"RFC 9535 Compliance Suite filter, absolute existence, without segments","status":"passed","title":"filter, absolute existence, without segments","duration":0.04520800000000236,"failureMessages":[],"meta":{}},{"ancestorTitles":["RFC 9535 Compliance Suite"],"fullName":"RFC 9535 Compliance Suite filter, absolute existence, with segments","status":"passed","title":"filter, absolute existence, with segments","duration":0.08245900000002848,"failureMessages":[],"meta":{}},{"ancestorTitles":["RFC 9535 Compliance Suite"],"fullName":"RFC 9535 Compliance Suite filter, equals string, single quotes","status":"passed","title":"filter, equals string, single quotes","duration":0.16137499999996407,"failureMessages":[],"meta":{}},{"ancestorTitles":["RFC 9535 Compliance Suite"],"fullName":"RFC 9535 Compliance Suite filter, equals numeric string, single quotes","status":"passed","title":"filter, equals numeric string, single quotes","duration":0.06287500000001955,"failureMessages":[],"meta":{}},{"ancestorTitles":["RFC 9535 Compliance Suite"],"fullName":"RFC 9535 Compliance Suite filter, equals string, double quotes","status":"passed","title":"filter, equals string, double quotes","duration":0.058667000000014013,"failureMessages":[],"meta":{}},{"ancestorTitles":["RFC 9535 Compliance Suite"],"fullName":"RFC 9535 Compliance Suite filter, equals numeric string, double quotes","status":"passed","title":"filter, equals numeric string, double quotes","duration":0.04762500000003911,"failureMessages":[],"meta":{}},{"ancestorTitles":["RFC 9535 Compliance Suite"],"fullName":"RFC 9535 Compliance Suite filter, equals number","status":"passed","title":"filter, equals number","duration":0.049624999999991815,"failureMessages":[],"meta":{}},{"ancestorTitles":["RFC 9535 Compliance Suite"],"fullName":"RFC 9535 Compliance Suite filter, equals null","status":"passed","title":"filter, equals null","duration":0.044125000000008185,"failureMessages":[],"meta":{}},{"ancestorTitles":["RFC 9535 Compliance Suite"],"fullName":"RFC 9535 Compliance Suite filter, equals null, absent from data","status":"passed","title":"filter, equals null, absent from data","duration":0.05704200000002402,"failureMessages":[],"meta":{}},{"ancestorTitles":["RFC 9535 Compliance Suite"],"fullName":"RFC 9535 Compliance Suite filter, equals true","status":"passed","title":"filter, equals true","duration":0.045624999999972715,"failureMessages":[],"meta":{}},{"ancestorTitles":["RFC 9535 Compliance Suite"],"fullName":"RFC 9535 Compliance Suite filter, equals false","status":"passed","title":"filter, equals false","duration":0.045541000000014265,"failureMessages":[],"meta":{}},{"ancestorTitles":["RFC 9535 Compliance Suite"],"fullName":"RFC 9535 Compliance Suite filter, equals self","status":"passed","title":"filter, equals self","duration":0.05041599999998425,"failureMessages":[],"meta":{}},{"ancestorTitles":["RFC 9535 Compliance Suite"],"fullName":"RFC 9535 Compliance Suite filter, absolute, equals self","status":"passed","title":"filter, absolute, equals self","duration":0.046875,"failureMessages":[],"meta":{}},{"ancestorTitles":["RFC 9535 Compliance Suite"],"fullName":"RFC 9535 Compliance Suite filter, equals, absent from index selector equals absent from name selector","status":"passed","title":"filter, equals, absent from index selector equals absent from name selector","duration":0.05375000000003638,"failureMessages":[],"meta":{}},{"ancestorTitles":["RFC 9535 Compliance Suite"],"fullName":"RFC 9535 Compliance Suite filter, deep equality, arrays","status":"passed","title":"filter, deep equality, arrays","duration":0.07599999999996498,"failureMessages":[],"meta":{}},{"ancestorTitles":["RFC 9535 Compliance Suite"],"fullName":"RFC 9535 Compliance Suite filter, deep equality, objects","status":"passed","title":"filter, deep equality, objects","duration":0.11758399999996527,"failureMessages":[],"meta":{}},{"ancestorTitles":["RFC 9535 Compliance Suite"],"fullName":"RFC 9535 Compliance Suite filter, not-equals string, single quotes","status":"passed","title":"filter, not-equals string, single quotes","duration":0.05424999999996771,"failureMessages":[],"meta":{}},{"ancestorTitles":["RFC 9535 Compliance Suite"],"fullName":"RFC 9535 Compliance Suite filter, not-equals numeric string, single quotes","status":"passed","title":"filter, not-equals numeric string, single quotes","duration":0.044666000000006534,"failureMessages":[],"meta":{}},{"ancestorTitles":["RFC 9535 Compliance Suite"],"fullName":"RFC 9535 Compliance Suite filter, not-equals string, single quotes, different type","status":"passed","title":"filter, not-equals string, single quotes, different type","duration":0.04254200000002584,"failureMessages":[],"meta":{}},{"ancestorTitles":["RFC 9535 Compliance Suite"],"fullName":"RFC 9535 Compliance Suite filter, not-equals string, double quotes","status":"passed","title":"filter, not-equals string, double quotes","duration":0.039332999999999174,"failureMessages":[],"meta":{}},{"ancestorTitles":["RFC 9535 Compliance Suite"],"fullName":"RFC 9535 Compliance Suite filter, not-equals numeric string, double quotes","status":"passed","title":"filter, not-equals numeric string, double quotes","duration":0.040584000000023934,"failureMessages":[],"meta":{}},{"ancestorTitles":["RFC 9535 Compliance Suite"],"fullName":"RFC 9535 Compliance Suite filter, not-equals string, double quotes, different types","status":"passed","title":"filter, not-equals string, double quotes, different types","duration":0.04545899999999392,"failureMessages":[],"meta":{}},{"ancestorTitles":["RFC 9535 Compliance Suite"],"fullName":"RFC 9535 Compliance Suite filter, not-equals number","status":"passed","title":"filter, not-equals number","duration":0.051791999999977634,"failureMessages":[],"meta":{}},{"ancestorTitles":["RFC 9535 Compliance Suite"],"fullName":"RFC 9535 Compliance Suite filter, not-equals number, different types","status":"passed","title":"filter, not-equals number, different types","duration":0.03874999999999318,"failureMessages":[],"meta":{}},{"ancestorTitles":["RFC 9535 Compliance Suite"],"fullName":"RFC 9535 Compliance Suite filter, not-equals null","status":"passed","title":"filter, not-equals null","duration":0.038207999999997355,"failureMessages":[],"meta":{}},{"ancestorTitles":["RFC 9535 Compliance Suite"],"fullName":"RFC 9535 Compliance Suite filter, not-equals null, absent from data","status":"passed","title":"filter, not-equals null, absent from data","duration":0.04120899999998073,"failureMessages":[],"meta":{}},{"ancestorTitles":["RFC 9535 Compliance Suite"],"fullName":"RFC 9535 Compliance Suite filter, not-equals true","status":"passed","title":"filter, not-equals true","duration":0.03791599999999562,"failureMessages":[],"meta":{}},{"ancestorTitles":["RFC 9535 Compliance Suite"],"fullName":"RFC 9535 Compliance Suite filter, not-equals false","status":"passed","title":"filter, not-equals false","duration":0.03841699999998127,"failureMessages":[],"meta":{}},{"ancestorTitles":["RFC 9535 Compliance Suite"],"fullName":"RFC 9535 Compliance Suite filter, less than string, single quotes","status":"passed","title":"filter, less than string, single quotes","duration":0.04025000000001455,"failureMessages":[],"meta":{}},{"ancestorTitles":["RFC 9535 Compliance Suite"],"fullName":"RFC 9535 Compliance Suite filter, less than string, double quotes","status":"passed","title":"filter, less than string, double quotes","duration":0.058541000000047916,"failureMessages":[],"meta":{}},{"ancestorTitles":["RFC 9535 Compliance Suite"],"fullName":"RFC 9535 Compliance Suite filter, less than number","status":"passed","title":"filter, less than number","duration":0.06429199999996627,"failureMessages":[],"meta":{}},{"ancestorTitles":["RFC 9535 Compliance Suite"],"fullName":"RFC 9535 Compliance Suite filter, less than null","status":"passed","title":"filter, less than null","duration":0.03675000000004047,"failureMessages":[],"meta":{}},{"ancestorTitles":["RFC 9535 Compliance Suite"],"fullName":"RFC 9535 Compliance Suite filter, less than true","status":"passed","title":"filter, less than true","duration":0.03595899999999119,"failureMessages":[],"meta":{}},{"ancestorTitles":["RFC 9535 Compliance Suite"],"fullName":"RFC 9535 Compliance Suite filter, less than false","status":"passed","title":"filter, less than false","duration":0.035124999999993634,"failureMessages":[],"meta":{}},{"ancestorTitles":["RFC 9535 Compliance Suite"],"fullName":"RFC 9535 Compliance Suite filter, less than or equal to string, single quotes","status":"passed","title":"filter, less than or equal to string, single quotes","duration":0.05045800000004874,"failureMessages":[],"meta":{}},{"ancestorTitles":["RFC 9535 Compliance Suite"],"fullName":"RFC 9535 Compliance Suite filter, less than or equal to string, double quotes","status":"passed","title":"filter, less than or equal to string, double quotes","duration":0.054250000000024556,"failureMessages":[],"meta":{}},{"ancestorTitles":["RFC 9535 Compliance Suite"],"fullName":"RFC 9535 Compliance Suite filter, less than or equal to number","status":"passed","title":"filter, less than or equal to number","duration":0.045832999999959156,"failureMessages":[],"meta":{}},{"ancestorTitles":["RFC 9535 Compliance Suite"],"fullName":"RFC 9535 Compliance Suite filter, less than or equal to null","status":"passed","title":"filter, less than or equal to null","duration":0.04745900000000347,"failureMessages":[],"meta":{}},{"ancestorTitles":["RFC 9535 Compliance Suite"],"fullName":"RFC 9535 Compliance Suite filter, less than or equal to true","status":"passed","title":"filter, less than or equal to true","duration":0.0378329999999778,"failureMessages":[],"meta":{}},{"ancestorTitles":["RFC 9535 Compliance Suite"],"fullName":"RFC 9535 Compliance Suite filter, less than or equal to false","status":"passed","title":"filter, less than or equal to false","duration":0.03716699999995399,"failureMessages":[],"meta":{}},{"ancestorTitles":["RFC 9535 Compliance Suite"],"fullName":"RFC 9535 Compliance Suite filter, greater than string, single quotes","status":"passed","title":"filter, greater than string, single quotes","duration":0.04979200000002493,"failureMessages":[],"meta":{}},{"ancestorTitles":["RFC 9535 Compliance Suite"],"fullName":"RFC 9535 Compliance Suite filter, greater than string, double quotes","status":"passed","title":"filter, greater than string, double quotes","duration":0.03895800000003646,"failureMessages":[],"meta":{}},{"ancestorTitles":["RFC 9535 Compliance Suite"],"fullName":"RFC 9535 Compliance Suite filter, greater than number","status":"passed","title":"filter, greater than number","duration":0.05129099999999198,"failureMessages":[],"meta":{}},{"ancestorTitles":["RFC 9535 Compliance Suite"],"fullName":"RFC 9535 Compliance Suite filter, greater than null","status":"passed","title":"filter, greater than null","duration":0.04866700000002311,"failureMessages":[],"meta":{}},{"ancestorTitles":["RFC 9535 Compliance Suite"],"fullName":"RFC 9535 Compliance Suite filter, greater than true","status":"passed","title":"filter, greater than true","duration":0.050499999999999545,"failureMessages":[],"meta":{}},{"ancestorTitles":["RFC 9535 Compliance Suite"],"fullName":"RFC 9535 Compliance Suite filter, greater than false","status":"passed","title":"filter, greater than false","duration":0.03591700000004039,"failureMessages":[],"meta":{}},{"ancestorTitles":["RFC 9535 Compliance Suite"],"fullName":"RFC 9535 Compliance Suite filter, greater than or equal to string, single quotes","status":"passed","title":"filter, greater than or equal to string, single quotes","duration":0.052666999999985364,"failureMessages":[],"meta":{}},{"ancestorTitles":["RFC 9535 Compliance Suite"],"fullName":"RFC 9535 Compliance Suite filter, greater than or equal to string, double quotes","status":"passed","title":"filter, greater than or equal to string, double quotes","duration":0.046875,"failureMessages":[],"meta":{}},{"ancestorTitles":["RFC 9535 Compliance Suite"],"fullName":"RFC 9535 Compliance Suite filter, greater than or equal to number","status":"passed","title":"filter, greater than or equal to number","duration":0.05579199999999673,"failureMessages":[],"meta":{}},{"ancestorTitles":["RFC 9535 Compliance Suite"],"fullName":"RFC 9535 Compliance Suite filter, greater than or equal to null","status":"passed","title":"filter, greater than or equal to null","duration":0.03766600000000153,"failureMessages":[],"meta":{}},{"ancestorTitles":["RFC 9535 Compliance Suite"],"fullName":"RFC 9535 Compliance Suite filter, greater than or equal to true","status":"passed","title":"filter, greater than or equal to true","duration":0.03720900000001848,"failureMessages":[],"meta":{}},{"ancestorTitles":["RFC 9535 Compliance Suite"],"fullName":"RFC 9535 Compliance Suite filter, greater than or equal to false","status":"passed","title":"filter, greater than or equal to false","duration":0.05525000000000091,"failureMessages":[],"meta":{}},{"ancestorTitles":["RFC 9535 Compliance Suite"],"fullName":"RFC 9535 Compliance Suite filter, exists and not-equals null, absent from data","status":"passed","title":"filter, exists and not-equals null, absent from data","duration":0.04970799999995279,"failureMessages":[],"meta":{}},{"ancestorTitles":["RFC 9535 Compliance Suite"],"fullName":"RFC 9535 Compliance Suite filter, exists and exists, data false","status":"passed","title":"filter, exists and exists, data false","duration":0.05099999999998772,"failureMessages":[],"meta":{}},{"ancestorTitles":["RFC 9535 Compliance Suite"],"fullName":"RFC 9535 Compliance Suite filter, exists or exists, data false","status":"passed","title":"filter, exists or exists, data false","duration":0.178875000000005,"failureMessages":[],"meta":{}},{"ancestorTitles":["RFC 9535 Compliance Suite"],"fullName":"RFC 9535 Compliance Suite filter, and","status":"passed","title":"filter, and","duration":0.11899999999997135,"failureMessages":[],"meta":{}},{"ancestorTitles":["RFC 9535 Compliance Suite"],"fullName":"RFC 9535 Compliance Suite filter, or","status":"passed","title":"filter, or","duration":0.09200000000004138,"failureMessages":[],"meta":{}},{"ancestorTitles":["RFC 9535 Compliance Suite"],"fullName":"RFC 9535 Compliance Suite filter, not expression","status":"passed","title":"filter, not expression","duration":0.08999999999997499,"failureMessages":[],"meta":{}},{"ancestorTitles":["RFC 9535 Compliance Suite"],"fullName":"RFC 9535 Compliance Suite filter, not exists","status":"passed","title":"filter, not exists","duration":0.050874999999962256,"failureMessages":[],"meta":{}},{"ancestorTitles":["RFC 9535 Compliance Suite"],"fullName":"RFC 9535 Compliance Suite filter, not exists, data null","status":"passed","title":"filter, not exists, data null","duration":0.0741249999999809,"failureMessages":[],"meta":{}},{"ancestorTitles":["RFC 9535 Compliance Suite"],"fullName":"RFC 9535 Compliance Suite filter, non-singular existence, wildcard","status":"passed","title":"filter, non-singular existence, wildcard","duration":0.0594159999999988,"failureMessages":[],"meta":{}},{"ancestorTitles":["RFC 9535 Compliance Suite"],"fullName":"RFC 9535 Compliance Suite filter, non-singular existence, multiple","status":"passed","title":"filter, non-singular existence, multiple","duration":0.11362500000001319,"failureMessages":[],"meta":{}},{"ancestorTitles":["RFC 9535 Compliance Suite"],"fullName":"RFC 9535 Compliance Suite filter, non-singular existence, slice","status":"passed","title":"filter, non-singular existence, slice","duration":0.09770800000001145,"failureMessages":[],"meta":{}},{"ancestorTitles":["RFC 9535 Compliance Suite"],"fullName":"RFC 9535 Compliance Suite filter, non-singular existence, negated","status":"passed","title":"filter, non-singular existence, negated","duration":0.06049999999999045,"failureMessages":[],"meta":{}},{"ancestorTitles":["RFC 9535 Compliance Suite"],"fullName":"RFC 9535 Compliance Suite filter, non-singular query in comparison, slice","status":"passed","title":"filter, non-singular query in comparison, slice","duration":0.07408299999997325,"failureMessages":[],"meta":{}},{"ancestorTitles":["RFC 9535 Compliance Suite"],"fullName":"RFC 9535 Compliance Suite filter, non-singular query in comparison, all children","status":"passed","title":"filter, non-singular query in comparison, all children","duration":0.06433399999997391,"failureMessages":[],"meta":{}},{"ancestorTitles":["RFC 9535 Compliance Suite"],"fullName":"RFC 9535 Compliance Suite filter, non-singular query in comparison, descendants","status":"passed","title":"filter, non-singular query in comparison, descendants","duration":0.04979200000002493,"failureMessages":[],"meta":{}},{"ancestorTitles":["RFC 9535 Compliance Suite"],"fullName":"RFC 9535 Compliance Suite filter, non-singular query in comparison, combined","status":"passed","title":"filter, non-singular query in comparison, combined","duration":0.04904199999998582,"failureMessages":[],"meta":{}},{"ancestorTitles":["RFC 9535 Compliance Suite"],"fullName":"RFC 9535 Compliance Suite filter, nested","status":"passed","title":"filter, nested","duration":0.08845800000000281,"failureMessages":[],"meta":{}},{"ancestorTitles":["RFC 9535 Compliance Suite"],"fullName":"RFC 9535 Compliance Suite filter, name segment on primitive, selects nothing","status":"passed","title":"filter, name segment on primitive, selects nothing","duration":0.0489170000000172,"failureMessages":[],"meta":{}},{"ancestorTitles":["RFC 9535 Compliance Suite"],"fullName":"RFC 9535 Compliance Suite filter, name segment on array, selects nothing","status":"passed","title":"filter, name segment on array, selects nothing","duration":0.04366699999997081,"failureMessages":[],"meta":{}},{"ancestorTitles":["RFC 9535 Compliance Suite"],"fullName":"RFC 9535 Compliance Suite filter, index segment on object, selects nothing","status":"passed","title":"filter, index segment on object, selects nothing","duration":0.03454199999998764,"failureMessages":[],"meta":{}},{"ancestorTitles":["RFC 9535 Compliance Suite"],"fullName":"RFC 9535 Compliance Suite filter, followed by name selector","status":"passed","title":"filter, followed by name selector","duration":0.03945800000002464,"failureMessages":[],"meta":{}},{"ancestorTitles":["RFC 9535 Compliance Suite"],"fullName":"RFC 9535 Compliance Suite filter, followed by child segment that selects multiple elements","status":"passed","title":"filter, followed by child segment that selects multiple elements","duration":0.03787499999998545,"failureMessages":[],"meta":{}},{"ancestorTitles":["RFC 9535 Compliance Suite"],"fullName":"RFC 9535 Compliance Suite filter, relative non-singular query, index, equal","status":"passed","title":"filter, relative non-singular query, index, equal","duration":0.08362499999998363,"failureMessages":[],"meta":{}},{"ancestorTitles":["RFC 9535 Compliance Suite"],"fullName":"RFC 9535 Compliance Suite filter, relative non-singular query, index, not equal","status":"passed","title":"filter, relative non-singular query, index, not equal","duration":0.06258299999996098,"failureMessages":[],"meta":{}},{"ancestorTitles":["RFC 9535 Compliance Suite"],"fullName":"RFC 9535 Compliance Suite filter, relative non-singular query, index, less-or-equal","status":"passed","title":"filter, relative non-singular query, index, less-or-equal","duration":0.05212499999998954,"failureMessages":[],"meta":{}},{"ancestorTitles":["RFC 9535 Compliance Suite"],"fullName":"RFC 9535 Compliance Suite filter, relative non-singular query, name, equal","status":"passed","title":"filter, relative non-singular query, name, equal","duration":0.048292000000003554,"failureMessages":[],"meta":{}},{"ancestorTitles":["RFC 9535 Compliance Suite"],"fullName":"RFC 9535 Compliance Suite filter, relative non-singular query, name, not equal","status":"passed","title":"filter, relative non-singular query, name, not equal","duration":0.06116700000001174,"failureMessages":[],"meta":{}},{"ancestorTitles":["RFC 9535 Compliance Suite"],"fullName":"RFC 9535 Compliance Suite filter, relative non-singular query, name, less-or-equal","status":"passed","title":"filter, relative non-singular query, name, less-or-equal","duration":0.06358299999999417,"failureMessages":[],"meta":{}},{"ancestorTitles":["RFC 9535 Compliance Suite"],"fullName":"RFC 9535 Compliance Suite filter, relative non-singular query, combined, equal","status":"passed","title":"filter, relative non-singular query, combined, equal","duration":0.04766599999999244,"failureMessages":[],"meta":{}},{"ancestorTitles":["RFC 9535 Compliance Suite"],"fullName":"RFC 9535 Compliance Suite filter, relative non-singular query, combined, not equal","status":"passed","title":"filter, relative non-singular query, combined, not equal","duration":0.05483299999997371,"failureMessages":[],"meta":{}},{"ancestorTitles":["RFC 9535 Compliance Suite"],"fullName":"RFC 9535 Compliance Suite filter, relative non-singular query, combined, less-or-equal","status":"passed","title":"filter, relative non-singular query, combined, less-or-equal","duration":0.05737499999997908,"failureMessages":[],"meta":{}},{"ancestorTitles":["RFC 9535 Compliance Suite"],"fullName":"RFC 9535 Compliance Suite filter, relative non-singular query, wildcard, equal","status":"passed","title":"filter, relative non-singular query, wildcard, equal","duration":0.04875000000004093,"failureMessages":[],"meta":{}},{"ancestorTitles":["RFC 9535 Compliance Suite"],"fullName":"RFC 9535 Compliance Suite filter, relative non-singular query, wildcard, not equal","status":"passed","title":"filter, relative non-singular query, wildcard, not equal","duration":0.056958999999949356,"failureMessages":[],"meta":{}},{"ancestorTitles":["RFC 9535 Compliance Suite"],"fullName":"RFC 9535 Compliance Suite filter, relative non-singular query, wildcard, less-or-equal","status":"passed","title":"filter, relative non-singular query, wildcard, less-or-equal","duration":0.04683299999999235,"failureMessages":[],"meta":{}},{"ancestorTitles":["RFC 9535 Compliance Suite"],"fullName":"RFC 9535 Compliance Suite filter, relative non-singular query, slice, equal","status":"passed","title":"filter, relative non-singular query, slice, equal","duration":0.05091600000002927,"failureMessages":[],"meta":{}},{"ancestorTitles":["RFC 9535 Compliance Suite"],"fullName":"RFC 9535 Compliance Suite filter, relative non-singular query, slice, not equal","status":"passed","title":"filter, relative non-singular query, slice, not equal","duration":0.056958000000008724,"failureMessages":[],"meta":{}},{"ancestorTitles":["RFC 9535 Compliance Suite"],"fullName":"RFC 9535 Compliance Suite filter, relative non-singular query, slice, less-or-equal","status":"passed","title":"filter, relative non-singular query, slice, less-or-equal","duration":0.04912500000000364,"failureMessages":[],"meta":{}},{"ancestorTitles":["RFC 9535 Compliance Suite"],"fullName":"RFC 9535 Compliance Suite filter, absolute non-singular query, index, equal","status":"passed","title":"filter, absolute non-singular query, index, equal","duration":0.04729199999997036,"failureMessages":[],"meta":{}},{"ancestorTitles":["RFC 9535 Compliance Suite"],"fullName":"RFC 9535 Compliance Suite filter, absolute non-singular query, index, not equal","status":"passed","title":"filter, absolute non-singular query, index, not equal","duration":0.046749999999974534,"failureMessages":[],"meta":{}},{"ancestorTitles":["RFC 9535 Compliance Suite"],"fullName":"RFC 9535 Compliance Suite filter, absolute non-singular query, index, less-or-equal","status":"passed","title":"filter, absolute non-singular query, index, less-or-equal","duration":0.054874999999981355,"failureMessages":[],"meta":{}},{"ancestorTitles":["RFC 9535 Compliance Suite"],"fullName":"RFC 9535 Compliance Suite filter, absolute non-singular query, name, equal","status":"passed","title":"filter, absolute non-singular query, name, equal","duration":0.05195900000001075,"failureMessages":[],"meta":{}},{"ancestorTitles":["RFC 9535 Compliance Suite"],"fullName":"RFC 9535 Compliance Suite filter, absolute non-singular query, name, not equal","status":"passed","title":"filter, absolute non-singular query, name, not equal","duration":0.04579200000000583,"failureMessages":[],"meta":{}},{"ancestorTitles":["RFC 9535 Compliance Suite"],"fullName":"RFC 9535 Compliance Suite filter, absolute non-singular query, name, less-or-equal","status":"passed","title":"filter, absolute non-singular query, name, less-or-equal","duration":0.04570800000004738,"failureMessages":[],"meta":{}},{"ancestorTitles":["RFC 9535 Compliance Suite"],"fullName":"RFC 9535 Compliance Suite filter, absolute non-singular query, combined, equal","status":"passed","title":"filter, absolute non-singular query, combined, equal","duration":0.04529200000001765,"failureMessages":[],"meta":{}},{"ancestorTitles":["RFC 9535 Compliance Suite"],"fullName":"RFC 9535 Compliance Suite filter, absolute non-singular query, combined, not equal","status":"passed","title":"filter, absolute non-singular query, combined, not equal","duration":0.04545899999999392,"failureMessages":[],"meta":{}},{"ancestorTitles":["RFC 9535 Compliance Suite"],"fullName":"RFC 9535 Compliance Suite filter, absolute non-singular query, combined, less-or-equal","status":"passed","title":"filter, absolute non-singular query, combined, less-or-equal","duration":0.044790999999975156,"failureMessages":[],"meta":{}},{"ancestorTitles":["RFC 9535 Compliance Suite"],"fullName":"RFC 9535 Compliance Suite filter, absolute non-singular query, wildcard, equal","status":"passed","title":"filter, absolute non-singular query, wildcard, equal","duration":0.04520800000000236,"failureMessages":[],"meta":{}},{"ancestorTitles":["RFC 9535 Compliance Suite"],"fullName":"RFC 9535 Compliance Suite filter, absolute non-singular query, wildcard, not equal","status":"passed","title":"filter, absolute non-singular query, wildcard, not equal","duration":0.04312500000003183,"failureMessages":[],"meta":{}},{"ancestorTitles":["RFC 9535 Compliance Suite"],"fullName":"RFC 9535 Compliance Suite filter, absolute non-singular query, wildcard, less-or-equal","status":"passed","title":"filter, absolute non-singular query, wildcard, less-or-equal","duration":0.04341600000003609,"failureMessages":[],"meta":{}},{"ancestorTitles":["RFC 9535 Compliance Suite"],"fullName":"RFC 9535 Compliance Suite filter, absolute non-singular query, slice, equal","status":"passed","title":"filter, absolute non-singular query, slice, equal","duration":0.04808399999996027,"failureMessages":[],"meta":{}},{"ancestorTitles":["RFC 9535 Compliance Suite"],"fullName":"RFC 9535 Compliance Suite filter, absolute non-singular query, slice, not equal","status":"passed","title":"filter, absolute non-singular query, slice, not equal","duration":0.053124999999965894,"failureMessages":[],"meta":{}},{"ancestorTitles":["RFC 9535 Compliance Suite"],"fullName":"RFC 9535 Compliance Suite filter, absolute non-singular query, slice, less-or-equal","status":"passed","title":"filter, absolute non-singular query, slice, less-or-equal","duration":0.04920800000002146,"failureMessages":[],"meta":{}},{"ancestorTitles":["RFC 9535 Compliance Suite"],"fullName":"RFC 9535 Compliance Suite filter, multiple selectors","status":"passed","title":"filter, multiple selectors","duration":0.049000000000035016,"failureMessages":[],"meta":{}},{"ancestorTitles":["RFC 9535 Compliance Suite"],"fullName":"RFC 9535 Compliance Suite filter, multiple selectors, comparison","status":"passed","title":"filter, multiple selectors, comparison","duration":0.05025000000000546,"failureMessages":[],"meta":{}},{"ancestorTitles":["RFC 9535 Compliance Suite"],"fullName":"RFC 9535 Compliance Suite filter, multiple selectors, overlapping","status":"passed","title":"filter, multiple selectors, overlapping","duration":0.04616699999996854,"failureMessages":[],"meta":{}},{"ancestorTitles":["RFC 9535 Compliance Suite"],"fullName":"RFC 9535 Compliance Suite filter, multiple selectors, filter and index","status":"passed","title":"filter, multiple selectors, filter and index","duration":0.03766699999999901,"failureMessages":[],"meta":{}},{"ancestorTitles":["RFC 9535 Compliance Suite"],"fullName":"RFC 9535 Compliance Suite filter, multiple selectors, filter and wildcard","status":"passed","title":"filter, multiple selectors, filter and wildcard","duration":0.03937499999994998,"failureMessages":[],"meta":{}},{"ancestorTitles":["RFC 9535 Compliance Suite"],"fullName":"RFC 9535 Compliance Suite filter, multiple selectors, filter and slice","status":"passed","title":"filter, multiple selectors, filter and slice","duration":0.04683399999998983,"failureMessages":[],"meta":{}},{"ancestorTitles":["RFC 9535 Compliance Suite"],"fullName":"RFC 9535 Compliance Suite filter, multiple selectors, comparison filter, index and slice","status":"passed","title":"filter, multiple selectors, comparison filter, index and slice","duration":0.04645800000002964,"failureMessages":[],"meta":{}},{"ancestorTitles":["RFC 9535 Compliance Suite"],"fullName":"RFC 9535 Compliance Suite filter, equals number, zero and negative zero","status":"passed","title":"filter, equals number, zero and negative zero","duration":0.06491699999997991,"failureMessages":[],"meta":{}},{"ancestorTitles":["RFC 9535 Compliance Suite"],"fullName":"RFC 9535 Compliance Suite filter, equals number, negative zero and zero","status":"passed","title":"filter, equals number, negative zero and zero","duration":0.04899999999997817,"failureMessages":[],"meta":{}},{"ancestorTitles":["RFC 9535 Compliance Suite"],"fullName":"RFC 9535 Compliance Suite filter, equals number, with and without decimal fraction","status":"passed","title":"filter, equals number, with and without decimal fraction","duration":0.060041000000012446,"failureMessages":[],"meta":{}},{"ancestorTitles":["RFC 9535 Compliance Suite"],"fullName":"RFC 9535 Compliance Suite filter, equals number, exponent","status":"passed","title":"filter, equals number, exponent","duration":0.04662500000000591,"failureMessages":[],"meta":{}},{"ancestorTitles":["RFC 9535 Compliance Suite"],"fullName":"RFC 9535 Compliance Suite filter, equals number, exponent upper e","status":"passed","title":"filter, equals number, exponent upper e","duration":0.04099999999999682,"failureMessages":[],"meta":{}},{"ancestorTitles":["RFC 9535 Compliance Suite"],"fullName":"RFC 9535 Compliance Suite filter, equals number, positive exponent","status":"passed","title":"filter, equals number, positive exponent","duration":0.0509169999999699,"failureMessages":[],"meta":{}},{"ancestorTitles":["RFC 9535 Compliance Suite"],"fullName":"RFC 9535 Compliance Suite filter, equals number, negative exponent","status":"passed","title":"filter, equals number, negative exponent","duration":0.13587499999999864,"failureMessages":[],"meta":{}},{"ancestorTitles":["RFC 9535 Compliance Suite"],"fullName":"RFC 9535 Compliance Suite filter, equals number, exponent 0","status":"passed","title":"filter, equals number, exponent 0","duration":0.10858300000001009,"failureMessages":[],"meta":{}},{"ancestorTitles":["RFC 9535 Compliance Suite"],"fullName":"RFC 9535 Compliance Suite filter, equals number, exponent -0","status":"passed","title":"filter, equals number, exponent -0","duration":0.05616600000001881,"failureMessages":[],"meta":{}},{"ancestorTitles":["RFC 9535 Compliance Suite"],"fullName":"RFC 9535 Compliance Suite filter, equals number, exponent +0","status":"passed","title":"filter, equals number, exponent +0","duration":0.0671249999999759,"failureMessages":[],"meta":{}},{"ancestorTitles":["RFC 9535 Compliance Suite"],"fullName":"RFC 9535 Compliance Suite filter, equals number, exponent leading -0","status":"passed","title":"filter, equals number, exponent leading -0","duration":0.04512499999998454,"failureMessages":[],"meta":{}},{"ancestorTitles":["RFC 9535 Compliance Suite"],"fullName":"RFC 9535 Compliance Suite filter, equals number, exponent +00","status":"passed","title":"filter, equals number, exponent +00","duration":0.04349999999999454,"failureMessages":[],"meta":{}},{"ancestorTitles":["RFC 9535 Compliance Suite"],"fullName":"RFC 9535 Compliance Suite filter, equals number, decimal fraction","status":"passed","title":"filter, equals number, decimal fraction","duration":0.042709000000002106,"failureMessages":[],"meta":{}},{"ancestorTitles":["RFC 9535 Compliance Suite"],"fullName":"RFC 9535 Compliance Suite filter, equals number, decimal fraction, trailing 0","status":"passed","title":"filter, equals number, decimal fraction, trailing 0","duration":0.04112499999996544,"failureMessages":[],"meta":{}},{"ancestorTitles":["RFC 9535 Compliance Suite"],"fullName":"RFC 9535 Compliance Suite filter, equals number, decimal fraction, exponent","status":"passed","title":"filter, equals number, decimal fraction, exponent","duration":0.04233299999998508,"failureMessages":[],"meta":{}},{"ancestorTitles":["RFC 9535 Compliance Suite"],"fullName":"RFC 9535 Compliance Suite filter, equals number, decimal fraction, positive exponent","status":"passed","title":"filter, equals number, decimal fraction, positive exponent","duration":0.041083000000014636,"failureMessages":[],"meta":{}},{"ancestorTitles":["RFC 9535 Compliance Suite"],"fullName":"RFC 9535 Compliance Suite filter, equals number, decimal fraction, negative exponent","status":"passed","title":"filter, equals number, decimal fraction, negative exponent","duration":0.0578750000000241,"failureMessages":[],"meta":{}},{"ancestorTitles":["RFC 9535 Compliance Suite"],"fullName":"RFC 9535 Compliance Suite filter, equals number, invalid plus","status":"passed","title":"filter, equals number, invalid plus","duration":0.07774999999998045,"failureMessages":[],"meta":{}},{"ancestorTitles":["RFC 9535 Compliance Suite"],"fullName":"RFC 9535 Compliance Suite filter, equals number, invalid minus space","status":"passed","title":"filter, equals number, invalid minus space","duration":0.05187499999999545,"failureMessages":[],"meta":{}},{"ancestorTitles":["RFC 9535 Compliance Suite"],"fullName":"RFC 9535 Compliance Suite filter, equals number, invalid double minus","status":"passed","title":"filter, equals number, invalid double minus","duration":0.04549999999994725,"failureMessages":[],"meta":{}},{"ancestorTitles":["RFC 9535 Compliance Suite"],"fullName":"RFC 9535 Compliance Suite filter, equals number, invalid no int digit","status":"passed","title":"filter, equals number, invalid no int digit","duration":0.048792000000048574,"failureMessages":[],"meta":{}},{"ancestorTitles":["RFC 9535 Compliance Suite"],"fullName":"RFC 9535 Compliance Suite filter, equals number, invalid minus no int digit","status":"passed","title":"filter, equals number, invalid minus no int digit","duration":0.0448329999999828,"failureMessages":[],"meta":{}},{"ancestorTitles":["RFC 9535 Compliance Suite"],"fullName":"RFC 9535 Compliance Suite filter, equals number, invalid 00","status":"passed","title":"filter, equals number, invalid 00","duration":0.04216600000000881,"failureMessages":[],"meta":{}},{"ancestorTitles":["RFC 9535 Compliance Suite"],"fullName":"RFC 9535 Compliance Suite filter, equals number, invalid leading 0","status":"passed","title":"filter, equals number, invalid leading 0","duration":0.041667000000018106,"failureMessages":[],"meta":{}},{"ancestorTitles":["RFC 9535 Compliance Suite"],"fullName":"RFC 9535 Compliance Suite filter, equals number, invalid no fractional digit","status":"passed","title":"filter, equals number, invalid no fractional digit","duration":0.04312499999997499,"failureMessages":[],"meta":{}},{"ancestorTitles":["RFC 9535 Compliance Suite"],"fullName":"RFC 9535 Compliance Suite filter, equals number, invalid middle minus","status":"passed","title":"filter, equals number, invalid middle minus","duration":0.045250000000010004,"failureMessages":[],"meta":{}},{"ancestorTitles":["RFC 9535 Compliance Suite"],"fullName":"RFC 9535 Compliance Suite filter, equals number, invalid no fractional digit e","status":"passed","title":"filter, equals number, invalid no fractional digit e","duration":0.04191600000001472,"failureMessages":[],"meta":{}},{"ancestorTitles":["RFC 9535 Compliance Suite"],"fullName":"RFC 9535 Compliance Suite filter, equals number, invalid no e digit","status":"passed","title":"filter, equals number, invalid no e digit","duration":0.04291599999999107,"failureMessages":[],"meta":{}},{"ancestorTitles":["RFC 9535 Compliance Suite"],"fullName":"RFC 9535 Compliance Suite filter, equals number, invalid no e digit minus","status":"passed","title":"filter, equals number, invalid no e digit minus","duration":0.0488330000000019,"failureMessages":[],"meta":{}},{"ancestorTitles":["RFC 9535 Compliance Suite"],"fullName":"RFC 9535 Compliance Suite filter, equals number, invalid double e","status":"passed","title":"filter, equals number, invalid double e","duration":0.04408300000000054,"failureMessages":[],"meta":{}},{"ancestorTitles":["RFC 9535 Compliance Suite"],"fullName":"RFC 9535 Compliance Suite filter, equals number, invalid e digit double minus","status":"passed","title":"filter, equals number, invalid e digit double minus","duration":0.04162500000001046,"failureMessages":[],"meta":{}},{"ancestorTitles":["RFC 9535 Compliance Suite"],"fullName":"RFC 9535 Compliance Suite filter, equals number, invalid e digit plus minus","status":"passed","title":"filter, equals number, invalid e digit plus minus","duration":0.042709000000002106,"failureMessages":[],"meta":{}},{"ancestorTitles":["RFC 9535 Compliance Suite"],"fullName":"RFC 9535 Compliance Suite filter, equals number, invalid e decimal","status":"passed","title":"filter, equals number, invalid e decimal","duration":0.051541999999983545,"failureMessages":[],"meta":{}},{"ancestorTitles":["RFC 9535 Compliance Suite"],"fullName":"RFC 9535 Compliance Suite filter, equals number, invalid multi e","status":"passed","title":"filter, equals number, invalid multi e","duration":0.04679199999998218,"failureMessages":[],"meta":{}},{"ancestorTitles":["RFC 9535 Compliance Suite"],"fullName":"RFC 9535 Compliance Suite filter, equals, special nothing","status":"passed","title":"filter, equals, special nothing","duration":0.31270799999998644,"failureMessages":[],"meta":{}},{"ancestorTitles":["RFC 9535 Compliance Suite"],"fullName":"RFC 9535 Compliance Suite filter, equals, empty node list and empty node list","status":"passed","title":"filter, equals, empty node list and empty node list","duration":0.05462500000004411,"failureMessages":[],"meta":{}},{"ancestorTitles":["RFC 9535 Compliance Suite"],"fullName":"RFC 9535 Compliance Suite filter, equals, empty node list and special nothing","status":"passed","title":"filter, equals, empty node list and special nothing","duration":0.07024999999998727,"failureMessages":[],"meta":{}},{"ancestorTitles":["RFC 9535 Compliance Suite"],"fullName":"RFC 9535 Compliance Suite filter, object data","status":"passed","title":"filter, object data","duration":0.04754200000002129,"failureMessages":[],"meta":{}},{"ancestorTitles":["RFC 9535 Compliance Suite"],"fullName":"RFC 9535 Compliance Suite filter, two consecutive ands","status":"passed","title":"filter, two consecutive ands","duration":0.06787499999995816,"failureMessages":[],"meta":{}},{"ancestorTitles":["RFC 9535 Compliance Suite"],"fullName":"RFC 9535 Compliance Suite filter, two consecutive ors","status":"passed","title":"filter, two consecutive ors","duration":0.06725000000000136,"failureMessages":[],"meta":{}},{"ancestorTitles":["RFC 9535 Compliance Suite"],"fullName":"RFC 9535 Compliance Suite filter, multiple consecutive ands","status":"passed","title":"filter, multiple consecutive ands","duration":0.08329100000003109,"failureMessages":[],"meta":{}},{"ancestorTitles":["RFC 9535 Compliance Suite"],"fullName":"RFC 9535 Compliance Suite filter, multiple consecutive ors","status":"passed","title":"filter, multiple consecutive ors","duration":0.10250000000002046,"failureMessages":[],"meta":{}},{"ancestorTitles":["RFC 9535 Compliance Suite"],"fullName":"RFC 9535 Compliance Suite filter, multiple consecutive ors and ands","status":"passed","title":"filter, multiple consecutive ors and ands","duration":0.14391700000004448,"failureMessages":[],"meta":{}},{"ancestorTitles":["RFC 9535 Compliance Suite"],"fullName":"RFC 9535 Compliance Suite filter, and binds more tightly than or","status":"passed","title":"filter, and binds more tightly than or","duration":0.06875000000002274,"failureMessages":[],"meta":{}},{"ancestorTitles":["RFC 9535 Compliance Suite"],"fullName":"RFC 9535 Compliance Suite filter, left to right evaluation","status":"passed","title":"filter, left to right evaluation","duration":0.3390420000000063,"failureMessages":[],"meta":{}},{"ancestorTitles":["RFC 9535 Compliance Suite"],"fullName":"RFC 9535 Compliance Suite filter, group terms, left","status":"passed","title":"filter, group terms, left","duration":0.10591699999997672,"failureMessages":[],"meta":{}},{"ancestorTitles":["RFC 9535 Compliance Suite"],"fullName":"RFC 9535 Compliance Suite filter, group terms, right","status":"passed","title":"filter, group terms, right","duration":0.09508299999998826,"failureMessages":[],"meta":{}},{"ancestorTitles":["RFC 9535 Compliance Suite"],"fullName":"RFC 9535 Compliance Suite filter, string literal, single quote in double quotes","status":"passed","title":"filter, string literal, single quote in double quotes","duration":0.042709000000002106,"failureMessages":[],"meta":{}},{"ancestorTitles":["RFC 9535 Compliance Suite"],"fullName":"RFC 9535 Compliance Suite filter, string literal, double quote in single quotes","status":"passed","title":"filter, string literal, double quote in single quotes","duration":0.03804199999996172,"failureMessages":[],"meta":{}},{"ancestorTitles":["RFC 9535 Compliance Suite"],"fullName":"RFC 9535 Compliance Suite filter, string literal, escaped single quote in single quotes","status":"passed","title":"filter, string literal, escaped single quote in single quotes","duration":0.045457999999996446,"failureMessages":[],"meta":{}},{"ancestorTitles":["RFC 9535 Compliance Suite"],"fullName":"RFC 9535 Compliance Suite filter, string literal, escaped double quote in double quotes","status":"passed","title":"filter, string literal, escaped double quote in double quotes","duration":0.048458999999979824,"failureMessages":[],"meta":{}},{"ancestorTitles":["RFC 9535 Compliance Suite"],"fullName":"RFC 9535 Compliance Suite filter, literal true must be compared","status":"passed","title":"filter, literal true must be compared","duration":0.06483400000001893,"failureMessages":[],"meta":{}},{"ancestorTitles":["RFC 9535 Compliance Suite"],"fullName":"RFC 9535 Compliance Suite filter, literal false must be compared","status":"passed","title":"filter, literal false must be compared","duration":0.04508400000003121,"failureMessages":[],"meta":{}},{"ancestorTitles":["RFC 9535 Compliance Suite"],"fullName":"RFC 9535 Compliance Suite filter, literal string must be compared","status":"passed","title":"filter, literal string must be compared","duration":0.040582999999969616,"failureMessages":[],"meta":{}},{"ancestorTitles":["RFC 9535 Compliance Suite"],"fullName":"RFC 9535 Compliance Suite filter, literal int must be compared","status":"passed","title":"filter, literal int must be compared","duration":0.04624999999998636,"failureMessages":[],"meta":{}},{"ancestorTitles":["RFC 9535 Compliance Suite"],"fullName":"RFC 9535 Compliance Suite filter, literal float must be compared","status":"passed","title":"filter, literal float must be compared","duration":0.03970800000001873,"failureMessages":[],"meta":{}},{"ancestorTitles":["RFC 9535 Compliance Suite"],"fullName":"RFC 9535 Compliance Suite filter, literal null must be compared","status":"passed","title":"filter, literal null must be compared","duration":0.040792000000010376,"failureMessages":[],"meta":{}},{"ancestorTitles":["RFC 9535 Compliance Suite"],"fullName":"RFC 9535 Compliance Suite filter, and, literals must be compared","status":"passed","title":"filter, and, literals must be compared","duration":0.047916999999984,"failureMessages":[],"meta":{}},{"ancestorTitles":["RFC 9535 Compliance Suite"],"fullName":"RFC 9535 Compliance Suite filter, or, literals must be compared","status":"passed","title":"filter, or, literals must be compared","duration":0.04512499999998454,"failureMessages":[],"meta":{}},{"ancestorTitles":["RFC 9535 Compliance Suite"],"fullName":"RFC 9535 Compliance Suite filter, and, right hand literal must be compared","status":"passed","title":"filter, and, right hand literal must be compared","duration":0.04695800000001782,"failureMessages":[],"meta":{}},{"ancestorTitles":["RFC 9535 Compliance Suite"],"fullName":"RFC 9535 Compliance Suite filter, or, right hand literal must be compared","status":"passed","title":"filter, or, right hand literal must be compared","duration":0.04704200000003311,"failureMessages":[],"meta":{}},{"ancestorTitles":["RFC 9535 Compliance Suite"],"fullName":"RFC 9535 Compliance Suite filter, and, left hand literal must be compared","status":"passed","title":"filter, and, left hand literal must be compared","duration":0.046709000000021206,"failureMessages":[],"meta":{}},{"ancestorTitles":["RFC 9535 Compliance Suite"],"fullName":"RFC 9535 Compliance Suite filter, or, left hand literal must be compared","status":"passed","title":"filter, or, left hand literal must be compared","duration":0.046499999999980446,"failureMessages":[],"meta":{}},{"ancestorTitles":["RFC 9535 Compliance Suite"],"fullName":"RFC 9535 Compliance Suite filter, true, incorrectly capitalized","status":"passed","title":"filter, true, incorrectly capitalized","duration":0.04400000000003956,"failureMessages":[],"meta":{}},{"ancestorTitles":["RFC 9535 Compliance Suite"],"fullName":"RFC 9535 Compliance Suite filter, quoted True, double quotes","status":"passed","title":"filter, quoted True, double quotes","duration":0.044582999999988715,"failureMessages":[],"meta":{}},{"ancestorTitles":["RFC 9535 Compliance Suite"],"fullName":"RFC 9535 Compliance Suite filter, quoted True, single quotes","status":"passed","title":"filter, quoted True, single quotes","duration":0.06275000000005093,"failureMessages":[],"meta":{}},{"ancestorTitles":["RFC 9535 Compliance Suite"],"fullName":"RFC 9535 Compliance Suite filter, false, incorrectly capitalized","status":"passed","title":"filter, false, incorrectly capitalized","duration":0.07399999999995543,"failureMessages":[],"meta":{}},{"ancestorTitles":["RFC 9535 Compliance Suite"],"fullName":"RFC 9535 Compliance Suite filter, quoted False, double quotes","status":"passed","title":"filter, quoted False, double quotes","duration":0.06062499999995907,"failureMessages":[],"meta":{}},{"ancestorTitles":["RFC 9535 Compliance Suite"],"fullName":"RFC 9535 Compliance Suite filter, quoted False, single quotes","status":"passed","title":"filter, quoted False, single quotes","duration":0.053541999999993095,"failureMessages":[],"meta":{}},{"ancestorTitles":["RFC 9535 Compliance Suite"],"fullName":"RFC 9535 Compliance Suite filter, null, incorrectly capitalized","status":"passed","title":"filter, null, incorrectly capitalized","duration":0.052209000000004835,"failureMessages":[],"meta":{}},{"ancestorTitles":["RFC 9535 Compliance Suite"],"fullName":"RFC 9535 Compliance Suite filter, quoted Null, double quotes","status":"passed","title":"filter, quoted Null, double quotes","duration":0.04291699999998855,"failureMessages":[],"meta":{}},{"ancestorTitles":["RFC 9535 Compliance Suite"],"fullName":"RFC 9535 Compliance Suite filter, quoted Null, single quotes","status":"passed","title":"filter, quoted Null, single quotes","duration":0.0428749999999809,"failureMessages":[],"meta":{}},{"ancestorTitles":["RFC 9535 Compliance Suite"],"fullName":"RFC 9535 Compliance Suite index selector, first element","status":"passed","title":"index selector, first element","duration":0.031334000000015294,"failureMessages":[],"meta":{}},{"ancestorTitles":["RFC 9535 Compliance Suite"],"fullName":"RFC 9535 Compliance Suite index selector, second element","status":"passed","title":"index selector, second element","duration":0.040916000000038366,"failureMessages":[],"meta":{}},{"ancestorTitles":["RFC 9535 Compliance Suite"],"fullName":"RFC 9535 Compliance Suite index selector, out of bound","status":"passed","title":"index selector, out of bound","duration":0.03437500000001137,"failureMessages":[],"meta":{}},{"ancestorTitles":["RFC 9535 Compliance Suite"],"fullName":"RFC 9535 Compliance Suite index selector, min exact index","status":"passed","title":"index selector, min exact index","duration":0.03633400000001075,"failureMessages":[],"meta":{}},{"ancestorTitles":["RFC 9535 Compliance Suite"],"fullName":"RFC 9535 Compliance Suite index selector, max exact index","status":"passed","title":"index selector, max exact index","duration":0.0308329999999728,"failureMessages":[],"meta":{}},{"ancestorTitles":["RFC 9535 Compliance Suite"],"fullName":"RFC 9535 Compliance Suite index selector, min exact index - 1","status":"passed","title":"index selector, min exact index - 1","duration":0.04699999999996862,"failureMessages":[],"meta":{}},{"ancestorTitles":["RFC 9535 Compliance Suite"],"fullName":"RFC 9535 Compliance Suite index selector, max exact index + 1","status":"passed","title":"index selector, max exact index + 1","duration":0.04216600000000881,"failureMessages":[],"meta":{}},{"ancestorTitles":["RFC 9535 Compliance Suite"],"fullName":"RFC 9535 Compliance Suite index selector, overflowing index","status":"passed","title":"index selector, overflowing index","duration":0.05066700000003266,"failureMessages":[],"meta":{}},{"ancestorTitles":["RFC 9535 Compliance Suite"],"fullName":"RFC 9535 Compliance Suite index selector, not actually an index, overflowing index leads into general text","status":"passed","title":"index selector, not actually an index, overflowing index leads into general text","duration":0.04887500000000955,"failureMessages":[],"meta":{}},{"ancestorTitles":["RFC 9535 Compliance Suite"],"fullName":"RFC 9535 Compliance Suite index selector, negative","status":"passed","title":"index selector, negative","duration":0.029957999999965068,"failureMessages":[],"meta":{}},{"ancestorTitles":["RFC 9535 Compliance Suite"],"fullName":"RFC 9535 Compliance Suite index selector, more negative","status":"passed","title":"index selector, more negative","duration":0.02612499999997908,"failureMessages":[],"meta":{}},{"ancestorTitles":["RFC 9535 Compliance Suite"],"fullName":"RFC 9535 Compliance Suite index selector, negative out of bound","status":"passed","title":"index selector, negative out of bound","duration":0.024583000000006905,"failureMessages":[],"meta":{}},{"ancestorTitles":["RFC 9535 Compliance Suite"],"fullName":"RFC 9535 Compliance Suite index selector, on object","status":"passed","title":"index selector, on object","duration":0.025374999999996817,"failureMessages":[],"meta":{}},{"ancestorTitles":["RFC 9535 Compliance Suite"],"fullName":"RFC 9535 Compliance Suite index selector, leading 0","status":"passed","title":"index selector, leading 0","duration":0.03983400000004167,"failureMessages":[],"meta":{}},{"ancestorTitles":["RFC 9535 Compliance Suite"],"fullName":"RFC 9535 Compliance Suite index selector, decimal","status":"passed","title":"index selector, decimal","duration":0.041042000000004464,"failureMessages":[],"meta":{}},{"ancestorTitles":["RFC 9535 Compliance Suite"],"fullName":"RFC 9535 Compliance Suite index selector, plus","status":"passed","title":"index selector, plus","duration":0.04041699999999082,"failureMessages":[],"meta":{}},{"ancestorTitles":["RFC 9535 Compliance Suite"],"fullName":"RFC 9535 Compliance Suite index selector, minus space","status":"passed","title":"index selector, minus space","duration":0.04824999999999591,"failureMessages":[],"meta":{}},{"ancestorTitles":["RFC 9535 Compliance Suite"],"fullName":"RFC 9535 Compliance Suite index selector, -0","status":"passed","title":"index selector, -0","duration":0.042416000000002896,"failureMessages":[],"meta":{}},{"ancestorTitles":["RFC 9535 Compliance Suite"],"fullName":"RFC 9535 Compliance Suite index selector, leading -0","status":"passed","title":"index selector, leading -0","duration":0.04291699999998855,"failureMessages":[],"meta":{}},{"ancestorTitles":["RFC 9535 Compliance Suite"],"fullName":"RFC 9535 Compliance Suite name selector, double quotes","status":"passed","title":"name selector, double quotes","duration":0.03108300000002373,"failureMessages":[],"meta":{}},{"ancestorTitles":["RFC 9535 Compliance Suite"],"fullName":"RFC 9535 Compliance Suite name selector, double quotes, absent data","status":"passed","title":"name selector, double quotes, absent data","duration":0.023792000000014468,"failureMessages":[],"meta":{}},{"ancestorTitles":["RFC 9535 Compliance Suite"],"fullName":"RFC 9535 Compliance Suite name selector, double quotes, array data","status":"passed","title":"name selector, double quotes, array data","duration":0.022875000000055934,"failureMessages":[],"meta":{}},{"ancestorTitles":["RFC 9535 Compliance Suite"],"fullName":"RFC 9535 Compliance Suite name selector, name, double quotes, contains single quote","status":"passed","title":"name selector, name, double quotes, contains single quote","duration":0.0262079999999969,"failureMessages":[],"meta":{}},{"ancestorTitles":["RFC 9535 Compliance Suite"],"fullName":"RFC 9535 Compliance Suite name selector, name, double quotes, nested","status":"passed","title":"name selector, name, double quotes, nested","duration":0.04929099999998243,"failureMessages":[],"meta":{}},{"ancestorTitles":["RFC 9535 Compliance Suite"],"fullName":"RFC 9535 Compliance Suite name selector, double quotes, embedded U+0000","status":"passed","title":"name selector, double quotes, embedded U+0000","duration":0.062124999999980446,"failureMessages":[],"meta":{}},{"ancestorTitles":["RFC 9535 Compliance Suite"],"fullName":"RFC 9535 Compliance Suite name selector, double quotes, embedded U+0001","status":"passed","title":"name selector, double quotes, embedded U+0001","duration":0.04954200000003084,"failureMessages":[],"meta":{}},{"ancestorTitles":["RFC 9535 Compliance Suite"],"fullName":"RFC 9535 Compliance Suite name selector, double quotes, embedded U+0002","status":"passed","title":"name selector, double quotes, embedded U+0002","duration":0.04483400000003712,"failureMessages":[],"meta":{}},{"ancestorTitles":["RFC 9535 Compliance Suite"],"fullName":"RFC 9535 Compliance Suite name selector, double quotes, embedded U+0003","status":"passed","title":"name selector, double quotes, embedded U+0003","duration":0.036875000000009095,"failureMessages":[],"meta":{}},{"ancestorTitles":["RFC 9535 Compliance Suite"],"fullName":"RFC 9535 Compliance Suite name selector, double quotes, embedded U+0004","status":"passed","title":"name selector, double quotes, embedded U+0004","duration":0.03608299999996234,"failureMessages":[],"meta":{}},{"ancestorTitles":["RFC 9535 Compliance Suite"],"fullName":"RFC 9535 Compliance Suite name selector, double quotes, embedded U+0005","status":"passed","title":"name selector, double quotes, embedded U+0005","duration":0.043874999999957254,"failureMessages":[],"meta":{}},{"ancestorTitles":["RFC 9535 Compliance Suite"],"fullName":"RFC 9535 Compliance Suite name selector, double quotes, embedded U+0006","status":"passed","title":"name selector, double quotes, embedded U+0006","duration":0.03641599999997425,"failureMessages":[],"meta":{}},{"ancestorTitles":["RFC 9535 Compliance Suite"],"fullName":"RFC 9535 Compliance Suite name selector, double quotes, embedded U+0007","status":"passed","title":"name selector, double quotes, embedded U+0007","duration":0.03716599999995651,"failureMessages":[],"meta":{}},{"ancestorTitles":["RFC 9535 Compliance Suite"],"fullName":"RFC 9535 Compliance Suite name selector, double quotes, embedded U+0008","status":"passed","title":"name selector, double quotes, embedded U+0008","duration":0.03958299999999326,"failureMessages":[],"meta":{}},{"ancestorTitles":["RFC 9535 Compliance Suite"],"fullName":"RFC 9535 Compliance Suite name selector, double quotes, embedded U+0009","status":"passed","title":"name selector, double quotes, embedded U+0009","duration":0.03725000000002865,"failureMessages":[],"meta":{}},{"ancestorTitles":["RFC 9535 Compliance Suite"],"fullName":"RFC 9535 Compliance Suite name selector, double quotes, embedded U+000A","status":"passed","title":"name selector, double quotes, embedded U+000A","duration":0.036000000000001364,"failureMessages":[],"meta":{}},{"ancestorTitles":["RFC 9535 Compliance Suite"],"fullName":"RFC 9535 Compliance Suite name selector, double quotes, embedded U+000B","status":"passed","title":"name selector, double quotes, embedded U+000B","duration":0.0352919999999699,"failureMessages":[],"meta":{}},{"ancestorTitles":["RFC 9535 Compliance Suite"],"fullName":"RFC 9535 Compliance Suite name selector, double quotes, embedded U+000C","status":"passed","title":"name selector, double quotes, embedded U+000C","duration":0.03412500000001728,"failureMessages":[],"meta":{}},{"ancestorTitles":["RFC 9535 Compliance Suite"],"fullName":"RFC 9535 Compliance Suite name selector, double quotes, embedded U+000D","status":"passed","title":"name selector, double quotes, embedded U+000D","duration":0.03258299999998826,"failureMessages":[],"meta":{}},{"ancestorTitles":["RFC 9535 Compliance Suite"],"fullName":"RFC 9535 Compliance Suite name selector, double quotes, embedded U+000E","status":"passed","title":"name selector, double quotes, embedded U+000E","duration":0.04266699999999446,"failureMessages":[],"meta":{}},{"ancestorTitles":["RFC 9535 Compliance Suite"],"fullName":"RFC 9535 Compliance Suite name selector, double quotes, embedded U+000F","status":"passed","title":"name selector, double quotes, embedded U+000F","duration":0.037459000000012566,"failureMessages":[],"meta":{}},{"ancestorTitles":["RFC 9535 Compliance Suite"],"fullName":"RFC 9535 Compliance Suite name selector, double quotes, embedded U+0010","status":"passed","title":"name selector, double quotes, embedded U+0010","duration":0.03920900000002803,"failureMessages":[],"meta":{}},{"ancestorTitles":["RFC 9535 Compliance Suite"],"fullName":"RFC 9535 Compliance Suite name selector, double quotes, embedded U+0011","status":"passed","title":"name selector, double quotes, embedded U+0011","duration":0.03941700000001447,"failureMessages":[],"meta":{}},{"ancestorTitles":["RFC 9535 Compliance Suite"],"fullName":"RFC 9535 Compliance Suite name selector, double quotes, embedded U+0012","status":"passed","title":"name selector, double quotes, embedded U+0012","duration":0.04037500000004002,"failureMessages":[],"meta":{}},{"ancestorTitles":["RFC 9535 Compliance Suite"],"fullName":"RFC 9535 Compliance Suite name selector, double quotes, embedded U+0013","status":"passed","title":"name selector, double quotes, embedded U+0013","duration":0.05462499999998727,"failureMessages":[],"meta":{}},{"ancestorTitles":["RFC 9535 Compliance Suite"],"fullName":"RFC 9535 Compliance Suite name selector, double quotes, embedded U+0014","status":"passed","title":"name selector, double quotes, embedded U+0014","duration":0.04554200000001174,"failureMessages":[],"meta":{}},{"ancestorTitles":["RFC 9535 Compliance Suite"],"fullName":"RFC 9535 Compliance Suite name selector, double quotes, embedded U+0015","status":"passed","title":"name selector, double quotes, embedded U+0015","duration":0.04516700000004903,"failureMessages":[],"meta":{}},{"ancestorTitles":["RFC 9535 Compliance Suite"],"fullName":"RFC 9535 Compliance Suite name selector, double quotes, embedded U+0016","status":"passed","title":"name selector, double quotes, embedded U+0016","duration":0.03995800000001282,"failureMessages":[],"meta":{}},{"ancestorTitles":["RFC 9535 Compliance Suite"],"fullName":"RFC 9535 Compliance Suite name selector, double quotes, embedded U+0017","status":"passed","title":"name selector, double quotes, embedded U+0017","duration":0.03941599999996015,"failureMessages":[],"meta":{}},{"ancestorTitles":["RFC 9535 Compliance Suite"],"fullName":"RFC 9535 Compliance Suite name selector, double quotes, embedded U+0018","status":"passed","title":"name selector, double quotes, embedded U+0018","duration":0.0428749999999809,"failureMessages":[],"meta":{}},{"ancestorTitles":["RFC 9535 Compliance Suite"],"fullName":"RFC 9535 Compliance Suite name selector, double quotes, embedded U+0019","status":"passed","title":"name selector, double quotes, embedded U+0019","duration":0.042832999999973254,"failureMessages":[],"meta":{}},{"ancestorTitles":["RFC 9535 Compliance Suite"],"fullName":"RFC 9535 Compliance Suite name selector, double quotes, embedded U+001A","status":"passed","title":"name selector, double quotes, embedded U+001A","duration":0.03570799999999963,"failureMessages":[],"meta":{}},{"ancestorTitles":["RFC 9535 Compliance Suite"],"fullName":"RFC 9535 Compliance Suite name selector, double quotes, embedded U+001B","status":"passed","title":"name selector, double quotes, embedded U+001B","duration":0.042124999999998636,"failureMessages":[],"meta":{}},{"ancestorTitles":["RFC 9535 Compliance Suite"],"fullName":"RFC 9535 Compliance Suite name selector, double quotes, embedded U+001C","status":"passed","title":"name selector, double quotes, embedded U+001C","duration":0.04312499999997499,"failureMessages":[],"meta":{}},{"ancestorTitles":["RFC 9535 Compliance Suite"],"fullName":"RFC 9535 Compliance Suite name selector, double quotes, embedded U+001D","status":"passed","title":"name selector, double quotes, embedded U+001D","duration":0.03916599999996606,"failureMessages":[],"meta":{}},{"ancestorTitles":["RFC 9535 Compliance Suite"],"fullName":"RFC 9535 Compliance Suite name selector, double quotes, embedded U+001E","status":"passed","title":"name selector, double quotes, embedded U+001E","duration":0.035625000000038654,"failureMessages":[],"meta":{}},{"ancestorTitles":["RFC 9535 Compliance Suite"],"fullName":"RFC 9535 Compliance Suite name selector, double quotes, embedded U+001F","status":"passed","title":"name selector, double quotes, embedded U+001F","duration":0.03462500000000546,"failureMessages":[],"meta":{}},{"ancestorTitles":["RFC 9535 Compliance Suite"],"fullName":"RFC 9535 Compliance Suite name selector, double quotes, embedded U+0020","status":"passed","title":"name selector, double quotes, embedded U+0020","duration":0.029791999999986274,"failureMessages":[],"meta":{}},{"ancestorTitles":["RFC 9535 Compliance Suite"],"fullName":"RFC 9535 Compliance Suite name selector, double quotes, embedded U+007F","status":"passed","title":"name selector, double quotes, embedded U+007F","duration":0.02812499999998863,"failureMessages":[],"meta":{}},{"ancestorTitles":["RFC 9535 Compliance Suite"],"fullName":"RFC 9535 Compliance Suite name selector, double quotes, supplementary plane character","status":"passed","title":"name selector, double quotes, supplementary plane character","duration":0.03937499999994998,"failureMessages":[],"meta":{}},{"ancestorTitles":["RFC 9535 Compliance Suite"],"fullName":"RFC 9535 Compliance Suite name selector, double quotes, escaped double quote","status":"passed","title":"name selector, double quotes, escaped double quote","duration":0.04899999999997817,"failureMessages":[],"meta":{}},{"ancestorTitles":["RFC 9535 Compliance Suite"],"fullName":"RFC 9535 Compliance Suite name selector, double quotes, escaped reverse solidus","status":"passed","title":"name selector, double quotes, escaped reverse solidus","duration":0.0428749999999809,"failureMessages":[],"meta":{}},{"ancestorTitles":["RFC 9535 Compliance Suite"],"fullName":"RFC 9535 Compliance Suite name selector, double quotes, escaped solidus","status":"passed","title":"name selector, double quotes, escaped solidus","duration":0.027417000000014013,"failureMessages":[],"meta":{}},{"ancestorTitles":["RFC 9535 Compliance Suite"],"fullName":"RFC 9535 Compliance Suite name selector, double quotes, escaped backspace","status":"passed","title":"name selector, double quotes, escaped backspace","duration":0.024541999999996733,"failureMessages":[],"meta":{}},{"ancestorTitles":["RFC 9535 Compliance Suite"],"fullName":"RFC 9535 Compliance Suite name selector, double quotes, escaped form feed","status":"passed","title":"name selector, double quotes, escaped form feed","duration":0.028917000000035387,"failureMessages":[],"meta":{}},{"ancestorTitles":["RFC 9535 Compliance Suite"],"fullName":"RFC 9535 Compliance Suite name selector, double quotes, escaped line feed","status":"passed","title":"name selector, double quotes, escaped line feed","duration":0.02812499999998863,"failureMessages":[],"meta":{}},{"ancestorTitles":["RFC 9535 Compliance Suite"],"fullName":"RFC 9535 Compliance Suite name selector, double quotes, escaped carriage return","status":"passed","title":"name selector, double quotes, escaped carriage return","duration":0.029583000000002357,"failureMessages":[],"meta":{}},{"ancestorTitles":["RFC 9535 Compliance Suite"],"fullName":"RFC 9535 Compliance Suite name selector, double quotes, escaped tab","status":"passed","title":"name selector, double quotes, escaped tab","duration":0.02995800000002191,"failureMessages":[],"meta":{}},{"ancestorTitles":["RFC 9535 Compliance Suite"],"fullName":"RFC 9535 Compliance Suite name selector, double quotes, escaped ☺, upper case hex","status":"passed","title":"name selector, double quotes, escaped ☺, upper case hex","duration":0.056874999999990905,"failureMessages":[],"meta":{}},{"ancestorTitles":["RFC 9535 Compliance Suite"],"fullName":"RFC 9535 Com
[...]
b between recursive descent and name","duration":0.028500000000008185,"failureMessages":[],"meta":{}},{"ancestorTitles":["RFC 9535 Compliance Suite"],"fullName":"RFC 9535 Compliance Suite whitespace, selectors, return between recursive descent and name","status":"passed","title":"whitespace, selectors, return between recursive descent and name","duration":0.028833000000020093,"failureMessages":[],"meta":{}},{"ancestorTitles":["RFC 9535 Compliance Suite"],"fullName":"RFC 9535 Compliance Suite whitespace, selectors, space between bracket and selector","status":"passed","title":"whitespace, selectors, space between bracket and selector","duration":0.020707999999956428,"failureMessages":[],"meta":{}},{"ancestorTitles":["RFC 9535 Compliance Suite"],"fullName":"RFC 9535 Compliance Suite whitespace, selectors, newline between bracket and selector","status":"passed","title":"whitespace, selectors, newline between bracket and selector","duration":0.017875000000003638,"failureMessages":[],"meta":{}},{"ancestorTitles":["RFC 9535 Compliance Suite"],"fullName":"RFC 9535 Compliance Suite whitespace, selectors, tab between bracket and selector","status":"passed","title":"whitespace, selectors, tab between bracket and selector","duration":0.017457999999976437,"failureMessages":[],"meta":{}},{"ancestorTitles":["RFC 9535 Compliance Suite"],"fullName":"RFC 9535 Compliance Suite whitespace, selectors, return between bracket and selector","status":"passed","title":"whitespace, selectors, return between bracket and selector","duration":0.01712499999996453,"failureMessages":[],"meta":{}},{"ancestorTitles":["RFC 9535 Compliance Suite"],"fullName":"RFC 9535 Compliance Suite whitespace, selectors, space between selector and bracket","status":"passed","title":"whitespace, selectors, space between selector and bracket","duration":0.01779199999998582,"failureMessages":[],"meta":{}},{"ancestorTitles":["RFC 9535 Compliance Suite"],"fullName":"RFC 9535 Compliance Suite whitespace, selectors, newline between selector and bracket","status":"passed","title":"whitespace, selectors, newline between selector and bracket","duration":0.017291000000000167,"failureMessages":[],"meta":{}},{"ancestorTitles":["RFC 9535 Compliance Suite"],"fullName":"RFC 9535 Compliance Suite whitespace, selectors, tab between selector and bracket","status":"passed","title":"whitespace, selectors, tab between selector and bracket","duration":0.019541000000003805,"failureMessages":[],"meta":{}},{"ancestorTitles":["RFC 9535 Compliance Suite"],"fullName":"RFC 9535 Compliance Suite whitespace, selectors, return between selector and bracket","status":"passed","title":"whitespace, selectors, return between selector and bracket","duration":0.025208000000020547,"failureMessages":[],"meta":{}},{"ancestorTitles":["RFC 9535 Compliance Suite"],"fullName":"RFC 9535 Compliance Suite whitespace, selectors, space between selector and comma","status":"passed","title":"whitespace, selectors, space between selector and comma","duration":0.019624999999962256,"failureMessages":[],"meta":{}},{"ancestorTitles":["RFC 9535 Compliance Suite"],"fullName":"RFC 9535 Compliance Suite whitespace, selectors, newline between selector and comma","status":"passed","title":"whitespace, selectors, newline between selector and comma","duration":0.020458999999959815,"failureMessages":[],"meta":{}},{"ancestorTitles":["RFC 9535 Compliance Suite"],"fullName":"RFC 9535 Compliance Suite whitespace, selectors, tab between selector and comma","status":"passed","title":"whitespace, selectors, tab between selector and comma","duration":0.026290999999957876,"failureMessages":[],"meta":{}},{"ancestorTitles":["RFC 9535 Compliance Suite"],"fullName":"RFC 9535 Compliance Suite whitespace, selectors, return between selector and comma","status":"passed","title":"whitespace, selectors, return between selector and comma","duration":0.02445799999998144,"failureMessages":[],"meta":{}},{"ancestorTitles":["RFC 9535 Compliance Suite"],"fullName":"RFC 9535 Compliance Suite whitespace, selectors, space between comma and selector","status":"passed","title":"whitespace, selectors, space between comma and selector","duration":0.028332999999975073,"failureMessages":[],"meta":{}},{"ancestorTitles":["RFC 9535 Compliance Suite"],"fullName":"RFC 9535 Compliance Suite whitespace, selectors, newline between comma and selector","status":"passed","title":"whitespace, selectors, newline between comma and selector","duration":0.026999999999986812,"failureMessages":[],"meta":{}},{"ancestorTitles":["RFC 9535 Compliance Suite"],"fullName":"RFC 9535 Compliance Suite whitespace, selectors, tab between comma and selector","status":"passed","title":"whitespace, selectors, tab between comma and selector","duration":0.020166000000017448,"failureMessages":[],"meta":{}},{"ancestorTitles":["RFC 9535 Compliance Suite"],"fullName":"RFC 9535 Compliance Suite whitespace, selectors, return between comma and selector","status":"passed","title":"whitespace, selectors, return between comma and selector","duration":0.018541999999968084,"failureMessages":[],"meta":{}},{"ancestorTitles":["RFC 9535 Compliance Suite"],"fullName":"RFC 9535 Compliance Suite whitespace, slice, space between start and colon","status":"passed","title":"whitespace, slice, space between start and colon","duration":0.02541699999994762,"failureMessages":[],"meta":{}},{"ancestorTitles":["RFC 9535 Compliance Suite"],"fullName":"RFC 9535 Compliance Suite whitespace, slice, newline between start and colon","status":"passed","title":"whitespace, slice, newline between start and colon","duration":0.02391600000004246,"failureMessages":[],"meta":{}},{"ancestorTitles":["RFC 9535 Compliance Suite"],"fullName":"RFC 9535 Compliance Suite whitespace, slice, tab between start and colon","status":"passed","title":"whitespace, slice, tab between start and colon","duration":0.021708000000046468,"failureMessages":[],"meta":{}},{"ancestorTitles":["RFC 9535 Compliance Suite"],"fullName":"RFC 9535 Compliance Suite whitespace, slice, return between start and colon","status":"passed","title":"whitespace, slice, return between start and colon","duration":0.021082999999975982,"failureMessages":[],"meta":{}},{"ancestorTitles":["RFC 9535 Compliance Suite"],"fullName":"RFC 9535 Compliance Suite whitespace, slice, space between colon and end","status":"passed","title":"whitespace, slice, space between colon and end","duration":0.02095800000000736,"failureMessages":[],"meta":{}},{"ancestorTitles":["RFC 9535 Compliance Suite"],"fullName":"RFC 9535 Compliance Suite whitespace, slice, newline between colon and end","status":"passed","title":"whitespace, slice, newline between colon and end","duration":0.022707999999965978,"failureMessages":[],"meta":{}},{"ancestorTitles":["RFC 9535 Compliance Suite"],"fullName":"RFC 9535 Compliance Suite whitespace, slice, tab between colon and end","status":"passed","title":"whitespace, slice, tab between colon and end","duration":0.02083399999997937,"failureMessages":[],"meta":{}},{"ancestorTitles":["RFC 9535 Compliance Suite"],"fullName":"RFC 9535 Compliance Suite whitespace, slice, return between colon and end","status":"passed","title":"whitespace, slice, return between colon and end","duration":0.021207999999944604,"failureMessages":[],"meta":{}},{"ancestorTitles":["RFC 9535 Compliance Suite"],"fullName":"RFC 9535 Compliance Suite whitespace, slice, space between end and colon","status":"passed","title":"whitespace, slice, space between end and colon","duration":0.020499999999969987,"failureMessages":[],"meta":{}},{"ancestorTitles":["RFC 9535 Compliance Suite"],"fullName":"RFC 9535 Compliance Suite whitespace, slice, newline between end and colon","status":"passed","title":"whitespace, slice, newline between end and colon","duration":0.02041700000000901,"failureMessages":[],"meta":{}},{"ancestorTitles":["RFC 9535 Compliance Suite"],"fullName":"RFC 9535 Compliance Suite whitespace, slice, tab between end and colon","status":"passed","title":"whitespace, slice, tab between end and colon","duration":0.02087499999998954,"failureMessages":[],"meta":{}},{"ancestorTitles":["RFC 9535 Compliance Suite"],"fullName":"RFC 9535 Compliance Suite whitespace, slice, return between end and colon","status":"passed","title":"whitespace, slice, return between end and colon","duration":0.02087499999998954,"failureMessages":[],"meta":{}},{"ancestorTitles":["RFC 9535 Compliance Suite"],"fullName":"RFC 9535 Compliance Suite whitespace, slice, space between colon and step","status":"passed","title":"whitespace, slice, space between colon and step","duration":0.02045799999996234,"failureMessages":[],"meta":{}},{"ancestorTitles":["RFC 9535 Compliance Suite"],"fullName":"RFC 9535 Compliance Suite whitespace, slice, newline between colon and step","status":"passed","title":"whitespace, slice, newline between colon and step","duration":0.020709000000010747,"failureMessages":[],"meta":{}},{"ancestorTitles":["RFC 9535 Compliance Suite"],"fullName":"RFC 9535 Compliance Suite whitespace, slice, tab between colon and step","status":"passed","title":"whitespace, slice, tab between colon and step","duration":0.02075000000002092,"failureMessages":[],"meta":{}},{"ancestorTitles":["RFC 9535 Compliance Suite"],"fullName":"RFC 9535 Compliance Suite whitespace, slice, return between colon and step","status":"passed","title":"whitespace, slice, return between colon and step","duration":0.02083399999997937,"failureMessages":[],"meta":{}}],"startTime":1767628105366,"endTime":1767628105405.0208,"status":"passed","message":"","name":"/Volumes/MacStudioExternal/Users/lmiller/Dev/lellimecnar/source/packages/jsonpath/evaluator/src/__tests__/compliance.spec.ts"},{"assertionResults":[{"ancestorTitles":["Evaluator"],"fullName":"Evaluator should evaluate simple name selectors","status":"passed","title":"should evaluate simple name selectors","duration":3.1592919999999935,"failureMessages":[],"meta":{}},{"ancestorTitles":["Evaluator"],"fullName":"Evaluator should evaluate index selectors","status":"passed","title":"should evaluate index selectors","duration":0.5091249999999832,"failureMessages":[],"meta":{}},{"ancestorTitles":["Evaluator"],"fullName":"Evaluator should evaluate wildcard selectors","status":"passed","title":"should evaluate wildcard selectors","duration":0.5465000000000373,"failureMessages":[],"meta":{}},{"ancestorTitles":["Evaluator"],"fullName":"Evaluator should evaluate descendant segments","status":"passed","title":"should evaluate descendant segments","duration":0.2791670000000295,"failureMessages":[],"meta":{}},{"ancestorTitles":["Evaluator"],"fullName":"Evaluator should evaluate slices","status":"passed","title":"should evaluate slices","duration":0.18958299999997053,"failureMessages":[],"meta":{}},{"ancestorTitles":["Evaluator"],"fullName":"Evaluator should evaluate filter expressions","status":"passed","title":"should evaluate filter expressions","duration":0.6209999999999809,"failureMessages":[],"meta":{}},{"ancestorTitles":["Evaluator"],"fullName":"Evaluator should evaluate complex filter expressions","status":"passed","title":"should evaluate complex filter expressions","duration":0.3369999999999891,"failureMessages":[],"meta":{}},{"ancestorTitles":["Evaluator"],"fullName":"Evaluator should evaluate function calls in filters","status":"passed","title":"should evaluate function calls in filters","duration":0.485917000000029,"failureMessages":[],"meta":{}},{"ancestorTitles":["Evaluator"],"fullName":"Evaluator should handle negative indices and steps in slices","status":"passed","title":"should handle negative indices and steps in slices","duration":0.3574169999999981,"failureMessages":[],"meta":{}},{"ancestorTitles":["Evaluator"],"fullName":"Evaluator should return empty array on slice step=0 (RFC 9535 §2.3.4.2.2)","status":"passed","title":"should return empty array on slice step=0 (RFC 9535 §2.3.4.2.2)","duration":0.09220899999996846,"failureMessages":[],"meta":{}},{"ancestorTitles":["Evaluator"],"fullName":"Evaluator should handle RFC 9535 slice edge cases","status":"passed","title":"should handle RFC 9535 slice edge cases","duration":0.16108400000001666,"failureMessages":[],"meta":{}},{"ancestorTitles":["Evaluator"],"fullName":"Evaluator should handle various comparison operators","status":"passed","title":"should handle various comparison operators","duration":0.3149579999999901,"failureMessages":[],"meta":{}},{"ancestorTitles":["Evaluator"],"fullName":"Evaluator should handle length() and count() functions","status":"passed","title":"should handle length() and count() functions","duration":0.4031669999999963,"failureMessages":[],"meta":{}},{"ancestorTitles":["Evaluator"],"fullName":"Evaluator should return RFC 9535 compliant normalized paths","status":"passed","title":"should return RFC 9535 compliant normalized paths","duration":0.23254200000002356,"failureMessages":[],"meta":{}},{"ancestorTitles":["Evaluator","Extended Selectors"],"fullName":"Evaluator Extended Selectors should evaluate parent selector (^)","status":"passed","title":"should evaluate parent selector (^)","duration":0.14699999999999136,"failureMessages":[],"meta":{}},{"ancestorTitles":["Evaluator","Extended Selectors"],"fullName":"Evaluator Extended Selectors should evaluate property name selector (~)","status":"passed","title":"should evaluate property name selector (~)","duration":0.0755420000000413,"failureMessages":[],"meta":{}},{"ancestorTitles":["Evaluator","Extended Selectors"],"fullName":"Evaluator Extended Selectors should evaluate property name selector on array elements","status":"passed","title":"should evaluate property name selector on array elements","duration":0.08466700000002447,"failureMessages":[],"meta":{}},{"ancestorTitles":["Evaluator","Extended Selectors"],"fullName":"Evaluator Extended Selectors should evaluate parent of root as empty","status":"passed","title":"should evaluate parent of root as empty","duration":0.056667000000004464,"failureMessages":[],"meta":{}}],"startTime":1767628105353,"endTime":1767628105361.147,"status":"passed","message":"","name":"/Volumes/MacStudioExternal/Users/lmiller/Dev/lellimecnar/source/packages/jsonpath/evaluator/src/__tests__/evaluator.spec.ts"},{"assertionResults":[{"ancestorTitles":["Evaluator Options"],"fullName":"Evaluator Options should enforce maxDepth","status":"passed","title":"should enforce maxDepth","duration":1.8745830000000296,"failureMessages":[],"meta":{}},{"ancestorTitles":["Evaluator Options"],"fullName":"Evaluator Options should enforce maxResults","status":"passed","title":"should enforce maxResults","duration":0.3396250000000123,"failureMessages":[],"meta":{}},{"ancestorTitles":["Evaluator Options"],"fullName":"Evaluator Options should enforce noRecursive","status":"passed","title":"should enforce noRecursive","duration":0.15154099999995196,"failureMessages":[],"meta":{}},{"ancestorTitles":["Evaluator Options"],"fullName":"Evaluator Options should enforce noFilters","status":"passed","title":"should enforce noFilters","duration":0.4211670000000254,"failureMessages":[],"meta":{}},{"ancestorTitles":["Evaluator Options"],"fullName":"Evaluator Options should detect circular references","status":"passed","title":"should detect circular references","duration":0.19941699999998264,"failureMessages":[],"meta":{}},{"ancestorTitles":["Evaluator Options"],"fullName":"Evaluator Options should enforce timeout","status":"passed","title":"should enforce timeout","duration":0.6937919999999735,"failureMessages":[],"meta":{}}],"startTime":1767628105352,"endTime":1767628105355.6938,"status":"passed","message":"","name":"/Volumes/MacStudioExternal/Users/lmiller/Dev/lellimecnar/source/packages/jsonpath/evaluator/src/__tests__/options.spec.ts"},{"assertionResults":[{"ancestorTitles":["plugins"],"fullName":"plugins runs hooks and isolates failures","status":"passed","title":"runs hooks and isolates failures","duration":1.4543750000000273,"failureMessages":[],"meta":{}},{"ancestorTitles":["plugins"],"fullName":"plugins runs onError hook","status":"passed","title":"runs onError hook","duration":0.5502500000000055,"failureMessages":[],"meta":{}}],"startTime":1767628105351,"endTime":1767628105353.5503,"status":"passed","message":"","name":"/Volumes/MacStudioExternal/Users/lmiller/Dev/lellimecnar/source/packages/jsonpath/evaluator/src/__tests__/plugins.spec.ts"},{"assertionResults":[{"ancestorTitles":["QueryResult pointers()"],"fullName":"QueryResult pointers() returns JSONPointer objects that match the string form","status":"passed","title":"returns JSONPointer objects that match the string form","duration":1.711291000000017,"failureMessages":[],"meta":{}}],"startTime":1767628105353,"endTime":1767628105354.7112,"status":"passed","message":"","name":"/Volumes/MacStudioExternal/Users/lmiller/Dev/lellimecnar/source/packages/jsonpath/evaluator/src/__tests__/query-result.spec.ts"},{"assertionResults":[{"ancestorTitles":["Evaluator Security"],"fullName":"Evaluator Security should enforce maxDepth","status":"passed","title":"should enforce maxDepth","duration":1.7883330000000228,"failureMessages":[],"meta":{}},{"ancestorTitles":["Evaluator Security"],"fullName":"Evaluator Security should enforce maxResults","status":"passed","title":"should enforce maxResults","duration":0.4494579999999928,"failureMessages":[],"meta":{}},{"ancestorTitles":["Evaluator Security"],"fullName":"Evaluator Security should detect circular references","status":"passed","title":"should detect circular references","duration":0.33808399999998073,"failureMessages":[],"meta":{}},{"ancestorTitles":["Evaluator Security"],"fullName":"Evaluator Security should enforce timeout","status":"passed","title":"should enforce timeout","duration":0.559332999999981,"failureMessages":[],"meta":{}},{"ancestorTitles":["Evaluator Security"],"fullName":"Evaluator Security should enforce maxNodes","status":"passed","title":"should enforce maxNodes","duration":0.14229199999999764,"failureMessages":[],"meta":{}},{"ancestorTitles":["Evaluator Security"],"fullName":"Evaluator Security should enforce maxFilterDepth","status":"passed","title":"should enforce maxFilterDepth","duration":0.9060419999999567,"failureMessages":[],"meta":{}},{"ancestorTitles":["Evaluator Security"],"fullName":"Evaluator Security should enforce blockPaths","status":"passed","title":"should enforce blockPaths","duration":0.5913750000000277,"failureMessages":[],"meta":{}},{"ancestorTitles":["Evaluator Security"],"fullName":"Evaluator Security should enforce allowPaths","status":"passed","title":"should enforce allowPaths","duration":0.21479199999998855,"failureMessages":[],"meta":{}}],"startTime":1767628105352,"endTime":1767628105357.2148,"status":"passed","message":"","name":"/Volumes/MacStudioExternal/Users/lmiller/Dev/lellimecnar/source/packages/jsonpath/evaluator/src/__tests__/security.spec.ts"},{"assertionResults":[{"ancestorTitles":["Evaluator Stream"],"fullName":"Evaluator Stream should yield results incrementally","status":"passed","title":"should yield results incrementally","duration":1.9927079999999933,"failureMessages":[],"meta":{}},{"ancestorTitles":["Evaluator Stream"],"fullName":"Evaluator Stream should support early termination","status":"passed","title":"should support early termination","duration":0.1540839999999548,"failureMessages":[],"meta":{}},{"ancestorTitles":["Evaluator Stream"],"fullName":"Evaluator Stream should respect AbortSignal","status":"passed","title":"should respect AbortSignal","duration":0.3849169999999731,"failureMessages":[],"meta":{}},{"ancestorTitles":["Evaluator Stream"],"fullName":"Evaluator Stream should respect timeout","status":"passed","title":"should respect timeout","duration":0.7807080000000042,"failureMessages":[],"meta":{}}],"startTime":1767628105352,"endTime":1767628105354.7808,"status":"passed","message":"","name":"/Volumes/MacStudioExternal/Users/lmiller/Dev/lellimecnar/source/packages/jsonpath/evaluator/src/__tests__/stream.spec.ts"}]}