{"numTotalTestSuites":17,"numPassedTestSuites":17,"numFailedTestSuites":0,"numPendingTestSuites":0,"numTotalTests":745,"numPassedTests":745,"numFailedTests":0,"numPendingTests":0,"numTodoTests":0,"snapshot":{"added":0,"failure":false,"filesAdded":0,"filesRemoved":0,"filesRemovedList":[],"filesUnmatched":0,"filesUpdated":0,"matched":0,"total":0,"unchecked":0,"uncheckedKeysByFile":[],"unmatched":0,"updated":0,"didUpdate":false},"startTime":1767598647507,"success":true,"testResults":[{"assertionResults":[{"ancestorTitles":["Evaluator Streaming"],"fullName":"Evaluator Streaming should be lazy and not visit all nodes if iterator is closed early","status":"passed","title":"should be lazy and not visit all nodes if iterator is closed early","duration":1.7807499999999834,"failureMessages":[],"meta":{}},{"ancestorTitles":["Evaluator Streaming"],"fullName":"Evaluator Streaming should respect maxResults during streaming","status":"passed","title":"should respect maxResults during streaming","duration":0.8965419999999824,"failureMessages":[],"meta":{}},{"ancestorTitles":["Evaluator Streaming"],"fullName":"Evaluator Streaming should respect timeout during streaming","status":"passed","title":"should respect timeout during streaming","duration":13.415625000000006,"failureMessages":[],"meta":{}}],"startTime":1767598647727,"endTime":1767598647743.4155,"status":"passed","message":"","name":"/Volumes/MacStudioExternal/Users/lmiller/Dev/lellimecnar/source/packages/jsonpath/evaluator/src/streaming.spec.ts"},{"assertionResults":[{"ancestorTitles":["RFC 9535 Compliance Suite"],"fullName":"RFC 9535 Compliance Suite basic, root","status":"passed","title":"basic, root","duration":1.2157080000000065,"failureMessages":[],"meta":{}},{"ancestorTitles":["RFC 9535 Compliance Suite"],"fullName":"RFC 9535 Compliance Suite basic, no leading whitespace","status":"passed","title":"basic, no leading whitespace","duration":0.3997500000000116,"failureMessages":[],"meta":{}},{"ancestorTitles":["RFC 9535 Compliance Suite"],"fullName":"RFC 9535 Compliance Suite basic, no trailing whitespace","status":"passed","title":"basic, no trailing whitespace","duration":0.0906659999999988,"failureMessages":[],"meta":{}},{"ancestorTitles":["RFC 9535 Compliance Suite"],"fullName":"RFC 9535 Compliance Suite basic, name shorthand","status":"passed","title":"basic, name shorthand","duration":0.39125000000001364,"failureMessages":[],"meta":{}},{"ancestorTitles":["RFC 9535 Compliance Suite"],"fullName":"RFC 9535 Compliance Suite basic, name shorthand, extended unicode ☺","status":"passed","title":"basic, name shorthand, extended unicode ☺","duration":0.10120799999998553,"failureMessages":[],"meta":{}},{"ancestorTitles":["RFC 9535 Compliance Suite"],"fullName":"RFC 9535 Compliance Suite basic, name shorthand, underscore","status":"passed","title":"basic, name shorthand, underscore","duration":0.11579100000000153,"failureMessages":[],"meta":{}},{"ancestorTitles":["RFC 9535 Compliance Suite"],"fullName":"RFC 9535 Compliance Suite basic, name shorthand, symbol","status":"passed","title":"basic, name shorthand, symbol","duration":0.2081670000000031,"failureMessages":[],"meta":{}},{"ancestorTitles":["RFC 9535 Compliance Suite"],"fullName":"RFC 9535 Compliance Suite basic, name shorthand, number","status":"passed","title":"basic, name shorthand, number","duration":0.16474999999999795,"failureMessages":[],"meta":{}},{"ancestorTitles":["RFC 9535 Compliance Suite"],"fullName":"RFC 9535 Compliance Suite basic, name shorthand, absent data","status":"passed","title":"basic, name shorthand, absent data","duration":0.09154100000000653,"failureMessages":[],"meta":{}},{"ancestorTitles":["RFC 9535 Compliance Suite"],"fullName":"RFC 9535 Compliance Suite basic, name shorthand, array data","status":"passed","title":"basic, name shorthand, array data","duration":0.08695800000000986,"failureMessages":[],"meta":{}},{"ancestorTitles":["RFC 9535 Compliance Suite"],"fullName":"RFC 9535 Compliance Suite basic, name shorthand, object data, nested","status":"passed","title":"basic, name shorthand, object data, nested","duration":0.09149999999999636,"failureMessages":[],"meta":{}},{"ancestorTitles":["RFC 9535 Compliance Suite"],"fullName":"RFC 9535 Compliance Suite basic, wildcard shorthand, object data","status":"passed","title":"basic, wildcard shorthand, object data","duration":0.1150000000000091,"failureMessages":[],"meta":{}},{"ancestorTitles":["RFC 9535 Compliance Suite"],"fullName":"RFC 9535 Compliance Suite basic, wildcard shorthand, array data","status":"passed","title":"basic, wildcard shorthand, array data","duration":0.06524999999999181,"failureMessages":[],"meta":{}},{"ancestorTitles":["RFC 9535 Compliance Suite"],"fullName":"RFC 9535 Compliance Suite basic, wildcard selector, array data","status":"passed","title":"basic, wildcard selector, array data","duration":0.12029100000000881,"failureMessages":[],"meta":{}},{"ancestorTitles":["RFC 9535 Compliance Suite"],"fullName":"RFC 9535 Compliance Suite basic, wildcard shorthand, then name shorthand","status":"passed","title":"basic, wildcard shorthand, then name shorthand","duration":0.06270899999998392,"failureMessages":[],"meta":{}},{"ancestorTitles":["RFC 9535 Compliance Suite"],"fullName":"RFC 9535 Compliance Suite basic, multiple selectors","status":"passed","title":"basic, multiple selectors","duration":0.11549999999999727,"failureMessages":[],"meta":{}},{"ancestorTitles":["RFC 9535 Compliance Suite"],"fullName":"RFC 9535 Compliance Suite basic, multiple selectors, space instead of comma","status":"passed","title":"basic, multiple selectors, space instead of comma","duration":0.08708400000000438,"failureMessages":[],"meta":{}},{"ancestorTitles":["RFC 9535 Compliance Suite"],"fullName":"RFC 9535 Compliance Suite basic, selector, leading comma","status":"passed","title":"basic, selector, leading comma","duration":0.06954099999998675,"failureMessages":[],"meta":{}},{"ancestorTitles":["RFC 9535 Compliance Suite"],"fullName":"RFC 9535 Compliance Suite basic, selector, trailing comma","status":"passed","title":"basic, selector, trailing comma","duration":0.0534590000000037,"failureMessages":[],"meta":{}},{"ancestorTitles":["RFC 9535 Compliance Suite"],"fullName":"RFC 9535 Compliance Suite basic, multiple selectors, name and index, array data","status":"passed","title":"basic, multiple selectors, name and index, array data","duration":0.15504199999998036,"failureMessages":[],"meta":{}},{"ancestorTitles":["RFC 9535 Compliance Suite"],"fullName":"RFC 9535 Compliance Suite basic, multiple selectors, name and index, object data","status":"passed","title":"basic, multiple selectors, name and index, object data","duration":0.06287499999999113,"failureMessages":[],"meta":{}},{"ancestorTitles":["RFC 9535 Compliance Suite"],"fullName":"RFC 9535 Compliance Suite basic, multiple selectors, index and slice","status":"passed","title":"basic, multiple selectors, index and slice","duration":0.0952920000000006,"failureMessages":[],"meta":{}},{"ancestorTitles":["RFC 9535 Compliance Suite"],"fullName":"RFC 9535 Compliance Suite basic, multiple selectors, index and slice, overlapping","status":"passed","title":"basic, multiple selectors, index and slice, overlapping","duration":0.05216699999999719,"failureMessages":[],"meta":{}},{"ancestorTitles":["RFC 9535 Compliance Suite"],"fullName":"RFC 9535 Compliance Suite basic, multiple selectors, duplicate index","status":"passed","title":"basic, multiple selectors, duplicate index","duration":0.09012500000000045,"failureMessages":[],"meta":{}},{"ancestorTitles":["RFC 9535 Compliance Suite"],"fullName":"RFC 9535 Compliance Suite basic, multiple selectors, wildcard and index","status":"passed","title":"basic, multiple selectors, wildcard and index","duration":0.1052919999999915,"failureMessages":[],"meta":{}},{"ancestorTitles":["RFC 9535 Compliance Suite"],"fullName":"RFC 9535 Compliance Suite basic, multiple selectors, wildcard and name","status":"passed","title":"basic, multiple selectors, wildcard and name","duration":0.0674579999999878,"failureMessages":[],"meta":{}},{"ancestorTitles":["RFC 9535 Compliance Suite"],"fullName":"RFC 9535 Compliance Suite basic, multiple selectors, wildcard and slice","status":"passed","title":"basic, multiple selectors, wildcard and slice","duration":0.068458000000021,"failureMessages":[],"meta":{}},{"ancestorTitles":["RFC 9535 Compliance Suite"],"fullName":"RFC 9535 Compliance Suite basic, multiple selectors, multiple wildcards","status":"passed","title":"basic, multiple selectors, multiple wildcards","duration":0.041249999999990905,"failureMessages":[],"meta":{}},{"ancestorTitles":["RFC 9535 Compliance Suite"],"fullName":"RFC 9535 Compliance Suite basic, empty segment","status":"passed","title":"basic, empty segment","duration":0.06479199999998286,"failureMessages":[],"meta":{}},{"ancestorTitles":["RFC 9535 Compliance Suite"],"fullName":"RFC 9535 Compliance Suite basic, descendant segment, index","status":"passed","title":"basic, descendant segment, index","duration":0.15004200000001333,"failureMessages":[],"meta":{}},{"ancestorTitles":["RFC 9535 Compliance Suite"],"fullName":"RFC 9535 Compliance Suite basic, descendant segment, name shorthand","status":"passed","title":"basic, descendant segment, name shorthand","duration":0.06937499999997954,"failureMessages":[],"meta":{}},{"ancestorTitles":["RFC 9535 Compliance Suite"],"fullName":"RFC 9535 Compliance Suite basic, name shorthand, true","status":"passed","title":"basic, name shorthand, true","duration":0.03458299999999781,"failureMessages":[],"meta":{}},{"ancestorTitles":["RFC 9535 Compliance Suite"],"fullName":"RFC 9535 Compliance Suite basic, name shorthand, false","status":"passed","title":"basic, name shorthand, false","duration":0.029832999999996446,"failureMessages":[],"meta":{}},{"ancestorTitles":["RFC 9535 Compliance Suite"],"fullName":"RFC 9535 Compliance Suite basic, name shorthand, null","status":"passed","title":"basic, name shorthand, null","duration":0.04187500000000455,"failureMessages":[],"meta":{}},{"ancestorTitles":["RFC 9535 Compliance Suite"],"fullName":"RFC 9535 Compliance Suite basic, descendant segment, wildcard shorthand, array data","status":"passed","title":"basic, descendant segment, wildcard shorthand, array data","duration":0.039749999999997954,"failureMessages":[],"meta":{}},{"ancestorTitles":["RFC 9535 Compliance Suite"],"fullName":"RFC 9535 Compliance Suite basic, descendant segment, wildcard selector, array data","status":"passed","title":"basic, descendant segment, wildcard selector, array data","duration":0.05587499999998613,"failureMessages":[],"meta":{}},{"ancestorTitles":["RFC 9535 Compliance Suite"],"fullName":"RFC 9535 Compliance Suite basic, descendant segment, wildcard selector, nested arrays","status":"passed","title":"basic, descendant segment, wildcard selector, nested arrays","duration":0.062375000000002956,"failureMessages":[],"meta":{}},{"ancestorTitles":["RFC 9535 Compliance Suite"],"fullName":"RFC 9535 Compliance Suite basic, descendant segment, wildcard selector, nested objects","status":"passed","title":"basic, descendant segment, wildcard selector, nested objects","duration":0.06329099999999244,"failureMessages":[],"meta":{}},{"ancestorTitles":["RFC 9535 Compliance Suite"],"fullName":"RFC 9535 Compliance Suite basic, descendant segment, wildcard shorthand, object data","status":"passed","title":"basic, descendant segment, wildcard shorthand, object data","duration":0.03520800000001145,"failureMessages":[],"meta":{}},{"ancestorTitles":["RFC 9535 Compliance Suite"],"fullName":"RFC 9535 Compliance Suite basic, descendant segment, wildcard shorthand, nested data","status":"passed","title":"basic, descendant segment, wildcard shorthand, nested data","duration":0.10704200000000696,"failureMessages":[],"meta":{}},{"ancestorTitles":["RFC 9535 Compliance Suite"],"fullName":"RFC 9535 Compliance Suite basic, descendant segment, multiple selectors","status":"passed","title":"basic, descendant segment, multiple selectors","duration":0.08187499999999659,"failureMessages":[],"meta":{}},{"ancestorTitles":["RFC 9535 Compliance Suite"],"fullName":"RFC 9535 Compliance Suite basic, descendant segment, object traversal, multiple selectors","status":"passed","title":"basic, descendant segment, object traversal, multiple selectors","duration":0.061707999999981666,"failureMessages":[],"meta":{}},{"ancestorTitles":["RFC 9535 Compliance Suite"],"fullName":"RFC 9535 Compliance Suite basic, bald descendant segment","status":"passed","title":"basic, bald descendant segment","duration":0.08637500000000387,"failureMessages":[],"meta":{}},{"ancestorTitles":["RFC 9535 Compliance Suite"],"fullName":"RFC 9535 Compliance Suite basic, current node identifier without filter selector","status":"passed","title":"basic, current node identifier without filter selector","duration":0.0952920000000006,"failureMessages":[],"meta":{}},{"ancestorTitles":["RFC 9535 Compliance Suite"],"fullName":"RFC 9535 Compliance Suite basic, root node identifier in brackets without filter selector","status":"passed","title":"basic, root node identifier in brackets without filter selector","duration":0.06187500000001478,"failureMessages":[],"meta":{}},{"ancestorTitles":["RFC 9535 Compliance Suite"],"fullName":"RFC 9535 Compliance Suite filter, existence, without segments","status":"passed","title":"filter, existence, without segments","duration":0.39887499999997544,"failureMessages":[],"meta":{}},{"ancestorTitles":["RFC 9535 Compliance Suite"],"fullName":"RFC 9535 Compliance Suite filter, existence","status":"passed","title":"filter, existence","duration":0.06449999999998113,"failureMessages":[],"meta":{}},{"ancestorTitles":["RFC 9535 Compliance Suite"],"fullName":"RFC 9535 Compliance Suite filter, existence, present with null","status":"passed","title":"filter, existence, present with null","duration":0.046333000000004176,"failureMessages":[],"meta":{}},{"ancestorTitles":["RFC 9535 Compliance Suite"],"fullName":"RFC 9535 Compliance Suite filter, absolute existence, without segments","status":"passed","title":"filter, absolute existence, without segments","duration":0.05016700000001606,"failureMessages":[],"meta":{}},{"ancestorTitles":["RFC 9535 Compliance Suite"],"fullName":"RFC 9535 Compliance Suite filter, absolute existence, with segments","status":"passed","title":"filter, absolute existence, with segments","duration":0.09208300000000236,"failureMessages":[],"meta":{}},{"ancestorTitles":["RFC 9535 Compliance Suite"],"fullName":"RFC 9535 Compliance Suite filter, equals string, single quotes","status":"passed","title":"filter, equals string, single quotes","duration":0.2036250000000166,"failureMessages":[],"meta":{}},{"ancestorTitles":["RFC 9535 Compliance Suite"],"fullName":"RFC 9535 Compliance Suite filter, equals numeric string, single quotes","status":"passed","title":"filter, equals numeric string, single quotes","duration":0.07645800000000236,"failureMessages":[],"meta":{}},{"ancestorTitles":["RFC 9535 Compliance Suite"],"fullName":"RFC 9535 Compliance Suite filter, equals string, double quotes","status":"passed","title":"filter, equals string, double quotes","duration":0.14608399999997346,"failureMessages":[],"meta":{}},{"ancestorTitles":["RFC 9535 Compliance Suite"],"fullName":"RFC 9535 Compliance Suite filter, equals numeric string, double quotes","status":"passed","title":"filter, equals numeric string, double quotes","duration":0.0639579999999853,"failureMessages":[],"meta":{}},{"ancestorTitles":["RFC 9535 Compliance Suite"],"fullName":"RFC 9535 Compliance Suite filter, equals number","status":"passed","title":"filter, equals number","duration":0.05566699999999969,"failureMessages":[],"meta":{}},{"ancestorTitles":["RFC 9535 Compliance Suite"],"fullName":"RFC 9535 Compliance Suite filter, equals null","status":"passed","title":"filter, equals null","duration":0.045457999999996446,"failureMessages":[],"meta":{}},{"ancestorTitles":["RFC 9535 Compliance Suite"],"fullName":"RFC 9535 Compliance Suite filter, equals null, absent from data","status":"passed","title":"filter, equals null, absent from data","duration":0.06708400000002257,"failureMessages":[],"meta":{}},{"ancestorTitles":["RFC 9535 Compliance Suite"],"fullName":"RFC 9535 Compliance Suite filter, equals true","status":"passed","title":"filter, equals true","duration":0.04416699999998741,"failureMessages":[],"meta":{}},{"ancestorTitles":["RFC 9535 Compliance Suite"],"fullName":"RFC 9535 Compliance Suite filter, equals false","status":"passed","title":"filter, equals false","duration":0.04758300000000304,"failureMessages":[],"meta":{}},{"ancestorTitles":["RFC 9535 Compliance Suite"],"fullName":"RFC 9535 Compliance Suite filter, equals self","status":"passed","title":"filter, equals self","duration":0.05020799999999781,"failureMessages":[],"meta":{}},{"ancestorTitles":["RFC 9535 Compliance Suite"],"fullName":"RFC 9535 Compliance Suite filter, absolute, equals self","status":"passed","title":"filter, absolute, equals self","duration":0.04529200000001765,"failureMessages":[],"meta":{}},{"ancestorTitles":["RFC 9535 Compliance Suite"],"fullName":"RFC 9535 Compliance Suite filter, equals, absent from index selector equals absent from name selector","status":"passed","title":"filter, equals, absent from index selector equals absent from name selector","duration":0.05354200000002152,"failureMessages":[],"meta":{}},{"ancestorTitles":["RFC 9535 Compliance Suite"],"fullName":"RFC 9535 Compliance Suite filter, deep equality, arrays","status":"passed","title":"filter, deep equality, arrays","duration":0.07379199999999742,"failureMessages":[],"meta":{}},{"ancestorTitles":["RFC 9535 Compliance Suite"],"fullName":"RFC 9535 Compliance Suite filter, deep equality, objects","status":"passed","title":"filter, deep equality, objects","duration":0.10704099999998107,"failureMessages":[],"meta":{}},{"ancestorTitles":["RFC 9535 Compliance Suite"],"fullName":"RFC 9535 Compliance Suite filter, not-equals string, single quotes","status":"passed","title":"filter, not-equals string, single quotes","duration":0.04558300000002191,"failureMessages":[],"meta":{}},{"ancestorTitles":["RFC 9535 Compliance Suite"],"fullName":"RFC 9535 Compliance Suite filter, not-equals numeric string, single quotes","status":"passed","title":"filter, not-equals numeric string, single quotes","duration":0.03816699999998718,"failureMessages":[],"meta":{}},{"ancestorTitles":["RFC 9535 Compliance Suite"],"fullName":"RFC 9535 Compliance Suite filter, not-equals string, single quotes, different type","status":"passed","title":"filter, not-equals string, single quotes, different type","duration":0.03691699999998832,"failureMessages":[],"meta":{}},{"ancestorTitles":["RFC 9535 Compliance Suite"],"fullName":"RFC 9535 Compliance Suite filter, not-equals string, double quotes","status":"passed","title":"filter, not-equals string, double quotes","duration":0.03683399999999892,"failureMessages":[],"meta":{}},{"ancestorTitles":["RFC 9535 Compliance Suite"],"fullName":"RFC 9535 Compliance Suite filter, not-equals numeric string, double quotes","status":"passed","title":"filter, not-equals numeric string, double quotes","duration":0.037292000000007874,"failureMessages":[],"meta":{}},{"ancestorTitles":["RFC 9535 Compliance Suite"],"fullName":"RFC 9535 Compliance Suite filter, not-equals string, double quotes, different types","status":"passed","title":"filter, not-equals string, double quotes, different types","duration":0.0448329999999828,"failureMessages":[],"meta":{}},{"ancestorTitles":["RFC 9535 Compliance Suite"],"fullName":"RFC 9535 Compliance Suite filter, not-equals number","status":"passed","title":"filter, not-equals number","duration":0.04233299999998508,"failureMessages":[],"meta":{}},{"ancestorTitles":["RFC 9535 Compliance Suite"],"fullName":"RFC 9535 Compliance Suite filter, not-equals number, different types","status":"passed","title":"filter, not-equals number, different types","duration":0.045707999999990534,"failureMessages":[],"meta":{}},{"ancestorTitles":["RFC 9535 Compliance Suite"],"fullName":"RFC 9535 Compliance Suite filter, not-equals null","status":"passed","title":"filter, not-equals null","duration":0.03829199999998423,"failureMessages":[],"meta":{}},{"ancestorTitles":["RFC 9535 Compliance Suite"],"fullName":"RFC 9535 Compliance Suite filter, not-equals null, absent from data","status":"passed","title":"filter, not-equals null, absent from data","duration":0.04049999999998022,"failureMessages":[],"meta":{}},{"ancestorTitles":["RFC 9535 Compliance Suite"],"fullName":"RFC 9535 Compliance Suite filter, not-equals true","status":"passed","title":"filter, not-equals true","duration":0.037459000000012566,"failureMessages":[],"meta":{}},{"ancestorTitles":["RFC 9535 Compliance Suite"],"fullName":"RFC 9535 Compliance Suite filter, not-equals false","status":"passed","title":"filter, not-equals false","duration":0.0362920000000031,"failureMessages":[],"meta":{}},{"ancestorTitles":["RFC 9535 Compliance Suite"],"fullName":"RFC 9535 Compliance Suite filter, less than string, single quotes","status":"passed","title":"filter, less than string, single quotes","duration":0.04170899999999733,"failureMessages":[],"meta":{}},{"ancestorTitles":["RFC 9535 Compliance Suite"],"fullName":"RFC 9535 Compliance Suite filter, less than string, double quotes","status":"passed","title":"filter, less than string, double quotes","duration":0.06033299999998576,"failureMessages":[],"meta":{}},{"ancestorTitles":["RFC 9535 Compliance Suite"],"fullName":"RFC 9535 Compliance Suite filter, less than number","status":"passed","title":"filter, less than number","duration":0.06866600000000744,"failureMessages":[],"meta":{}},{"ancestorTitles":["RFC 9535 Compliance Suite"],"fullName":"RFC 9535 Compliance Suite filter, less than null","status":"passed","title":"filter, less than null","duration":0.03487500000002797,"failureMessages":[],"meta":{}},{"ancestorTitles":["RFC 9535 Compliance Suite"],"fullName":"RFC 9535 Compliance Suite filter, less than true","status":"passed","title":"filter, less than true","duration":0.034041000000001986,"failureMessages":[],"meta":{}},{"ancestorTitles":["RFC 9535 Compliance Suite"],"fullName":"RFC 9535 Compliance Suite filter, less than false","status":"passed","title":"filter, less than false","duration":0.034874999999999545,"failureMessages":[],"meta":{}},{"ancestorTitles":["RFC 9535 Compliance Suite"],"fullName":"RFC 9535 Compliance Suite filter, less than or equal to string, single quotes","status":"passed","title":"filter, less than or equal to string, single quotes","duration":0.05308300000001509,"failureMessages":[],"meta":{}},{"ancestorTitles":["RFC 9535 Compliance Suite"],"fullName":"RFC 9535 Compliance Suite filter, less than or equal to string, double quotes","status":"passed","title":"filter, less than or equal to string, double quotes","duration":0.05616700000001629,"failureMessages":[],"meta":{}},{"ancestorTitles":["RFC 9535 Compliance Suite"],"fullName":"RFC 9535 Compliance Suite filter, less than or equal to number","status":"passed","title":"filter, less than or equal to number","duration":0.06283399999998096,"failureMessages":[],"meta":{}},{"ancestorTitles":["RFC 9535 Compliance Suite"],"fullName":"RFC 9535 Compliance Suite filter, less than or equal to null","status":"passed","title":"filter, less than or equal to null","duration":0.05912499999999454,"failureMessages":[],"meta":{}},{"ancestorTitles":["RFC 9535 Compliance Suite"],"fullName":"RFC 9535 Compliance Suite filter, less than or equal to true","status":"passed","title":"filter, less than or equal to true","duration":0.04654099999999062,"failureMessages":[],"meta":{}},{"ancestorTitles":["RFC 9535 Compliance Suite"],"fullName":"RFC 9535 Compliance Suite filter, less than or equal to false","status":"passed","title":"filter, less than or equal to false","duration":0.0418340000000228,"failureMessages":[],"meta":{}},{"ancestorTitles":["RFC 9535 Compliance Suite"],"fullName":"RFC 9535 Compliance Suite filter, greater than string, single quotes","status":"passed","title":"filter, greater than string, single quotes","duration":0.06504200000000537,"failureMessages":[],"meta":{}},{"ancestorTitles":["RFC 9535 Compliance Suite"],"fullName":"RFC 9535 Compliance Suite filter, greater than string, double quotes","status":"passed","title":"filter, greater than string, double quotes","duration":0.04824999999999591,"failureMessages":[],"meta":{}},{"ancestorTitles":["RFC 9535 Compliance Suite"],"fullName":"RFC 9535 Compliance Suite filter, greater than number","status":"passed","title":"filter, greater than number","duration":0.061499999999995225,"failureMessages":[],"meta":{}},{"ancestorTitles":["RFC 9535 Compliance Suite"],"fullName":"RFC 9535 Compliance Suite filter, greater than null","status":"passed","title":"filter, greater than null","duration":0.046749999999974534,"failureMessages":[],"meta":{}},{"ancestorTitles":["RFC 9535 Compliance Suite"],"fullName":"RFC 9535 Compliance Suite filter, greater than true","status":"passed","title":"filter, greater than true","duration":0.07262499999998795,"failureMessages":[],"meta":{}},{"ancestorTitles":["RFC 9535 Compliance Suite"],"fullName":"RFC 9535 Compliance Suite filter, greater than false","status":"passed","title":"filter, greater than false","duration":0.09966700000001083,"failureMessages":[],"meta":{}},{"ancestorTitles":["RFC 9535 Compliance Suite"],"fullName":"RFC 9535 Compliance Suite filter, greater than or equal to string, single quotes","status":"passed","title":"filter, greater than or equal to string, single quotes","duration":0.0891250000000241,"failureMessages":[],"meta":{}},{"ancestorTitles":["RFC 9535 Compliance Suite"],"fullName":"RFC 9535 Compliance Suite filter, greater than or equal to string, double quotes","status":"passed","title":"filter, greater than or equal to string, double quotes","duration":0.06429199999999469,"failureMessages":[],"meta":{}},{"ancestorTitles":["RFC 9535 Compliance Suite"],"fullName":"RFC 9535 Compliance Suite filter, greater than or equal to number","status":"passed","title":"filter, greater than or equal to number","duration":0.06391700000000355,"failureMessages":[],"meta":{}},{"ancestorTitles":["RFC 9535 Compliance Suite"],"fullName":"RFC 9535 Compliance Suite filter, greater than or equal to null","status":"passed","title":"filter, greater than or equal to null","duration":0.04204200000000924,"failureMessages":[],"meta":{}},{"ancestorTitles":["RFC 9535 Compliance Suite"],"fullName":"RFC 9535 Compliance Suite filter, greater than or equal to true","status":"passed","title":"filter, greater than or equal to true","duration":0.04529199999998923,"failureMessages":[],"meta":{}},{"ancestorTitles":["RFC 9535 Compliance Suite"],"fullName":"RFC 9535 Compliance Suite filter, greater than or equal to false","status":"passed","title":"filter, greater than or equal to false","duration":0.054541000000000395,"failureMessages":[],"meta":{}},{"ancestorTitles":["RFC 9535 Compliance Suite"],"fullName":"RFC 9535 Compliance Suite filter, exists and not-equals null, absent from data","status":"passed","title":"filter, exists and not-equals null, absent from data","duration":0.05429200000000378,"failureMessages":[],"meta":{}},{"ancestorTitles":["RFC 9535 Compliance Suite"],"fullName":"RFC 9535 Compliance Suite filter, exists and exists, data false","status":"passed","title":"filter, exists and exists, data false","duration":0.05412499999999909,"failureMessages":[],"meta":{}},{"ancestorTitles":["RFC 9535 Compliance Suite"],"fullName":"RFC 9535 Compliance Suite filter, exists or exists, data false","status":"passed","title":"filter, exists or exists, data false","duration":0.055416000000008125,"failureMessages":[],"meta":{}},{"ancestorTitles":["RFC 9535 Compliance Suite"],"fullName":"RFC 9535 Compliance Suite filter, and","status":"passed","title":"filter, and","duration":0.06008299999999167,"failureMessages":[],"meta":{}},{"ancestorTitles":["RFC 9535 Compliance Suite"],"fullName":"RFC 9535 Compliance Suite filter, or","status":"passed","title":"filter, or","duration":0.07441700000001106,"failureMessages":[],"meta":{}},{"ancestorTitles":["RFC 9535 Compliance Suite"],"fullName":"RFC 9535 Compliance Suite filter, not expression","status":"passed","title":"filter, not expression","duration":0.06141600000000835,"failureMessages":[],"meta":{}},{"ancestorTitles":["RFC 9535 Compliance Suite"],"fullName":"RFC 9535 Compliance Suite filter, not exists","status":"passed","title":"filter, not exists","duration":0.04383300000000645,"failureMessages":[],"meta":{}},{"ancestorTitles":["RFC 9535 Compliance Suite"],"fullName":"RFC 9535 Compliance Suite filter, not exists, data null","status":"passed","title":"filter, not exists, data null","duration":0.03858300000001691,"failureMessages":[],"meta":{}},{"ancestorTitles":["RFC 9535 Compliance Suite"],"fullName":"RFC 9535 Compliance Suite filter, non-singular existence, wildcard","status":"passed","title":"filter, non-singular existence, wildcard","duration":0.05437499999999318,"failureMessages":[],"meta":{}},{"ancestorTitles":["RFC 9535 Compliance Suite"],"fullName":"RFC 9535 Compliance Suite filter, non-singular existence, multiple","status":"passed","title":"filter, non-singular existence, multiple","duration":0.0746249999999975,"failureMessages":[],"meta":{}},{"ancestorTitles":["RFC 9535 Compliance Suite"],"fullName":"RFC 9535 Compliance Suite filter, non-singular existence, slice","status":"passed","title":"filter, non-singular existence, slice","duration":0.05854199999998855,"failureMessages":[],"meta":{}},{"ancestorTitles":["RFC 9535 Compliance Suite"],"fullName":"RFC 9535 Compliance Suite filter, non-singular existence, negated","status":"passed","title":"filter, non-singular existence, negated","duration":0.04858399999997687,"failureMessages":[],"meta":{}},{"ancestorTitles":["RFC 9535 Compliance Suite"],"fullName":"RFC 9535 Compliance Suite filter, non-singular query in comparison, slice","status":"passed","title":"filter, non-singular query in comparison, slice","duration":0.09466599999998948,"failureMessages":[],"meta":{}},{"ancestorTitles":["RFC 9535 Compliance Suite"],"fullName":"RFC 9535 Compliance Suite filter, non-singular query in comparison, all children","status":"passed","title":"filter, non-singular query in comparison, all children","duration":0.09295800000001009,"failureMessages":[],"meta":{}},{"ancestorTitles":["RFC 9535 Compliance Suite"],"fullName":"RFC 9535 Compliance Suite filter, non-singular query in comparison, descendants","status":"passed","title":"filter, non-singular query in comparison, descendants","duration":0.06266700000000469,"failureMessages":[],"meta":{}},{"ancestorTitles":["RFC 9535 Compliance Suite"],"fullName":"RFC 9535 Compliance Suite filter, non-singular query in comparison, combined","status":"passed","title":"filter, non-singular query in comparison, combined","duration":0.07516599999999585,"failureMessages":[],"meta":{}},{"ancestorTitles":["RFC 9535 Compliance Suite"],"fullName":"RFC 9535 Compliance Suite filter, nested","status":"passed","title":"filter, nested","duration":0.1022079999999903,"failureMessages":[],"meta":{}},{"ancestorTitles":["RFC 9535 Compliance Suite"],"fullName":"RFC 9535 Compliance Suite filter, name segment on primitive, selects nothing","status":"passed","title":"filter, name segment on primitive, selects nothing","duration":0.054249999999996135,"failureMessages":[],"meta":{}},{"ancestorTitles":["RFC 9535 Compliance Suite"],"fullName":"RFC 9535 Compliance Suite filter, name segment on array, selects nothing","status":"passed","title":"filter, name segment on array, selects nothing","duration":0.03816599999998971,"failureMessages":[],"meta":{}},{"ancestorTitles":["RFC 9535 Compliance Suite"],"fullName":"RFC 9535 Compliance Suite filter, index segment on object, selects nothing","status":"passed","title":"filter, index segment on object, selects nothing","duration":0.036417000000000144,"failureMessages":[],"meta":{}},{"ancestorTitles":["RFC 9535 Compliance Suite"],"fullName":"RFC 9535 Compliance Suite filter, followed by name selector","status":"passed","title":"filter, followed by name selector","duration":0.03904099999999744,"failureMessages":[],"meta":{}},{"ancestorTitles":["RFC 9535 Compliance Suite"],"fullName":"RFC 9535 Compliance Suite filter, followed by child segment that selects multiple elements","status":"passed","title":"filter, followed by child segment that selects multiple elements","duration":0.039791000000008125,"failureMessages":[],"meta":{}},{"ancestorTitles":["RFC 9535 Compliance Suite"],"fullName":"RFC 9535 Compliance Suite filter, relative non-singular query, index, equal","status":"passed","title":"filter, relative non-singular query, index, equal","duration":0.08508399999999483,"failureMessages":[],"meta":{}},{"ancestorTitles":["RFC 9535 Compliance Suite"],"fullName":"RFC 9535 Compliance Suite filter, relative non-singular query, index, not equal","status":"passed","title":"filter, relative non-singular query, index, not equal","duration":0.05987500000000523,"failureMessages":[],"meta":{}},{"ancestorTitles":["RFC 9535 Compliance Suite"],"fullName":"RFC 9535 Compliance Suite filter, relative non-singular query, index, less-or-equal","status":"passed","title":"filter, relative non-singular query, index, less-or-equal","duration":0.05533299999999031,"failureMessages":[],"meta":{}},{"ancestorTitles":["RFC 9535 Compliance Suite"],"fullName":"RFC 9535 Compliance Suite filter, relative non-singular query, name, equal","status":"passed","title":"filter, relative non-singular query, name, equal","duration":0.05579199999999673,"failureMessages":[],"meta":{}},{"ancestorTitles":["RFC 9535 Compliance Suite"],"fullName":"RFC 9535 Compliance Suite filter, relative non-singular query, name, not equal","status":"passed","title":"filter, relative non-singular query, name, not equal","duration":0.05858299999999872,"failureMessages":[],"meta":{}},{"ancestorTitles":["RFC 9535 Compliance Suite"],"fullName":"RFC 9535 Compliance Suite filter, relative non-singular query, name, less-or-equal","status":"passed","title":"filter, relative non-singular query, name, less-or-equal","duration":0.07341700000000628,"failureMessages":[],"meta":{}},{"ancestorTitles":["RFC 9535 Compliance Suite"],"fullName":"RFC 9535 Compliance Suite filter, relative non-singular query, combined, equal","status":"passed","title":"filter, relative non-singular query, combined, equal","duration":0.05945799999997803,"failureMessages":[],"meta":{}},{"ancestorTitles":["RFC 9535 Compliance Suite"],"fullName":"RFC 9535 Compliance Suite filter, relative non-singular query, combined, not equal","status":"passed","title":"filter, relative non-singular query, combined, not equal","duration":0.06304200000002425,"failureMessages":[],"meta":{}},{"ancestorTitles":["RFC 9535 Compliance Suite"],"fullName":"RFC 9535 Compliance Suite filter, relative non-singular query, combined, less-or-equal","status":"passed","title":"filter, relative non-singular query, combined, less-or-equal","duration":0.050583000000017364,"failureMessages":[],"meta":{}},{"ancestorTitles":["RFC 9535 Compliance Suite"],"fullName":"RFC 9535 Compliance Suite filter, relative non-singular query, wildcard, equal","status":"passed","title":"filter, relative non-singular query, wildcard, equal","duration":0.04804100000001199,"failureMessages":[],"meta":{}},{"ancestorTitles":["RFC 9535 Compliance Suite"],"fullName":"RFC 9535 Compliance Suite filter, relative non-singular query, wildcard, not equal","status":"passed","title":"filter, relative non-singular query, wildcard, not equal","duration":0.05666600000000699,"failureMessages":[],"meta":{}},{"ancestorTitles":["RFC 9535 Compliance Suite"],"fullName":"RFC 9535 Compliance Suite filter, relative non-singular query, wildcard, less-or-equal","status":"passed","title":"filter, relative non-singular query, wildcard, less-or-equal","duration":0.04683299999999235,"failureMessages":[],"meta":{}},{"ancestorTitles":["RFC 9535 Compliance Suite"],"fullName":"RFC 9535 Compliance Suite filter, relative non-singular query, slice, equal","status":"passed","title":"filter, relative non-singular query, slice, equal","duration":0.07270800000000577,"failureMessages":[],"meta":{}},{"ancestorTitles":["RFC 9535 Compliance Suite"],"fullName":"RFC 9535 Compliance Suite filter, relative non-singular query, slice, not equal","status":"passed","title":"filter, relative non-singular query, slice, not equal","duration":0.05099999999998772,"failureMessages":[],"meta":{}},{"ancestorTitles":["RFC 9535 Compliance Suite"],"fullName":"RFC 9535 Compliance Suite filter, relative non-singular query, slice, less-or-equal","status":"passed","title":"filter, relative non-singular query, slice, less-or-equal","duration":0.047291000000001304,"failureMessages":[],"meta":{}},{"ancestorTitles":["RFC 9535 Compliance Suite"],"fullName":"RFC 9535 Compliance Suite filter, absolute non-singular query, index, equal","status":"passed","title":"filter, absolute non-singular query, index, equal","duration":0.051000000000016144,"failureMessages":[],"meta":{}},{"ancestorTitles":["RFC 9535 Compliance Suite"],"fullName":"RFC 9535 Compliance Suite filter, absolute non-singular query, index, not equal","status":"passed","title":"filter, absolute non-singular query, index, not equal","duration":0.05004099999999312,"failureMessages":[],"meta":{}},{"ancestorTitles":["RFC 9535 Compliance Suite"],"fullName":"RFC 9535 Compliance Suite filter, absolute non-singular query, index, less-or-equal","status":"passed","title":"filter, absolute non-singular query, index, less-or-equal","duration":0.052666999999985364,"failureMessages":[],"meta":{}},{"ancestorTitles":["RFC 9535 Compliance Suite"],"fullName":"RFC 9535 Compliance Suite filter, absolute non-singular query, name, equal","status":"passed","title":"filter, absolute non-singular query, name, equal","duration":0.04845800000001077,"failureMessages":[],"meta":{}},{"ancestorTitles":["RFC 9535 Compliance Suite"],"fullName":"RFC 9535 Compliance Suite filter, absolute non-singular query, name, not equal","status":"passed","title":"filter, absolute non-singular query, name, not equal","duration":0.04449999999999932,"failureMessages":[],"meta":{}},{"ancestorTitles":["RFC 9535 Compliance Suite"],"fullName":"RFC 9535 Compliance Suite filter, absolute non-singular query, name, less-or-equal","status":"passed","title":"filter, absolute non-singular query, name, less-or-equal","duration":0.05108299999997712,"failureMessages":[],"meta":{}},{"ancestorTitles":["RFC 9535 Compliance Suite"],"fullName":"RFC 9535 Compliance Suite filter, absolute non-singular query, combined, equal","status":"passed","title":"filter, absolute non-singular query, combined, equal","duration":0.046666000000016084,"failureMessages":[],"meta":{}},{"ancestorTitles":["RFC 9535 Compliance Suite"],"fullName":"RFC 9535 Compliance Suite filter, absolute non-singular query, combined, not equal","status":"passed","title":"filter, absolute non-singular query, combined, not equal","duration":0.05108300000000554,"failureMessages":[],"meta":{}},{"ancestorTitles":["RFC 9535 Compliance Suite"],"fullName":"RFC 9535 Compliance Suite filter, absolute non-singular query, combined, less-or-equal","status":"passed","title":"filter, absolute non-singular query, combined, less-or-equal","duration":0.04420799999999758,"failureMessages":[],"meta":{}},{"ancestorTitles":["RFC 9535 Compliance Suite"],"fullName":"RFC 9535 Compliance Suite filter, absolute non-singular query, wildcard, equal","status":"passed","title":"filter, absolute non-singular query, wildcard, equal","duration":0.05041599999998425,"failureMessages":[],"meta":{}},{"ancestorTitles":["RFC 9535 Compliance Suite"],"fullName":"RFC 9535 Compliance Suite filter, absolute non-singular query, wildcard, not equal","status":"passed","title":"filter, absolute non-singular query, wildcard, not equal","duration":0.048166000000009035,"failureMessages":[],"meta":{}},{"ancestorTitles":["RFC 9535 Compliance Suite"],"fullName":"RFC 9535 Compliance Suite filter, absolute non-singular query, wildcard, less-or-equal","status":"passed","title":"filter, absolute non-singular query, wildcard, less-or-equal","duration":0.04641699999999105,"failureMessages":[],"meta":{}},{"ancestorTitles":["RFC 9535 Compliance Suite"],"fullName":"RFC 9535 Compliance Suite filter, absolute non-singular query, slice, equal","status":"passed","title":"filter, absolute non-singular query, slice, equal","duration":0.05670900000001211,"failureMessages":[],"meta":{}},{"ancestorTitles":["RFC 9535 Compliance Suite"],"fullName":"RFC 9535 Compliance Suite filter, absolute non-singular query, slice, not equal","status":"passed","title":"filter, absolute non-singular query, slice, not equal","duration":0.06137499999999818,"failureMessages":[],"meta":{}},{"ancestorTitles":["RFC 9535 Compliance Suite"],"fullName":"RFC 9535 Compliance Suite filter, absolute non-singular query, slice, less-or-equal","status":"passed","title":"filter, absolute non-singular query, slice, less-or-equal","duration":0.04662500000000591,"failureMessages":[],"meta":{}},{"ancestorTitles":["RFC 9535 Compliance Suite"],"fullName":"RFC 9535 Compliance Suite filter, multiple selectors","status":"passed","title":"filter, multiple selectors","duration":0.047791999999986956,"failureMessages":[],"meta":{}},{"ancestorTitles":["RFC 9535 Compliance Suite"],"fullName":"RFC 9535 Compliance Suite filter, multiple selectors, comparison","status":"passed","title":"filter, multiple selectors, comparison","duration":0.05179099999998016,"failureMessages":[],"meta":{}},{"ancestorTitles":["RFC 9535 Compliance Suite"],"fullName":"RFC 9535 Compliance Suite filter, multiple selectors, overlapping","status":"passed","title":"filter, multiple selectors, overlapping","duration":0.04758300000000304,"failureMessages":[],"meta":{}},{"ancestorTitles":["RFC 9535 Compliance Suite"],"fullName":"RFC 9535 Compliance Suite filter, multiple selectors, filter and index","status":"passed","title":"filter, multiple selectors, filter and index","duration":0.03650000000001796,"failureMessages":[],"meta":{}},{"ancestorTitles":["RFC 9535 Compliance Suite"],"fullName":"RFC 9535 Compliance Suite filter, multiple selectors, filter and wildcard","status":"passed","title":"filter, multiple selectors, filter and wildcard","duration":0.041540999999995165,"failureMessages":[],"meta":{}},{"ancestorTitles":["RFC 9535 Compliance Suite"],"fullName":"RFC 9535 Compliance Suite filter, multiple selectors, filter and slice","status":"passed","title":"filter, multiple selectors, filter and slice","duration":0.05170799999999076,"failureMessages":[],"meta":{}},{"ancestorTitles":["RFC 9535 Compliance Suite"],"fullName":"RFC 9535 Compliance Suite filter, multiple selectors, comparison filter, index and slice","status":"passed","title":"filter, multiple selectors, comparison filter, index and slice","duration":0.05649999999999977,"failureMessages":[],"meta":{}},{"ancestorTitles":["RFC 9535 Compliance Suite"],"fullName":"RFC 9535 Compliance Suite filter, equals number, zero and negative zero","status":"passed","title":"filter, equals number, zero and negative zero","duration":0.04920899999999051,"failureMessages":[],"meta":{}},{"ancestorTitles":["RFC 9535 Compliance Suite"],"fullName":"RFC 9535 Compliance Suite filter, equals number, negative zero and zero","status":"passed","title":"filter, equals number, negative zero and zero","duration":0.04912500000000364,"failureMessages":[],"meta":{}},{"ancestorTitles":["RFC 9535 Compliance Suite"],"fullName":"RFC 9535 Compliance Suite filter, equals number, with and without decimal fraction","status":"passed","title":"filter, equals number, with and without decimal fraction","duration":0.055666000000002214,"failureMessages":[],"meta":{}},{"ancestorTitles":["RFC 9535 Compliance Suite"],"fullName":"RFC 9535 Compliance Suite filter, equals number, exponent","status":"passed","title":"filter, equals number, exponent","duration":0.04991699999999355,"failureMessages":[],"meta":{}},{"ancestorTitles":["RFC 9535 Compliance Suite"],"fullName":"RFC 9535 Compliance Suite filter, equals number, exponent upper e","status":"passed","title":"filter, equals number, exponent upper e","duration":0.041333000000008724,"failureMessages":[],"meta":{}},{"ancestorTitles":["RFC 9535 Compliance Suite"],"fullName":"RFC 9535 Compliance Suite filter, equals number, positive exponent","status":"passed","title":"filter, equals number, positive exponent","duration":0.04662500000000591,"failureMessages":[],"meta":{}},{"ancestorTitles":["RFC 9535 Compliance Suite"],"fullName":"RFC 9535 Compliance Suite filter, equals number, negative exponent","status":"passed","title":"filter, equals number, negative exponent","duration":0.047624999999982265,"failureMessages":[],"meta":{}},{"ancestorTitles":["RFC 9535 Compliance Suite"],"fullName":"RFC 9535 Compliance Suite filter, equals number, exponent 0","status":"passed","title":"filter, equals number, exponent 0","duration":0.04183300000002532,"failureMessages":[],"meta":{}},{"ancestorTitles":["RFC 9535 Compliance Suite"],"fullName":"RFC 9535 Compliance Suite filter, equals number, exponent -0","status":"passed","title":"filter, equals number, exponent -0","duration":0.058000000000021146,"failureMessages":[],"meta":{}},{"ancestorTitles":["RFC 9535 Compliance Suite"],"fullName":"RFC 9535 Compliance Suite filter, equals number, exponent +0","status":"passed","title":"filter, equals number, exponent +0","duration":0.04354200000000219,"failureMessages":[],"meta":{}},{"ancestorTitles":["RFC 9535 Compliance Suite"],"fullName":"RFC 9535 Compliance Suite filter, equals number, exponent leading -0","status":"passed","title":"filter, equals number, exponent leading -0","duration":0.04216699999997786,"failureMessages":[],"meta":{}},{"ancestorTitles":["RFC 9535 Compliance Suite"],"fullName":"RFC 9535 Compliance Suite filter, equals number, exponent +00","status":"passed","title":"filter, equals number, exponent +00","duration":0.043082999999995764,"failureMessages":[],"meta":{}},{"ancestorTitles":["RFC 9535 Compliance Suite"],"fullName":"RFC 9535 Compliance Suite filter, equals number, decimal fraction","status":"passed","title":"filter, equals number, decimal fraction","duration":0.041707999999999856,"failureMessages":[],"meta":{}},{"ancestorTitles":["RFC 9535 Compliance Suite"],"fullName":"RFC 9535 Compliance Suite filter, equals number, decimal fraction, trailing 0","status":"passed","title":"filter, equals number, decimal fraction, trailing 0","duration":0.0489170000000172,"failureMessages":[],"meta":{}},{"ancestorTitles":["RFC 9535 Compliance Suite"],"fullName":"RFC 9535 Compliance Suite filter, equals number, decimal fraction, exponent","status":"passed","title":"filter, equals number, decimal fraction, exponent","duration":0.04029199999999378,"failureMessages":[],"meta":{}},{"ancestorTitles":["RFC 9535 Compliance Suite"],"fullName":"RFC 9535 Compliance Suite filter, equals number, decimal fraction, positive exponent","status":"passed","title":"filter, equals number, decimal fraction, positive exponent","duration":0.0519170000000031,"failureMessages":[],"meta":{}},{"ancestorTitles":["RFC 9535 Compliance Suite"],"fullName":"RFC 9535 Compliance Suite filter, equals number, decimal fraction, negative exponent","status":"passed","title":"filter, equals number, decimal fraction, negative exponent","duration":0.1038329999999803,"failureMessages":[],"meta":{}},{"ancestorTitles":["RFC 9535 Compliance Suite"],"fullName":"RFC 9535 Compliance Suite filter, equals number, invalid plus","status":"passed","title":"filter, equals number, invalid plus","duration":0.06554199999999355,"failureMessages":[],"meta":{}},{"ancestorTitles":["RFC 9535 Compliance Suite"],"fullName":"RFC 9535 Compliance Suite filter, equals number, invalid minus space","status":"passed","title":"filter, equals number, invalid minus space","duration":0.04458300000001714,"failureMessages":[],"meta":{}},{"ancestorTitles":["RFC 9535 Compliance Suite"],"fullName":"RFC 9535 Compliance Suite filter, equals number, invalid double minus","status":"passed","title":"filter, equals number, invalid double minus","duration":0.04054099999999039,"failureMessages":[],"meta":{}},{"ancestorTitles":["RFC 9535 Compliance Suite"],"fullName":"RFC 9535 Compliance Suite filter, equals number, invalid no int digit","status":"passed","title":"filter, equals number, invalid no int digit","duration":0.043500000000022965,"failureMessages":[],"meta":{}},{"ancestorTitles":["RFC 9535 Compliance Suite"],"fullName":"RFC 9535 Compliance Suite filter, equals number, invalid minus no int digit","status":"passed","title":"filter, equals number, invalid minus no int digit","duration":0.039333000000027596,"failureMessages":[],"meta":{}},{"ancestorTitles":["RFC 9535 Compliance Suite"],"fullName":"RFC 9535 Compliance Suite filter, equals number, invalid 00","status":"passed","title":"filter, equals number, invalid 00","duration":0.044375000000002274,"failureMessages":[],"meta":{}},{"ancestorTitles":["RFC 9535 Compliance Suite"],"fullName":"RFC 9535 Compliance Suite filter, equals number, invalid leading 0","status":"passed","title":"filter, equals number, invalid leading 0","duration":0.042625000000015234,"failureMessages":[],"meta":{}},{"ancestorTitles":["RFC 9535 Compliance Suite"],"fullName":"RFC 9535 Compliance Suite filter, equals number, invalid no fractional digit","status":"passed","title":"filter, equals number, invalid no fractional digit","duration":0.04220799999998803,"failureMessages":[],"meta":{}},{"ancestorTitles":["RFC 9535 Compliance Suite"],"fullName":"RFC 9535 Compliance Suite filter, equals number, invalid middle minus","status":"passed","title":"filter, equals number, invalid middle minus","duration":0.04404099999999289,"failureMessages":[],"meta":{}},{"ancestorTitles":["RFC 9535 Compliance Suite"],"fullName":"RFC 9535 Compliance Suite filter, equals number, invalid no fractional digit e","status":"passed","title":"filter, equals number, invalid no fractional digit e","duration":0.04070799999999508,"failureMessages":[],"meta":{}},{"ancestorTitles":["RFC 9535 Compliance Suite"],"fullName":"RFC 9535 Compliance Suite filter, equals number, invalid no e digit","status":"passed","title":"filter, equals number, invalid no e digit","duration":0.04083400000001802,"failureMessages":[],"meta":{}},{"ancestorTitles":["RFC 9535 Compliance Suite"],"fullName":"RFC 9535 Compliance Suite filter, equals number, invalid no e digit minus","status":"passed","title":"filter, equals number, invalid no e digit minus","duration":0.04520800000000236,"failureMessages":[],"meta":{}},{"ancestorTitles":["RFC 9535 Compliance Suite"],"fullName":"RFC 9535 Compliance Suite filter, equals number, invalid double e","status":"passed","title":"filter, equals number, invalid double e","duration":0.052333000000004404,"failureMessages":[],"meta":{}},{"ancestorTitles":["RFC 9535 Compliance Suite"],"fullName":"RFC 9535 Compliance Suite filter, equals number, invalid e digit double minus","status":"passed","title":"filter, equals number, invalid e digit double minus","duration":0.04608300000001009,"failureMessages":[],"meta":{}},{"ancestorTitles":["RFC 9535 Compliance Suite"],"fullName":"RFC 9535 Compliance Suite filter, equals number, invalid e digit plus minus","status":"passed","title":"filter, equals number, invalid e digit plus minus","duration":0.039957999999984395,"failureMessages":[],"meta":{}},{"ancestorTitles":["RFC 9535 Compliance Suite"],"fullName":"RFC 9535 Compliance Suite filter, equals number, invalid e decimal","status":"passed","title":"filter, equals number, invalid e decimal","duration":0.04741599999999835,"failureMessages":[],"meta":{}},{"ancestorTitles":["RFC 9535 Compliance Suite"],"fullName":"RFC 9535 Compliance Suite filter, equals number, invalid multi e","status":"passed","title":"filter, equals number, invalid multi e","duration":0.04816700000000651,"failureMessages":[],"meta":{}},{"ancestorTitles":["RFC 9535 Compliance Suite"],"fullName":"RFC 9535 Compliance Suite filter, equals, special nothing","status":"passed","title":"filter, equals, special nothing","duration":0.3071660000000236,"failureMessages":[],"meta":{}},{"ancestorTitles":["RFC 9535 Compliance Suite"],"fullName":"RFC 9535 Compliance Suite filter, equals, empty node list and empty node list","status":"passed","title":"filter, equals, empty node list and empty node list","duration":0.05962499999998272,"failureMessages":[],"meta":{}},{"ancestorTitles":["RFC 9535 Compliance Suite"],"fullName":"RFC 9535 Compliance Suite filter, equals, empty node list and special nothing","status":"passed","title":"filter, equals, empty node list and special nothing","duration":0.06429099999999721,"failureMessages":[],"meta":{}},{"ancestorTitles":["RFC 9535 Compliance Suite"],"fullName":"RFC 9535 Compliance Suite filter, object data","status":"passed","title":"filter, object data","duration":0.04245900000000802,"failureMessages":[],"meta":{}},{"ancestorTitles":["RFC 9535 Compliance Suite"],"fullName":"RFC 9535 Compliance Suite filter, two consecutive ands","status":"passed","title":"filter, two consecutive ands","duration":0.06587500000000546,"failureMessages":[],"meta":{}},{"ancestorTitles":["RFC 9535 Compliance Suite"],"fullName":"RFC 9535 Compliance Suite filter, two consecutive ors","status":"passed","title":"filter, two consecutive ors","duration":0.07224999999999682,"failureMessages":[],"meta":{}},{"ancestorTitles":["RFC 9535 Compliance Suite"],"fullName":"RFC 9535 Compliance Suite filter, multiple consecutive ands","status":"passed","title":"filter, multiple consecutive ands","duration":0.08295799999999076,"failureMessages":[],"meta":{}},{"ancestorTitles":["RFC 9535 Compliance Suite"],"fullName":"RFC 9535 Compliance Suite filter, multiple consecutive ors","status":"passed","title":"filter, multiple consecutive ors","duration":0.09679200000002197,"failureMessages":[],"meta":{}},{"ancestorTitles":["RFC 9535 Compliance Suite"],"fullName":"RFC 9535 Compliance Suite filter, multiple consecutive ors and ands","status":"passed","title":"filter, multiple consecutive ors and ands","duration":0.14029099999999062,"failureMessages":[],"meta":{}},{"ancestorTitles":["RFC 9535 Compliance Suite"],"fullName":"RFC 9535 Compliance Suite filter, and binds more tightly than or","status":"passed","title":"filter, and binds more tightly than or","duration":0.06649999999999068,"failureMessages":[],"meta":{}},{"ancestorTitles":["RFC 9535 Compliance Suite"],"fullName":"RFC 9535 Compliance Suite filter, left to right evaluation","status":"passed","title":"filter, left to right evaluation","duration":0.077666000000022,"failureMessages":[],"meta":{}},{"ancestorTitles":["RFC 9535 Compliance Suite"],"fullName":"RFC 9535 Compliance Suite filter, group terms, left","status":"passed","title":"filter, group terms, left","duration":0.36324999999999363,"failureMessages":[],"meta":{}},{"ancestorTitles":["RFC 9535 Compliance Suite"],"fullName":"RFC 9535 Compliance Suite filter, group terms, right","status":"passed","title":"filter, group terms, right","duration":0.09866700000000606,"failureMessages":[],"meta":{}},{"ancestorTitles":["RFC 9535 Compliance Suite"],"fullName":"RFC 9535 Compliance Suite filter, string literal, single quote in double quotes","status":"passed","title":"filter, string literal, single quote in double quotes","duration":0.03691699999998832,"failureMessages":[],"meta":{}},{"ancestorTitles":["RFC 9535 Compliance Suite"],"fullName":"RFC 9535 Compliance Suite filter, string literal, double quote in single quotes","status":"passed","title":"filter, string literal, double quote in single quotes","duration":0.03675000000001205,"failureMessages":[],"meta":{}},{"ancestorTitles":["RFC 9535 Compliance Suite"],"fullName":"RFC 9535 Compliance Suite filter, string literal, escaped single quote in single quotes","status":"passed","title":"filter, string literal, escaped single quote in single quotes","duration":0.039874999999995,"failureMessages":[],"meta":{}},{"ancestorTitles":["RFC 9535 Compliance Suite"],"fullName":"RFC 9535 Compliance Suite filter, string literal, escaped double quote in double quotes","status":"passed","title":"filter, string literal, escaped double quote in double quotes","duration":0.0362909999999772,"failureMessages":[],"meta":{}},{"ancestorTitles":["RFC 9535 Compliance Suite"],"fullName":"RFC 9535 Compliance Suite filter, literal true must be compared","status":"passed","title":"filter, literal true must be compared","duration":0.05920800000001236,"failureMessages":[],"meta":{}},{"ancestorTitles":["RFC 9535 Compliance Suite"],"fullName":"RFC 9535 Compliance Suite filter, literal false must be compared","status":"passed","title":"filter, literal false must be compared","duration":0.04333400000001575,"failureMessages":[],"meta":{}},{"ancestorTitles":["RFC 9535 Compliance Suite"],"fullName":"RFC 9535 Compliance Suite filter, literal string must be compared","status":"passed","title":"filter, literal string must be compared","duration":0.041083000000014636,"failureMessages":[],"meta":{}},{"ancestorTitles":["RFC 9535 Compliance Suite"],"fullName":"RFC 9535 Compliance Suite filter, literal int must be compared","status":"passed","title":"filter, literal int must be compared","duration":0.05416700000000674,"failureMessages":[],"meta":{}},{"ancestorTitles":["RFC 9535 Compliance Suite"],"fullName":"RFC 9535 Compliance Suite filter, literal float must be compared","status":"passed","title":"filter, literal float must be compared","duration":0.04125000000001933,"failureMessages":[],"meta":{}},{"ancestorTitles":["RFC 9535 Compliance Suite"],"fullName":"RFC 9535 Compliance Suite filter, literal null must be compared","status":"passed","title":"filter, literal null must be compared","duration":0.038666000000006306,"failureMessages":[],"meta":{}},{"ancestorTitles":["RFC 9535 Compliance Suite"],"fullName":"RFC 9535 Compliance Suite filter, and, literals must be compared","status":"passed","title":"filter, and, literals must be compared","duration":0.07383400000000506,"failureMessages":[],"meta":{}},{"ancestorTitles":["RFC 9535 Compliance Suite"],"fullName":"RFC 9535 Compliance Suite filter, or, literals must be compared","status":"passed","title":"filter, or, literals must be compared","duration":0.05958400000000097,"failureMessages":[],"meta":{}},{"ancestorTitles":["RFC 9535 Compliance Suite"],"fullName":"RFC 9535 Compliance Suite filter, and, right hand literal must be compared","status":"passed","title":"filter, and, right hand literal must be compared","duration":0.04479200000000105,"failureMessages":[],"meta":{}},{"ancestorTitles":["RFC 9535 Compliance Suite"],"fullName":"RFC 9535 Compliance Suite filter, or, right hand literal must be compared","status":"passed","title":"filter, or, right hand literal must be compared","duration":0.0503750000000025,"failureMessages":[],"meta":{}},{"ancestorTitles":["RFC 9535 Compliance Suite"],"fullName":"RFC 9535 Compliance Suite filter, and, left hand literal must be compared","status":"passed","title":"filter, and, left hand literal must be compared","duration":0.04779200000001538,"failureMessages":[],"meta":{}},{"ancestorTitles":["RFC 9535 Compliance Suite"],"fullName":"RFC 9535 Compliance Suite filter, or, left hand literal must be compared","status":"passed","title":"filter, or, left hand literal must be compared","duration":0.052333000000004404,"failureMessages":[],"meta":{}},{"ancestorTitles":["RFC 9535 Compliance Suite"],"fullName":"RFC 9535 Compliance Suite filter, true, incorrectly capitalized","status":"passed","title":"filter, true, incorrectly capitalized","duration":0.04924999999997226,"failureMessages":[],"meta":{}},{"ancestorTitles":["RFC 9535 Compliance Suite"],"fullName":"RFC 9535 Compliance Suite filter, quoted True, double quotes","status":"passed","title":"filter, quoted True, double quotes","duration":0.04625000000001478,"failureMessages":[],"meta":{}},{"ancestorTitles":["RFC 9535 Compliance Suite"],"fullName":"RFC 9535 Compliance Suite filter, quoted True, single quotes","status":"passed","title":"filter, quoted True, single quotes","duration":0.03812500000000796,"failureMessages":[],"meta":{}},{"ancestorTitles":["RFC 9535 Compliance Suite"],"fullName":"RFC 9535 Compliance Suite filter, false, incorrectly capitalized","status":"passed","title":"filter, false, incorrectly capitalized","duration":0.045667000000008784,"failureMessages":[],"meta":{}},{"ancestorTitles":["RFC 9535 Compliance Suite"],"fullName":"RFC 9535 Compliance Suite filter, quoted False, double quotes","status":"passed","title":"filter, quoted False, double quotes","duration":0.05720800000000281,"failureMessages":[],"meta":{}},{"ancestorTitles":["RFC 9535 Compliance Suite"],"fullName":"RFC 9535 Compliance Suite filter, quoted False, single quotes","status":"passed","title":"filter, quoted False, single quotes","duration":0.04733300000000895,"failureMessages":[],"meta":{}},{"ancestorTitles":["RFC 9535 Compliance Suite"],"fullName":"RFC 9535 Compliance Suite filter, null, incorrectly capitalized","status":"passed","title":"filter, null, incorrectly capitalized","duration":0.042709000000002106,"failureMessages":[],"meta":{}},{"ancestorTitles":["RFC 9535 Compliance Suite"],"fullName":"RFC 9535 Compliance Suite filter, quoted Null, double quotes","status":"passed","title":"filter, quoted Null, double quotes","duration":0.04349999999999454,"failureMessages":[],"meta":{}},{"ancestorTitles":["RFC 9535 Compliance Suite"],"fullName":"RFC 9535 Compliance Suite filter, quoted Null, single quotes","status":"passed","title":"filter, quoted Null, single quotes","duration":0.04220799999998803,"failureMessages":[],"meta":{}},{"ancestorTitles":["RFC 9535 Compliance Suite"],"fullName":"RFC 9535 Compliance Suite index selector, first element","status":"passed","title":"index selector, first element","duration":0.03133300000001782,"failureMessages":[],"meta":{}},{"ancestorTitles":["RFC 9535 Compliance Suite"],"fullName":"RFC 9535 Compliance Suite index selector, second element","status":"passed","title":"index selector, second element","duration":0.030416999999999916,"failureMessages":[],"meta":{}},{"ancestorTitles":["RFC 9535 Compliance Suite"],"fullName":"RFC 9535 Compliance Suite index selector, out of bound","status":"passed","title":"index selector, out of bound","duration":0.024209000000013248,"failureMessages":[],"meta":{}},{"ancestorTitles":["RFC 9535 Compliance Suite"],"fullName":"RFC 9535 Compliance Suite index selector, min exact index","status":"passed","title":"index selector, min exact index","duration":0.03520800000001145,"failureMessages":[],"meta":{}},{"ancestorTitles":["RFC 9535 Compliance Suite"],"fullName":"RFC 9535 Compliance Suite index selector, max exact index","status":"passed","title":"index selector, max exact index","duration":0.03991600000000517,"failureMessages":[],"meta":{}},{"ancestorTitles":["RFC 9535 Compliance Suite"],"fullName":"RFC 9535 Compliance Suite index selector, min exact index - 1","status":"passed","title":"index selector, min exact index - 1","duration":0.05662499999999682,"failureMessages":[],"meta":{}},{"ancestorTitles":["RFC 9535 Compliance Suite"],"fullName":"RFC 9535 Compliance Suite index selector, max exact index + 1","status":"passed","title":"index selector, max exact index + 1","duration":0.05362499999998249,"failureMessages":[],"meta":{}},{"ancestorTitles":["RFC 9535 Compliance Suite"],"fullName":"RFC 9535 Compliance Suite index selector, overflowing index","status":"passed","title":"index selector, overflowing index","duration":0.04770899999999756,"failureMessages":[],"meta":{}},{"ancestorTitles":["RFC 9535 Compliance Suite"],"fullName":"RFC 9535 Compliance Suite index selector, not actually an index, overflowing index leads into general text","status":"passed","title":"index selector, not actually an index, overflowing index leads into general text","duration":0.04620800000000713,"failureMessages":[],"meta":{}},{"ancestorTitles":["RFC 9535 Compliance Suite"],"fullName":"RFC 9535 Compliance Suite index selector, negative","status":"passed","title":"index selector, negative","duration":0.028833999999989146,"failureMessages":[],"meta":{}},{"ancestorTitles":["RFC 9535 Compliance Suite"],"fullName":"RFC 9535 Compliance Suite index selector, more negative","status":"passed","title":"index selector, more negative","duration":0.025624999999990905,"failureMessages":[],"meta":{}},{"ancestorTitles":["RFC 9535 Compliance Suite"],"fullName":"RFC 9535 Compliance Suite index selector, negative out of bound","status":"passed","title":"index selector, negative out of bound","duration":0.03033400000001052,"failureMessages":[],"meta":{}},{"ancestorTitles":["RFC 9535 Compliance Suite"],"fullName":"RFC 9535 Compliance Suite index selector, on object","status":"passed","title":"index selector, on object","duration":0.023167000000000826,"failureMessages":[],"meta":{}},{"ancestorTitles":["RFC 9535 Compliance Suite"],"fullName":"RFC 9535 Compliance Suite index selector, leading 0","status":"passed","title":"index selector, leading 0","duration":0.04029199999999378,"failureMessages":[],"meta":{}},{"ancestorTitles":["RFC 9535 Compliance Suite"],"fullName":"RFC 9535 Compliance Suite index selector, decimal","status":"passed","title":"index selector, decimal","duration":0.03766600000000153,"failureMessages":[],"meta":{}},{"ancestorTitles":["RFC 9535 Compliance Suite"],"fullName":"RFC 9535 Compliance Suite index selector, plus","status":"passed","title":"index selector, plus","duration":0.04179199999998673,"failureMessages":[],"meta":{}},{"ancestorTitles":["RFC 9535 Compliance Suite"],"fullName":"RFC 9535 Compliance Suite index selector, minus space","status":"passed","title":"index selector, minus space","duration":0.053625000000010914,"failureMessages":[],"meta":{}},{"ancestorTitles":["RFC 9535 Compliance Suite"],"fullName":"RFC 9535 Compliance Suite index selector, -0","status":"passed","title":"index selector, -0","duration":0.045250000000010004,"failureMessages":[],"meta":{}},{"ancestorTitles":["RFC 9535 Compliance Suite"],"fullName":"RFC 9535 Compliance Suite index selector, leading -0","status":"passed","title":"index selector, leading -0","duration":0.04008299999998144,"failureMessages":[],"meta":{}},{"ancestorTitles":["RFC 9535 Compliance Suite"],"fullName":"RFC 9535 Compliance Suite name selector, double quotes","status":"passed","title":"name selector, double quotes","duration":0.029374999999987494,"failureMessages":[],"meta":{}},{"ancestorTitles":["RFC 9535 Compliance Suite"],"fullName":"RFC 9535 Compliance Suite name selector, double quotes, absent data","status":"passed","title":"name selector, double quotes, absent data","duration":0.025708000000008724,"failureMessages":[],"meta":{}},{"ancestorTitles":["RFC 9535 Compliance Suite"],"fullName":"RFC 9535 Compliance Suite name selector, double quotes, array data","status":"passed","title":"name selector, double quotes, array data","duration":0.02137500000000614,"failureMessages":[],"meta":{}},{"ancestorTitles":["RFC 9535 Compliance Suite"],"fullName":"RFC 9535 Compliance Suite name selector, name, double quotes, contains single quote","status":"passed","title":"name selector, name, double quotes, contains single quote","duration":0.027542000000011058,"failureMessages":[],"meta":{}},{"ancestorTitles":["RFC 9535 Compliance Suite"],"fullName":"RFC 9535 Compliance Suite name selector, name, double quotes, nested","status":"passed","title":"name selector, name, double quotes, nested","duration":0.04662500000000591,"failureMessages":[],"meta":{}},{"ancestorTitles":["RFC 9535 Compliance Suite"],"fullName":"RFC 9535 Compliance Suite name selector, double quotes, embedded U+0000","status":"passed","title":"name selector, double quotes, embedded U+0000","duration":0.06466700000001424,"failureMessages":[],"meta":{}},{"ancestorTitles":["RFC 9535 Compliance Suite"],"fullName":"RFC 9535 Compliance Suite name selector, double quotes, embedded U+0001","status":"passed","title":"name selector, double quotes, embedded U+0001","duration":0.0519170000000031,"failureMessages":[],"meta":{}},{"ancestorTitles":["RFC 9535 Compliance Suite"],"fullName":"RFC 9535 Compliance Suite name selector, double quotes, embedded U+0002","status":"passed","title":"name selector, double quotes, embedded U+0002","duration":0.03595799999999372,"failureMessages":[],"meta":{}},{"ancestorTitles":["RFC 9535 Compliance Suite"],"fullName":"RFC 9535 Compliance Suite name selector, double quotes, embedded U+0003","status":"passed","title":"name selector, double quotes, embedded U+0003","duration":0.03499999999999659,"failureMessages":[],"meta":{}},{"ancestorTitles":["RFC 9535 Compliance Suite"],"fullName":"RFC 9535 Compliance Suite name selector, double quotes, embedded U+0004","status":"passed","title":"name selector, double quotes, embedded U+0004","duration":0.03929099999999153,"failureMessages":[],"meta":{}},{"ancestorTitles":["RFC 9535 Compliance Suite"],"fullName":"RFC 9535 Compliance Suite name selector, double quotes, embedded U+0005","status":"passed","title":"name selector, double quotes, embedded U+0005","duration":0.04425000000000523,"failureMessages":[],"meta":{}},{"ancestorTitles":["RFC 9535 Compliance Suite"],"fullName":"RFC 9535 Compliance Suite name selector, double quotes, embedded U+0006","status":"passed","title":"name selector, double quotes, embedded U+0006","duration":0.035124999999993634,"failureMessages":[],"meta":{}},{"ancestorTitles":["RFC 9535 Compliance Suite"],"fullName":"RFC 9535 Compliance Suite name selector, double quotes, embedded U+0007","status":"passed","title":"name selector, double quotes, embedded U+0007","duration":0.03491700000000719,"failureMessages":[],"meta":{}},{"ancestorTitles":["RFC 9535 Compliance Suite"],"fullName":"RFC 9535 Compliance Suite name selector, double quotes, embedded U+0008","status":"passed","title":"name selector, double quotes, embedded U+0008","duration":0.038916000000000395,"failureMessages":[],"meta":{}},{"ancestorTitles":["RFC 9535 Compliance Suite"],"fullName":"RFC 9535 Compliance Suite name selector, double quotes, embedded U+0009","status":"passed","title":"name selector, double quotes, embedded U+0009","duration":0.04837499999999295,"failureMessages":[],"meta":{}},{"ancestorTitles":["RFC 9535 Compliance Suite"],"fullName":"RFC 9535 Compliance Suite name selector, double quotes, embedded U+000A","status":"passed","title":"name selector, double quotes, embedded U+000A","duration":0.04195899999999142,"failureMessages":[],"meta":{}},{"ancestorTitles":["RFC 9535 Compliance Suite"],"fullName":"RFC 9535 Compliance Suite name selector, double quotes, embedded U+000B","status":"passed","title":"name selector, double quotes, embedded U+000B","duration":0.03449999999997999,"failureMessages":[],"meta":{}},{"ancestorTitles":["RFC 9535 Compliance Suite"],"fullName":"RFC 9535 Compliance Suite name selector, double quotes, embedded U+000C","status":"passed","title":"name selector, double quotes, embedded U+000C","duration":0.03704099999998789,"failureMessages":[],"meta":{}},{"ancestorTitles":["RFC 9535 Compliance Suite"],"fullName":"RFC 9535 Compliance Suite name selector, double quotes, embedded U+000D","status":"passed","title":"name selector, double quotes, embedded U+000D","duration":0.03395800000001259,"failureMessages":[],"meta":{}},{"ancestorTitles":["RFC 9535 Compliance Suite"],"fullName":"RFC 9535 Compliance Suite name selector, double quotes, embedded U+000E","status":"passed","title":"name selector, double quotes, embedded U+000E","duration":0.03249999999999886,"failureMessages":[],"meta":{}},{"ancestorTitles":["RFC 9535 Compliance Suite"],"fullName":"RFC 9535 Compliance Suite name selector, double quotes, embedded U+000F","status":"passed","title":"name selector, double quotes, embedded U+000F","duration":0.03324999999998113,"failureMessages":[],"meta":{}},{"ancestorTitles":["RFC 9535 Compliance Suite"],"fullName":"RFC 9535 Compliance Suite name selector, double quotes, embedded U+0010","status":"passed","title":"name selector, double quotes, embedded U+0010","duration":0.041958000000022366,"failureMessages":[],"meta":{}},{"ancestorTitles":["RFC 9535 Compliance Suite"],"fullName":"RFC 9535 Compliance Suite name selector, double quotes, embedded U+0011","status":"passed","title":"name selector, double quotes, embedded U+0011","duration":0.03420899999997573,"failureMessages":[],"meta":{}},{"ancestorTitles":["RFC 9535 Compliance Suite"],"fullName":"RFC 9535 Compliance Suite name selector, double quotes, embedded U+0012","status":"passed","title":"name selector, double quotes, embedded U+0012","duration":0.03766600000000153,"failureMessages":[],"meta":{}},{"ancestorTitles":["RFC 9535 Compliance Suite"],"fullName":"RFC 9535 Compliance Suite name selector, double quotes, embedded U+0013","status":"passed","title":"name selector, double quotes, embedded U+0013","duration":0.04795900000002007,"failureMessages":[],"meta":{}},{"ancestorTitles":["RFC 9535 Compliance Suite"],"fullName":"RFC 9535 Compliance Suite name selector, double quotes, embedded U+0014","status":"passed","title":"name selector, double quotes, embedded U+0014","duration":0.03458299999999781,"failureMessages":[],"meta":{}},{"ancestorTitles":["RFC 9535 Compliance Suite"],"fullName":"RFC 9535 Compliance Suite name selector, double quotes, embedded U+0015","status":"passed","title":"name selector, double quotes, embedded U+0015","duration":0.03462500000000546,"failureMessages":[],"meta":{}},{"ancestorTitles":["RFC 9535 Compliance Suite"],"fullName":"RFC 9535 Compliance Suite name selector, double quotes, embedded U+0016","status":"passed","title":"name selector, double quotes, embedded U+0016","duration":0.03608299999999076,"failureMessages":[],"meta":{}},{"ancestorTitles":["RFC 9535 Compliance Suite"],"fullName":"RFC 9535 Compliance Suite name selector, double quotes, embedded U+0017","status":"passed","title":"name selector, double quotes, embedded U+0017","duration":0.03324999999998113,"failureMessages":[],"meta":{}},{"ancestorTitles":["RFC 9535 Compliance Suite"],"fullName":"RFC 9535 Compliance Suite name selector, double quotes, embedded U+0018","status":"passed","title":"name selector, double quotes, embedded U+0018","duration":0.03758400000000961,"failureMessages":[],"meta":{}},{"ancestorTitles":["RFC 9535 Compliance Suite"],"fullName":"RFC 9535 Compliance Suite name selector, double quotes, embedded U+0019","status":"passed","title":"name selector, double quotes, embedded U+0019","duration":0.03420900000000415,"failureMessages":[],"meta":{}},{"ancestorTitles":["RFC 9535 Compliance Suite"],"fullName":"RFC 9535 Compliance Suite name selector, double quotes, embedded U+001A","status":"passed","title":"name selector, double quotes, embedded U+001A","duration":0.033999999999991815,"failureMessages":[],"meta":{}},{"ancestorTitles":["RFC 9535 Compliance Suite"],"fullName":"RFC 9535 Compliance Suite name selector, double quotes, embedded U+001B","status":"passed","title":"name selector, double quotes, embedded U+001B","duration":0.03858399999998596,"failureMessages":[],"meta":{}},{"ancestorTitles":["RFC 9535 Compliance Suite"],"fullName":"RFC 9535 Compliance Suite name selector, double quotes, embedded U+001C","status":"passed","title":"name selector, double quotes, embedded U+001C","duration":0.035332999999980075,"failureMessages":[],"meta":{}},{"ancestorTitles":["RFC 9535 Compliance Suite"],"fullName":"RFC 9535 Compliance Suite name selector, double quotes, embedded U+001D","status":"passed","title":"name selector, double quotes, embedded U+001D","duration":0.04445900000001757,"failureMessages":[],"meta":{}},{"ancestorTitles":["RFC 9535 Compliance Suite"],"fullName":"RFC 9535 Compliance Suite name selector, double quotes, embedded U+001E","status":"passed","title":"name selector, double quotes, embedded U+001E","duration":0.04308399999999324,"failureMessages":[],"meta":{}},{"ancestorTitles":["RFC 9535 Compliance Suite"],"fullName":"RFC 9535 Compliance Suite name selector, double quotes, embedded U+001F","status":"passed","title":"name selector, double quotes, embedded U+001F","duration":0.0383329999999944,"failureMessages":[],"meta":{}},{"ancestorTitles":["RFC 9535 Compliance Suite"],"fullName":"RFC 9535 Compliance Suite name selector, double quotes, embedded U+0020","status":"passed","title":"name selector, double quotes, embedded U+0020","duration":0.02479199999999082,"failureMessages":[],"meta":{}},{"ancestorTitles":["RFC 9535 Compliance Suite"],"fullName":"RFC 9535 Compliance Suite name selector, double quotes, embedded U+007F","status":"passed","title":"name selector, double quotes, embedded U+007F","duration":0.02329199999999787,"failureMessages":[],"meta":{}},{"ancestorTitles":["RFC 9535 Compliance Suite"],"fullName":"RFC 9535 Compliance Suite name selector, double quotes, supplementary plane character","status":"passed","title":"name selector, double quotes, supplementary plane character","duration":0.032416999999981044,"failureMessages":[],"meta":{}},{"ancestorTitles":["RFC 9535 Compliance Suite"],"fullName":"RFC 9535 Compliance Suite name selector, double quotes, escaped double quote","status":"passed","title":"name selector, double quotes, escaped double quote","duration":0.02441699999999969,"failureMessages":[],"meta":{}},{"ancestorTitles":["RFC 9535 Compliance Suite"],"fullName":"RFC 9535 Compliance Suite name selector, double quotes, escaped reverse solidus","status":"passed","title":"name selector, double quotes, escaped reverse solidus","duration":0.022582999999997355,"failureMessages":[],"meta":{}},{"ancestorTitles":["RFC 9535 Compliance Suite"],"fullName":"RFC 9535 Compliance Suite name selector, double quotes, escaped solidus","status":"passed","title":"name selector, double quotes, escaped solidus","duration":0.027999999999991587,"failureMessages":[],"meta":{}},{"ancestorTitles":["RFC 9535 Compliance Suite"],"fullName":"RFC 9535 Compliance Suite name selector, double quotes, escaped backspace","status":"passed","title":"name selector, double quotes, escaped backspace","duration":0.024499999999989086,"failureMessages":[],"meta":{}},{"ancestorTitles":["RFC 9535 Compliance Suite"],"fullName":"RFC 9535 Compliance Suite name selector, double quotes, escaped form feed","status":"passed","title":"name selector, double quotes, escaped form feed","duration":0.025207999999992126,"failureMessages":[],"meta":{}},{"ancestorTitles":["RFC 9535 Compliance Suite"],"fullName":"RFC 9535 Compliance Suite name selector, double quotes, escaped line feed","status":"passed","title":"name selector, double quotes, escaped line feed","duration":0.0262079999999969,"failureMessages":[],"meta":{}},{"ancestorTitles":["RFC 9535 Compliance Suite"],"fullName":"RFC 9535 Compliance Suite name selector, double quotes, escaped carriage return","status":"passed","title":"name selector, double quotes, escaped carriage return","duration":0.021625000000000227,"failureMessages":[],"meta":{}},{"ancestorTitles":["RFC 9535 Compliance Suite"],"fullName":"RFC 9535 Compliance Suite name selector, double quotes, escaped tab","status":"passed","title":"name selector, double quotes, escaped tab","duration":0.023958000000021684,"failureMessages":[],"meta":{}},{"ancestorTitles":["RFC 9535 Compliance Suite"],"fullName":"RFC 9535 Compliance Suite name selector, double quotes, escaped ☺, upper case hex","status":"passed","title":"name selector, double quotes, escaped ☺, upper case hex","duration":0.04837500000002137,"failureMessages":[],"meta":{}},{"ancestorTitles":["RFC 9535 Compliance Suite"],"
[...]
ab between recursive descent and name","duration":0.03149999999999409,"failureMessages":[],"meta":{}},{"ancestorTitles":["RFC 9535 Compliance Suite"],"fullName":"RFC 9535 Compliance Suite whitespace, selectors, return between recursive descent and name","status":"passed","title":"whitespace, selectors, return between recursive descent and name","duration":0.028666999999984455,"failureMessages":[],"meta":{}},{"ancestorTitles":["RFC 9535 Compliance Suite"],"fullName":"RFC 9535 Compliance Suite whitespace, selectors, space between bracket and selector","status":"passed","title":"whitespace, selectors, space between bracket and selector","duration":0.022832999999991443,"failureMessages":[],"meta":{}},{"ancestorTitles":["RFC 9535 Compliance Suite"],"fullName":"RFC 9535 Compliance Suite whitespace, selectors, newline between bracket and selector","status":"passed","title":"whitespace, selectors, newline between bracket and selector","duration":0.019458999999983462,"failureMessages":[],"meta":{}},{"ancestorTitles":["RFC 9535 Compliance Suite"],"fullName":"RFC 9535 Compliance Suite whitespace, selectors, tab between bracket and selector","status":"passed","title":"whitespace, selectors, tab between bracket and selector","duration":0.019457999999985987,"failureMessages":[],"meta":{}},{"ancestorTitles":["RFC 9535 Compliance Suite"],"fullName":"RFC 9535 Compliance Suite whitespace, selectors, return between bracket and selector","status":"passed","title":"whitespace, selectors, return between bracket and selector","duration":0.0171670000000006,"failureMessages":[],"meta":{}},{"ancestorTitles":["RFC 9535 Compliance Suite"],"fullName":"RFC 9535 Compliance Suite whitespace, selectors, space between selector and bracket","status":"passed","title":"whitespace, selectors, space between selector and bracket","duration":0.01720800000001077,"failureMessages":[],"meta":{}},{"ancestorTitles":["RFC 9535 Compliance Suite"],"fullName":"RFC 9535 Compliance Suite whitespace, selectors, newline between selector and bracket","status":"passed","title":"whitespace, selectors, newline between selector and bracket","duration":0.015958000000011907,"failureMessages":[],"meta":{}},{"ancestorTitles":["RFC 9535 Compliance Suite"],"fullName":"RFC 9535 Compliance Suite whitespace, selectors, tab between selector and bracket","status":"passed","title":"whitespace, selectors, tab between selector and bracket","duration":0.016290999999995392,"failureMessages":[],"meta":{}},{"ancestorTitles":["RFC 9535 Compliance Suite"],"fullName":"RFC 9535 Compliance Suite whitespace, selectors, return between selector and bracket","status":"passed","title":"whitespace, selectors, return between selector and bracket","duration":0.02245800000000031,"failureMessages":[],"meta":{}},{"ancestorTitles":["RFC 9535 Compliance Suite"],"fullName":"RFC 9535 Compliance Suite whitespace, selectors, space between selector and comma","status":"passed","title":"whitespace, selectors, space between selector and comma","duration":0.020792000000000144,"failureMessages":[],"meta":{}},{"ancestorTitles":["RFC 9535 Compliance Suite"],"fullName":"RFC 9535 Compliance Suite whitespace, selectors, newline between selector and comma","status":"passed","title":"whitespace, selectors, newline between selector and comma","duration":0.01829099999997652,"failureMessages":[],"meta":{}},{"ancestorTitles":["RFC 9535 Compliance Suite"],"fullName":"RFC 9535 Compliance Suite whitespace, selectors, tab between selector and comma","status":"passed","title":"whitespace, selectors, tab between selector and comma","duration":0.0534590000000037,"failureMessages":[],"meta":{}},{"ancestorTitles":["RFC 9535 Compliance Suite"],"fullName":"RFC 9535 Compliance Suite whitespace, selectors, return between selector and comma","status":"passed","title":"whitespace, selectors, return between selector and comma","duration":0.019249999999999545,"failureMessages":[],"meta":{}},{"ancestorTitles":["RFC 9535 Compliance Suite"],"fullName":"RFC 9535 Compliance Suite whitespace, selectors, space between comma and selector","status":"passed","title":"whitespace, selectors, space between comma and selector","duration":0.017958000000021457,"failureMessages":[],"meta":{}},{"ancestorTitles":["RFC 9535 Compliance Suite"],"fullName":"RFC 9535 Compliance Suite whitespace, selectors, newline between comma and selector","status":"passed","title":"whitespace, selectors, newline between comma and selector","duration":0.023209000000008473,"failureMessages":[],"meta":{}},{"ancestorTitles":["RFC 9535 Compliance Suite"],"fullName":"RFC 9535 Compliance Suite whitespace, selectors, tab between comma and selector","status":"passed","title":"whitespace, selectors, tab between comma and selector","duration":0.020999999999986585,"failureMessages":[],"meta":{}},{"ancestorTitles":["RFC 9535 Compliance Suite"],"fullName":"RFC 9535 Compliance Suite whitespace, selectors, return between comma and selector","status":"passed","title":"whitespace, selectors, return between comma and selector","duration":0.018207999999987123,"failureMessages":[],"meta":{}},{"ancestorTitles":["RFC 9535 Compliance Suite"],"fullName":"RFC 9535 Compliance Suite whitespace, slice, space between start and colon","status":"passed","title":"whitespace, slice, space between start and colon","duration":0.02416699999997718,"failureMessages":[],"meta":{}},{"ancestorTitles":["RFC 9535 Compliance Suite"],"fullName":"RFC 9535 Compliance Suite whitespace, slice, newline between start and colon","status":"passed","title":"whitespace, slice, newline between start and colon","duration":0.021166999999991276,"failureMessages":[],"meta":{}},{"ancestorTitles":["RFC 9535 Compliance Suite"],"fullName":"RFC 9535 Compliance Suite whitespace, slice, tab between start and colon","status":"passed","title":"whitespace, slice, tab between start and colon","duration":0.022124999999988404,"failureMessages":[],"meta":{}},{"ancestorTitles":["RFC 9535 Compliance Suite"],"fullName":"RFC 9535 Compliance Suite whitespace, slice, return between start and colon","status":"passed","title":"whitespace, slice, return between start and colon","duration":0.01999999999998181,"failureMessages":[],"meta":{}},{"ancestorTitles":["RFC 9535 Compliance Suite"],"fullName":"RFC 9535 Compliance Suite whitespace, slice, space between colon and end","status":"passed","title":"whitespace, slice, space between colon and end","duration":0.020624999999995453,"failureMessages":[],"meta":{}},{"ancestorTitles":["RFC 9535 Compliance Suite"],"fullName":"RFC 9535 Compliance Suite whitespace, slice, newline between colon and end","status":"passed","title":"whitespace, slice, newline between colon and end","duration":0.02145899999999301,"failureMessages":[],"meta":{}},{"ancestorTitles":["RFC 9535 Compliance Suite"],"fullName":"RFC 9535 Compliance Suite whitespace, slice, tab between colon and end","status":"passed","title":"whitespace, slice, tab between colon and end","duration":0.020334000000019614,"failureMessages":[],"meta":{}},{"ancestorTitles":["RFC 9535 Compliance Suite"],"fullName":"RFC 9535 Compliance Suite whitespace, slice, return between colon and end","status":"passed","title":"whitespace, slice, return between colon and end","duration":0.019875000000013188,"failureMessages":[],"meta":{}},{"ancestorTitles":["RFC 9535 Compliance Suite"],"fullName":"RFC 9535 Compliance Suite whitespace, slice, space between end and colon","status":"passed","title":"whitespace, slice, space between end and colon","duration":0.019750000000016144,"failureMessages":[],"meta":{}},{"ancestorTitles":["RFC 9535 Compliance Suite"],"fullName":"RFC 9535 Compliance Suite whitespace, slice, newline between end and colon","status":"passed","title":"whitespace, slice, newline between end and colon","duration":0.02112500000001205,"failureMessages":[],"meta":{}},{"ancestorTitles":["RFC 9535 Compliance Suite"],"fullName":"RFC 9535 Compliance Suite whitespace, slice, tab between end and colon","status":"passed","title":"whitespace, slice, tab between end and colon","duration":0.019499999999993634,"failureMessages":[],"meta":{}},{"ancestorTitles":["RFC 9535 Compliance Suite"],"fullName":"RFC 9535 Compliance Suite whitespace, slice, return between end and colon","status":"passed","title":"whitespace, slice, return between end and colon","duration":0.019916999999992413,"failureMessages":[],"meta":{}},{"ancestorTitles":["RFC 9535 Compliance Suite"],"fullName":"RFC 9535 Compliance Suite whitespace, slice, space between colon and step","status":"passed","title":"whitespace, slice, space between colon and step","duration":0.020292000000011967,"failureMessages":[],"meta":{}},{"ancestorTitles":["RFC 9535 Compliance Suite"],"fullName":"RFC 9535 Compliance Suite whitespace, slice, newline between colon and step","status":"passed","title":"whitespace, slice, newline between colon and step","duration":0.020167000000014923,"failureMessages":[],"meta":{}},{"ancestorTitles":["RFC 9535 Compliance Suite"],"fullName":"RFC 9535 Compliance Suite whitespace, slice, tab between colon and step","status":"passed","title":"whitespace, slice, tab between colon and step","duration":0.019583000000011452,"failureMessages":[],"meta":{}},{"ancestorTitles":["RFC 9535 Compliance Suite"],"fullName":"RFC 9535 Compliance Suite whitespace, slice, return between colon and step","status":"passed","title":"whitespace, slice, return between colon and step","duration":0.01941600000000676,"failureMessages":[],"meta":{}}],"startTime":1767598647741,"endTime":1767598647778.0535,"status":"passed","message":"","name":"/Volumes/MacStudioExternal/Users/lmiller/Dev/lellimecnar/source/packages/jsonpath/evaluator/src/__tests__/compliance.spec.ts"},{"assertionResults":[{"ancestorTitles":["Evaluator"],"fullName":"Evaluator should evaluate simple name selectors","status":"passed","title":"should evaluate simple name selectors","duration":2.8530420000000163,"failureMessages":[],"meta":{}},{"ancestorTitles":["Evaluator"],"fullName":"Evaluator should evaluate index selectors","status":"passed","title":"should evaluate index selectors","duration":0.7282920000000104,"failureMessages":[],"meta":{}},{"ancestorTitles":["Evaluator"],"fullName":"Evaluator should evaluate wildcard selectors","status":"passed","title":"should evaluate wildcard selectors","duration":0.5771250000000236,"failureMessages":[],"meta":{}},{"ancestorTitles":["Evaluator"],"fullName":"Evaluator should evaluate descendant segments","status":"passed","title":"should evaluate descendant segments","duration":0.7161670000000129,"failureMessages":[],"meta":{}},{"ancestorTitles":["Evaluator"],"fullName":"Evaluator should evaluate slices","status":"passed","title":"should evaluate slices","duration":0.250583000000006,"failureMessages":[],"meta":{}},{"ancestorTitles":["Evaluator"],"fullName":"Evaluator should evaluate filter expressions","status":"passed","title":"should evaluate filter expressions","duration":0.646000000000015,"failureMessages":[],"meta":{}},{"ancestorTitles":["Evaluator"],"fullName":"Evaluator should evaluate complex filter expressions","status":"passed","title":"should evaluate complex filter expressions","duration":0.3651670000000138,"failureMessages":[],"meta":{}},{"ancestorTitles":["Evaluator"],"fullName":"Evaluator should evaluate function calls in filters","status":"passed","title":"should evaluate function calls in filters","duration":0.4099170000000072,"failureMessages":[],"meta":{}},{"ancestorTitles":["Evaluator"],"fullName":"Evaluator should handle negative indices and steps in slices","status":"passed","title":"should handle negative indices and steps in slices","duration":0.36762499999997544,"failureMessages":[],"meta":{}},{"ancestorTitles":["Evaluator"],"fullName":"Evaluator should return empty array on slice step=0 (RFC 9535 §2.3.4.2.2)","status":"passed","title":"should return empty array on slice step=0 (RFC 9535 §2.3.4.2.2)","duration":0.0871659999999963,"failureMessages":[],"meta":{}},{"ancestorTitles":["Evaluator"],"fullName":"Evaluator should handle RFC 9535 slice edge cases","status":"passed","title":"should handle RFC 9535 slice edge cases","duration":0.1774159999999938,"failureMessages":[],"meta":{}},{"ancestorTitles":["Evaluator"],"fullName":"Evaluator should handle various comparison operators","status":"passed","title":"should handle various comparison operators","duration":0.31441699999999173,"failureMessages":[],"meta":{}},{"ancestorTitles":["Evaluator"],"fullName":"Evaluator should handle length() and count() functions","status":"passed","title":"should handle length() and count() functions","duration":0.24895899999998505,"failureMessages":[],"meta":{}},{"ancestorTitles":["Evaluator"],"fullName":"Evaluator should return RFC 9535 compliant normalized paths","status":"passed","title":"should return RFC 9535 compliant normalized paths","duration":0.19562500000000682,"failureMessages":[],"meta":{}},{"ancestorTitles":["Evaluator","Extended Selectors"],"fullName":"Evaluator Extended Selectors should evaluate parent selector (^)","status":"passed","title":"should evaluate parent selector (^)","duration":0.14970800000000395,"failureMessages":[],"meta":{}},{"ancestorTitles":["Evaluator","Extended Selectors"],"fullName":"Evaluator Extended Selectors should evaluate property name selector (~)","status":"passed","title":"should evaluate property name selector (~)","duration":0.07329199999998082,"failureMessages":[],"meta":{}},{"ancestorTitles":["Evaluator","Extended Selectors"],"fullName":"Evaluator Extended Selectors should evaluate property name selector on array elements","status":"passed","title":"should evaluate property name selector on array elements","duration":0.07954100000000608,"failureMessages":[],"meta":{}},{"ancestorTitles":["Evaluator","Extended Selectors"],"fullName":"Evaluator Extended Selectors should evaluate parent of root as empty","status":"passed","title":"should evaluate parent of root as empty","duration":0.04691700000000765,"failureMessages":[],"meta":{}}],"startTime":1767598647729,"endTime":1767598647737.249,"status":"passed","message":"","name":"/Volumes/MacStudioExternal/Users/lmiller/Dev/lellimecnar/source/packages/jsonpath/evaluator/src/__tests__/evaluator.spec.ts"},{"assertionResults":[{"ancestorTitles":["Evaluator Options"],"fullName":"Evaluator Options should enforce maxDepth","status":"passed","title":"should enforce maxDepth","duration":2.2126670000000104,"failureMessages":[],"meta":{}},{"ancestorTitles":["Evaluator Options"],"fullName":"Evaluator Options should enforce maxResults","status":"passed","title":"should enforce maxResults","duration":0.36137499999998113,"failureMessages":[],"meta":{}},{"ancestorTitles":["Evaluator Options"],"fullName":"Evaluator Options should enforce noRecursive","status":"passed","title":"should enforce noRecursive","duration":0.16129100000000562,"failureMessages":[],"meta":{}},{"ancestorTitles":["Evaluator Options"],"fullName":"Evaluator Options should enforce noFilters","status":"passed","title":"should enforce noFilters","duration":0.5537080000000003,"failureMessages":[],"meta":{}},{"ancestorTitles":["Evaluator Options"],"fullName":"Evaluator Options should detect circular references","status":"passed","title":"should detect circular references","duration":0.24954200000001947,"failureMessages":[],"meta":{}},{"ancestorTitles":["Evaluator Options"],"fullName":"Evaluator Options should enforce timeout","status":"passed","title":"should enforce timeout","duration":0.925707999999986,"failureMessages":[],"meta":{}}],"startTime":1767598647728,"endTime":1767598647732.9258,"status":"passed","message":"","name":"/Volumes/MacStudioExternal/Users/lmiller/Dev/lellimecnar/source/packages/jsonpath/evaluator/src/__tests__/options.spec.ts"},{"assertionResults":[{"ancestorTitles":["plugins"],"fullName":"plugins runs hooks and isolates failures","status":"passed","title":"runs hooks and isolates failures","duration":1.4455000000000098,"failureMessages":[],"meta":{}},{"ancestorTitles":["plugins"],"fullName":"plugins runs onError hook","status":"passed","title":"runs onError hook","duration":0.5767919999999833,"failureMessages":[],"meta":{}}],"startTime":1767598647728,"endTime":1767598647730.577,"status":"passed","message":"","name":"/Volumes/MacStudioExternal/Users/lmiller/Dev/lellimecnar/source/packages/jsonpath/evaluator/src/__tests__/plugins.spec.ts"},{"assertionResults":[{"ancestorTitles":["QueryResult pointers()"],"fullName":"QueryResult pointers() returns JSONPointer objects that match the string form","status":"passed","title":"returns JSONPointer objects that match the string form","duration":1.5493339999999876,"failureMessages":[],"meta":{}}],"startTime":1767598647727,"endTime":1767598647728.5493,"status":"passed","message":"","name":"/Volumes/MacStudioExternal/Users/lmiller/Dev/lellimecnar/source/packages/jsonpath/evaluator/src/__tests__/query-result.spec.ts"},{"assertionResults":[{"ancestorTitles":["Evaluator Security"],"fullName":"Evaluator Security should enforce maxDepth","status":"passed","title":"should enforce maxDepth","duration":1.809459000000004,"failureMessages":[],"meta":{}},{"ancestorTitles":["Evaluator Security"],"fullName":"Evaluator Security should enforce maxResults","status":"passed","title":"should enforce maxResults","duration":0.44983299999998394,"failureMessages":[],"meta":{}},{"ancestorTitles":["Evaluator Security"],"fullName":"Evaluator Security should detect circular references","status":"passed","title":"should detect circular references","duration":0.27504100000001586,"failureMessages":[],"meta":{}},{"ancestorTitles":["Evaluator Security"],"fullName":"Evaluator Security should enforce timeout","status":"passed","title":"should enforce timeout","duration":0.5834999999999866,"failureMessages":[],"meta":{}},{"ancestorTitles":["Evaluator Security"],"fullName":"Evaluator Security should enforce maxNodes","status":"passed","title":"should enforce maxNodes","duration":0.3748329999999953,"failureMessages":[],"meta":{}},{"ancestorTitles":["Evaluator Security"],"fullName":"Evaluator Security should enforce maxFilterDepth","status":"passed","title":"should enforce maxFilterDepth","duration":1.348542000000009,"failureMessages":[],"meta":{}},{"ancestorTitles":["Evaluator Security"],"fullName":"Evaluator Security should enforce blockPaths","status":"passed","title":"should enforce blockPaths","duration":0.8432080000000042,"failureMessages":[],"meta":{}},{"ancestorTitles":["Evaluator Security"],"fullName":"Evaluator Security should enforce allowPaths","status":"passed","title":"should enforce allowPaths","duration":0.2572499999999991,"failureMessages":[],"meta":{}}],"startTime":1767598647728,"endTime":1767598647734.2573,"status":"passed","message":"","name":"/Volumes/MacStudioExternal/Users/lmiller/Dev/lellimecnar/source/packages/jsonpath/evaluator/src/__tests__/security.spec.ts"},{"assertionResults":[{"ancestorTitles":["Evaluator Stream"],"fullName":"Evaluator Stream should yield results incrementally","status":"passed","title":"should yield results incrementally","duration":1.9034169999999904,"failureMessages":[],"meta":{}},{"ancestorTitles":["Evaluator Stream"],"fullName":"Evaluator Stream should support early termination","status":"passed","title":"should support early termination","duration":0.17029199999998923,"failureMessages":[],"meta":{}},{"ancestorTitles":["Evaluator Stream"],"fullName":"Evaluator Stream should respect AbortSignal","status":"passed","title":"should respect AbortSignal","duration":0.45533399999999347,"failureMessages":[],"meta":{}},{"ancestorTitles":["Evaluator Stream"],"fullName":"Evaluator Stream should respect timeout","status":"passed","title":"should respect timeout","duration":0.6187080000000265,"failureMessages":[],"meta":{}}],"startTime":1767598647728,"endTime":1767598647730.6187,"status":"passed","message":"","name":"/Volumes/MacStudioExternal/Users/lmiller/Dev/lellimecnar/source/packages/jsonpath/evaluator/src/__tests__/stream.spec.ts"}]}