{"numTotalTestSuites":2,"numPassedTestSuites":2,"numFailedTestSuites":0,"numPendingTestSuites":0,"numTotalTests":11,"numPassedTests":11,"numFailedTests":0,"numPendingTests":0,"numTodoTests":0,"snapshot":{"added":0,"failure":false,"filesAdded":0,"filesRemoved":0,"filesRemovedList":[],"filesUnmatched":0,"filesUpdated":0,"matched":0,"total":0,"unchecked":0,"uncheckedKeysByFile":[],"unmatched":0,"updated":0,"didUpdate":false},"startTime":1767628102810,"success":true,"testResults":[{"assertionResults":[{"ancestorTitles":["Lexer"],"fullName":"Lexer should tokenize basic structural elements","status":"passed","title":"should tokenize basic structural elements","duration":1.053625000000011,"failureMessages":[],"meta":{}},{"ancestorTitles":["Lexer"],"fullName":"Lexer should tokenize recursive descent","status":"passed","title":"should tokenize recursive descent","duration":0.1684590000000128,"failureMessages":[],"meta":{}},{"ancestorTitles":["Lexer"],"fullName":"Lexer should tokenize strings with single quotes","status":"passed","title":"should tokenize strings with single quotes","duration":0.28066599999999653,"failureMessages":[],"meta":{}},{"ancestorTitles":["Lexer"],"fullName":"Lexer should tokenize strings with double quotes","status":"passed","title":"should tokenize strings with double quotes","duration":0.1160419999999931,"failureMessages":[],"meta":{}},{"ancestorTitles":["Lexer"],"fullName":"Lexer should tokenize numbers","status":"passed","title":"should tokenize numbers","duration":0.18258299999999394,"failureMessages":[],"meta":{}},{"ancestorTitles":["Lexer"],"fullName":"Lexer should tokenize boolean and null literals","status":"passed","title":"should tokenize boolean and null literals","duration":0.10858400000000756,"failureMessages":[],"meta":{}},{"ancestorTitles":["Lexer"],"fullName":"Lexer should tokenize comparison operators","status":"passed","title":"should tokenize comparison operators","duration":0.17683300000001623,"failureMessages":[],"meta":{}},{"ancestorTitles":["Lexer"],"fullName":"Lexer should track line and column correctly","status":"passed","title":"should track line and column correctly","duration":0.12041700000000333,"failureMessages":[],"meta":{}},{"ancestorTitles":["Lexer"],"fullName":"Lexer should handle unicode escape sequences","status":"passed","title":"should handle unicode escape sequences","duration":0.07779199999998809,"failureMessages":[],"meta":{}},{"ancestorTitles":["Lexer"],"fullName":"Lexer should emit ERROR for invalid characters","status":"passed","title":"should emit ERROR for invalid characters","duration":0.07920799999999417,"failureMessages":[],"meta":{}},{"ancestorTitles":["Lexer"],"fullName":"Lexer should perform well (benchmark)","status":"passed","title":"should perform well (benchmark)","duration":56.40841599999999,"failureMessages":[],"meta":{}}],"startTime":1767628102971,"endTime":1767628103029.4084,"status":"passed","message":"","name":"/Volumes/MacStudioExternal/Users/lmiller/Dev/lellimecnar/source/packages/jsonpath/lexer/src/__tests__/lexer.spec.ts"}]}