{"numTotalTestSuites":16,"numPassedTestSuites":16,"numFailedTestSuites":0,"numPendingTestSuites":0,"numTotalTests":25,"numPassedTests":25,"numFailedTests":0,"numPendingTests":0,"numTodoTests":0,"snapshot":{"added":0,"failure":false,"filesAdded":0,"filesRemoved":0,"filesRemovedList":[],"filesUnmatched":0,"filesUpdated":0,"matched":0,"total":0,"unchecked":0,"uncheckedKeysByFile":[],"unmatched":0,"updated":0,"didUpdate":false},"startTime":1767628101674,"success":true,"testResults":[{"assertionResults":[{"ancestorTitles":["errors"],"fullName":"errors should create a base JSONPathError","status":"passed","title":"should create a base JSONPathError","duration":0.6595419999999876,"failureMessages":[],"meta":{}},{"ancestorTitles":["errors"],"fullName":"errors should create specific error types","status":"passed","title":"should create specific error types","duration":0.35966700000000174,"failureMessages":[],"meta":{}},{"ancestorTitles":["errors"],"fullName":"errors should serialize to JSON","status":"passed","title":"should serialize to JSON","duration":0.10204099999998562,"failureMessages":[],"meta":{}}],"startTime":1767628101831,"endTime":1767628101832.3596,"status":"passed","message":"","name":"/Volumes/MacStudioExternal/Users/lmiller/Dev/lellimecnar/source/packages/jsonpath/core/src/__tests__/errors.spec.ts"},{"assertionResults":[{"ancestorTitles":["Nothing"],"fullName":"Nothing is a stable symbol","status":"passed","title":"is a stable symbol","duration":0.8737920000000088,"failureMessages":[],"meta":{}},{"ancestorTitles":["Nothing"],"fullName":"Nothing type guard works","status":"passed","title":"type guard works","duration":0.15162499999999568,"failureMessages":[],"meta":{}}],"startTime":1767628101830,"endTime":1767628101831.1516,"status":"passed","message":"","name":"/Volumes/MacStudioExternal/Users/lmiller/Dev/lellimecnar/source/packages/jsonpath/core/src/__tests__/nothing.spec.ts"},{"assertionResults":[{"ancestorTitles":["PluginManager"],"fullName":"PluginManager should register plugins and call onRegister","status":"passed","title":"should register plugins and call onRegister","duration":1.090915999999993,"failureMessages":[],"meta":{}},{"ancestorTitles":["PluginManager"],"fullName":"PluginManager should resolve dependencies","status":"passed","title":"should resolve dependencies","duration":0.37175000000002,"failureMessages":[],"meta":{}},{"ancestorTitles":["PluginManager"],"fullName":"PluginManager should throw on missing dependencies","status":"passed","title":"should throw on missing dependencies","duration":0.4016250000000241,"failureMessages":[],"meta":{}},{"ancestorTitles":["PluginManager"],"fullName":"PluginManager should throw on circular dependencies","status":"passed","title":"should throw on circular dependencies","duration":0.11074999999999591,"failureMessages":[],"meta":{}},{"ancestorTitles":["PluginManager"],"fullName":"PluginManager should provide PluginContext with metadata","status":"passed","title":"should provide PluginContext with metadata","duration":0.07949999999999591,"failureMessages":[],"meta":{}}],"startTime":1767628101830,"endTime":1767628101832.1108,"status":"passed","message":"","name":"/Volumes/MacStudioExternal/Users/lmiller/Dev/lellimecnar/source/packages/jsonpath/core/src/__tests__/plugins.spec.ts"},{"assertionResults":[{"ancestorTitles":["registry"],"fullName":"registry should register a selector","status":"passed","title":"should register a selector","duration":0.5305839999999762,"failureMessages":[],"meta":{}},{"ancestorTitles":["registry"],"fullName":"registry should register an operator","status":"passed","title":"should register an operator","duration":0.09029099999997925,"failureMessages":[],"meta":{}}],"startTime":1767628101831,"endTime":1767628101832.0903,"status":"passed","message":"","name":"/Volumes/MacStudioExternal/Users/lmiller/Dev/lellimecnar/source/packages/jsonpath/core/src/__tests__/registry.spec.ts"},{"assertionResults":[{"ancestorTitles":["types"],"fullName":"types should allow creating a QueryNode","status":"passed","title":"should allow creating a QueryNode","duration":0.7532089999999982,"failureMessages":[],"meta":{}},{"ancestorTitles":["types"],"fullName":"types should define QueryResult interface structure","status":"passed","title":"should define QueryResult interface structure","duration":0.12475000000000591,"failureMessages":[],"meta":{}}],"startTime":1767628101820,"endTime":1767628101820.7532,"status":"passed","message":"","name":"/Volumes/MacStudioExternal/Users/lmiller/Dev/lellimecnar/source/packages/jsonpath/core/src/__tests__/types.spec.ts"},{"assertionResults":[{"ancestorTitles":["utils","type guards"],"fullName":"utils type guards isObject","status":"passed","title":"isObject","duration":0.598667000000006,"failureMessages":[],"meta":{}},{"ancestorTitles":["utils","type guards"],"fullName":"utils type guards isArray","status":"passed","title":"isArray","duration":0.11866700000001629,"failureMessages":[],"meta":{}},{"ancestorTitles":["utils","type guards"],"fullName":"utils type guards isPrimitive","status":"passed","title":"isPrimitive","duration":0.13124999999999432,"failureMessages":[],"meta":{}},{"ancestorTitles":["utils","deepEqual"],"fullName":"utils deepEqual should compare primitives","status":"passed","title":"should compare primitives","duration":0.16637499999998795,"failureMessages":[],"meta":{}},{"ancestorTitles":["utils","deepEqual"],"fullName":"utils deepEqual should compare objects","status":"passed","title":"should compare objects","duration":0.1294160000000204,"failureMessages":[],"meta":{}},{"ancestorTitles":["utils","deepEqual"],"fullName":"utils deepEqual should compare arrays","status":"passed","title":"should compare arrays","duration":0.08191700000000424,"failureMessages":[],"meta":{}},{"ancestorTitles":["utils","deepEqual"],"fullName":"utils deepEqual should handle circular references","status":"passed","title":"should handle circular references","duration":0.05545900000001325,"failureMessages":[],"meta":{}},{"ancestorTitles":["utils","deepClone"],"fullName":"utils deepClone should clone primitives","status":"passed","title":"should clone primitives","duration":0.10566700000001106,"failureMessages":[],"meta":{}},{"ancestorTitles":["utils","deepClone"],"fullName":"utils deepClone should clone objects and arrays","status":"passed","title":"should clone objects and arrays","duration":0.510124999999988,"failureMessages":[],"meta":{}},{"ancestorTitles":["utils","deepClone"],"fullName":"utils deepClone should clone using fallback if structuredClone is not available","status":"passed","title":"should clone using fallback if structuredClone is not available","duration":0.13850000000002183,"failureMessages":[],"meta":{}},{"ancestorTitles":["utils","freeze"],"fullName":"utils freeze should recursively freeze","status":"passed","title":"should recursively freeze","duration":0.4368750000000148,"failureMessages":[],"meta":{}}],"startTime":1767628101831,"endTime":1767628101833.4368,"status":"passed","message":"","name":"/Volumes/MacStudioExternal/Users/lmiller/Dev/lellimecnar/source/packages/jsonpath/core/src/__tests__/utils.spec.ts"}]}