{"numTotalTestSuites":6,"numPassedTestSuites":6,"numFailedTestSuites":0,"numPendingTestSuites":0,"numTotalTests":15,"numPassedTests":15,"numFailedTests":0,"numPendingTests":0,"numTodoTests":0,"snapshot":{"added":0,"failure":false,"filesAdded":0,"filesRemoved":0,"filesRemovedList":[],"filesUnmatched":0,"filesUpdated":0,"matched":0,"total":0,"unchecked":0,"uncheckedKeysByFile":[],"unmatched":0,"updated":0,"didUpdate":false},"startTime":1767595540409,"success":true,"testResults":[{"assertionResults":[{"ancestorTitles":["Functions"],"fullName":"Functions length() should return correct length","status":"passed","title":"length() should return correct length","duration":0.5870840000000044,"failureMessages":[],"meta":{}},{"ancestorTitles":["Functions"],"fullName":"Functions count() should return node count","status":"passed","title":"count() should return node count","duration":0.09100000000000819,"failureMessages":[],"meta":{}},{"ancestorTitles":["Functions"],"fullName":"Functions match() should perform full regex match","status":"passed","title":"match() should perform full regex match","duration":0.2953339999999116,"failureMessages":[],"meta":{}},{"ancestorTitles":["Functions"],"fullName":"Functions search() should perform partial regex match","status":"passed","title":"search() should perform partial regex match","duration":0.11716599999999744,"failureMessages":[],"meta":{}},{"ancestorTitles":["Functions"],"fullName":"Functions value() should extract single value","status":"passed","title":"value() should extract single value","duration":0.08695799999998144,"failureMessages":[],"meta":{}},{"ancestorTitles":["Functions"],"fullName":"Functions registers min/max/sum/avg","status":"passed","title":"registers min/max/sum/avg","duration":0.1452919999999267,"failureMessages":[],"meta":{}},{"ancestorTitles":["Functions"],"fullName":"Functions registers keys/type","status":"passed","title":"registers keys/type","duration":0.35370899999998073,"failureMessages":[],"meta":{}}],"startTime":1767595541311,"endTime":1767595541312.3538,"status":"passed","message":"","name":"/Volumes/MacStudioExternal/Users/lmiller/Dev/lellimecnar/source/packages/jsonpath/functions/src/__tests__/functions.spec.ts"},{"assertionResults":[{"ancestorTitles":["I-Regexp (RFC 9485)","validateIRegexp"],"fullName":"I-Regexp (RFC 9485) validateIRegexp should allow valid I-Regexp patterns","status":"passed","title":"should allow valid I-Regexp patterns","duration":1.0362089999999853,"failureMessages":[],"meta":{}},{"ancestorTitles":["I-Regexp (RFC 9485)","validateIRegexp"],"fullName":"I-Regexp (RFC 9485) validateIRegexp should reject non-capturing groups","status":"passed","title":"should reject non-capturing groups","duration":0.10749999999995907,"failureMessages":[],"meta":{}},{"ancestorTitles":["I-Regexp (RFC 9485)","validateIRegexp"],"fullName":"I-Regexp (RFC 9485) validateIRegexp should reject lookaround","status":"passed","title":"should reject lookaround","duration":0.14183300000001964,"failureMessages":[],"meta":{}},{"ancestorTitles":["I-Regexp (RFC 9485)","validateIRegexp"],"fullName":"I-Regexp (RFC 9485) validateIRegexp should reject backreferences","status":"passed","title":"should reject backreferences","duration":0.09783300000003692,"failureMessages":[],"meta":{}},{"ancestorTitles":["I-Regexp (RFC 9485)","validateIRegexp"],"fullName":"I-Regexp (RFC 9485) validateIRegexp should reject named groups","status":"passed","title":"should reject named groups","duration":0.09216600000002018,"failureMessages":[],"meta":{}},{"ancestorTitles":["I-Regexp (RFC 9485)","convertIRegexp"],"fullName":"I-Regexp (RFC 9485) convertIRegexp should handle . matching any character except LF/CR","status":"passed","title":"should handle . matching any character except LF/CR","duration":0.17958299999997962,"failureMessages":[],"meta":{}},{"ancestorTitles":["I-Regexp (RFC 9485)","convertIRegexp"],"fullName":"I-Regexp (RFC 9485) convertIRegexp should not replace . inside character classes","status":"passed","title":"should not replace . inside character classes","duration":0.07674999999994725,"failureMessages":[],"meta":{}},{"ancestorTitles":["I-Regexp (RFC 9485)","convertIRegexp"],"fullName":"I-Regexp (RFC 9485) convertIRegexp should not replace escaped .","status":"passed","title":"should not replace escaped .","duration":0.07704200000000583,"failureMessages":[],"meta":{}}],"startTime":1767595541284,"endTime":1767595541286.0771,"status":"passed","message":"","name":"/Volumes/MacStudioExternal/Users/lmiller/Dev/lellimecnar/source/packages/jsonpath/functions/src/__tests__/i-regexp.spec.ts"}]}