{"numTotalTestSuites":2,"numPassedTestSuites":2,"numFailedTestSuites":0,"numPendingTestSuites":0,"numTotalTests":1,"numPassedTests":1,"numFailedTests":0,"numPendingTests":0,"numTodoTests":0,"snapshot":{"added":0,"failure":false,"filesAdded":0,"filesRemoved":0,"filesRemovedList":[],"filesUnmatched":0,"filesUpdated":0,"matched":0,"total":0,"unchecked":0,"uncheckedKeysByFile":[],"unmatched":0,"updated":0,"didUpdate":false},"startTime":1767626484126,"success":true,"testResults":[{"assertionResults":[{"ancestorTitles":["@jsonpath/schema"],"fullName":"@jsonpath/schema delegates to adapter","status":"passed","title":"delegates to adapter","duration":0.7497500000000059,"failureMessages":[],"meta":{}}],"startTime":1767626484284,"endTime":1767626484284.7498,"status":"passed","message":"","name":"/Volumes/MacStudioExternal/Users/lmiller/Dev/lellimecnar/source/packages/jsonpath/schema/src/__tests__/validator.spec.ts"}]}