{"numTotalTestSuites":18,"numPassedTestSuites":18,"numFailedTestSuites":0,"numPendingTestSuites":0,"numTotalTests":38,"numPassedTests":38,"numFailedTests":0,"numPendingTests":0,"numTodoTests":0,"snapshot":{"added":0,"failure":false,"filesAdded":0,"filesRemoved":0,"filesRemovedList":[],"filesUnmatched":0,"filesUpdated":0,"matched":0,"total":0,"unchecked":0,"uncheckedKeysByFile":[],"unmatched":0,"updated":0,"didUpdate":false},"startTime":1767598650317,"success":true,"testResults":[{"assertionResults":[{"ancestorTitles":["Configuration & Cache"],"fullName":"Configuration & Cache should update and persist configuration","status":"passed","title":"should update and persist configuration","duration":0.6793749999999932,"failureMessages":[],"meta":{}},{"ancestorTitles":["Configuration & Cache"],"fullName":"Configuration & Cache should reset to defaults","status":"passed","title":"should reset to defaults","duration":0.11225000000000307,"failureMessages":[],"meta":{}},{"ancestorTitles":["Configuration & Cache"],"fullName":"Configuration & Cache should track cache hits and misses","status":"passed","title":"should track cache hits and misses","duration":0.14904200000000856,"failureMessages":[],"meta":{}},{"ancestorTitles":["Configuration & Cache"],"fullName":"Configuration & Cache should clear cache and reset stats","status":"passed","title":"should clear cache and reset stats","duration":0.118583000000001,"failureMessages":[],"meta":{}}],"startTime":1767598650459,"endTime":1767598650460.1187,"status":"passed","message":"","name":"/Volumes/MacStudioExternal/Users/lmiller/Dev/lellimecnar/source/packages/jsonpath/jsonpath/src/__tests__/config.spec.ts"},{"assertionResults":[{"ancestorTitles":["examples"],"fullName":"examples compat-json-p3 example runs","status":"passed","title":"compat-json-p3 example runs","duration":1.5625410000000102,"failureMessages":[],"meta":{}},{"ancestorTitles":["examples"],"fullName":"examples plugins example runs","status":"passed","title":"plugins example runs","duration":0.22033299999998235,"failureMessages":[],"meta":{}},{"ancestorTitles":["examples"],"fullName":"examples schema-validation example runs","status":"passed","title":"schema-validation example runs","duration":0.248958000000016,"failureMessages":[],"meta":{}}],"startTime":1767598650625,"endTime":1767598650627.249,"status":"passed","message":"","name":"/Volumes/MacStudioExternal/Users/lmiller/Dev/lellimecnar/source/packages/jsonpath/jsonpath/src/__tests__/examples.spec.ts"},{"assertionResults":[{"ancestorTitles":["JSONPath Facade"],"fullName":"JSONPath Facade should execute query()","status":"passed","title":"should execute query()","duration":1.86183299999999,"failureMessages":[],"meta":{}},{"ancestorTitles":["JSONPath Facade"],"fullName":"JSONPath Facade should execute queryValues()","status":"passed","title":"should execute queryValues()","duration":0.19541700000002038,"failureMessages":[],"meta":{}},{"ancestorTitles":["JSONPath Facade"],"fullName":"JSONPath Facade should execute queryPaths()","status":"passed","title":"should execute queryPaths()","duration":0.1117500000000291,"failureMessages":[],"meta":{}},{"ancestorTitles":["JSONPath Facade"],"fullName":"JSONPath Facade should execute compileQuery()","status":"passed","title":"should execute compileQuery()","duration":0.5113329999999792,"failureMessages":[],"meta":{}},{"ancestorTitles":["JSONPath Facade"],"fullName":"JSONPath Facade should execute value()","status":"passed","title":"should execute value()","duration":0.1687909999999988,"failureMessages":[],"meta":{}},{"ancestorTitles":["JSONPath Facade"],"fullName":"JSONPath Facade should execute first()","status":"passed","title":"should execute first()","duration":0.241958000000011,"failureMessages":[],"meta":{}},{"ancestorTitles":["JSONPath Facade"],"fullName":"JSONPath Facade should execute exists()","status":"passed","title":"should execute exists()","duration":0.2575840000000085,"failureMessages":[],"meta":{}},{"ancestorTitles":["JSONPath Facade"],"fullName":"JSONPath Facade should execute count()","status":"passed","title":"should execute count()","duration":0.10554200000001401,"failureMessages":[],"meta":{}},{"ancestorTitles":["JSONPath Facade"],"fullName":"JSONPath Facade should use cache for repeated queries","status":"passed","title":"should use cache for repeated queries","duration":0.11695900000000847,"failureMessages":[],"meta":{}},{"ancestorTitles":["JSONPath Facade"],"fullName":"JSONPath Facade should execute pointer()","status":"passed","title":"should execute pointer()","duration":0.22383300000001327,"failureMessages":[],"meta":{}},{"ancestorTitles":["JSONPath Facade"],"fullName":"JSONPath Facade should execute patch()","status":"passed","title":"should execute patch()","duration":0.22825000000000273,"failureMessages":[],"meta":{}},{"ancestorTitles":["JSONPath Facade"],"fullName":"JSONPath Facade should execute mergePatch()","status":"passed","title":"should execute mergePatch()","duration":0.09229199999998627,"failureMessages":[],"meta":{}},{"ancestorTitles":["JSONPath Facade"],"fullName":"JSONPath Facade should execute toPointer()","status":"passed","title":"should execute toPointer()","duration":0.08620799999999917,"failureMessages":[],"meta":{}},{"ancestorTitles":["JSONPath Facade"],"fullName":"JSONPath Facade should execute toPointers()","status":"passed","title":"should execute toPointers()","duration":0.07354200000003175,"failureMessages":[],"meta":{}},{"ancestorTitles":["JSONPath Facade"],"fullName":"JSONPath Facade should transform values","status":"passed","title":"should transform values","duration":0.17237499999998818,"failureMessages":[],"meta":{}},{"ancestorTitles":["JSONPath Facade"],"fullName":"JSONPath Facade should omit paths","status":"passed","title":"should omit paths","duration":0.148208000000011,"failureMessages":[],"meta":{}},{"ancestorTitles":["JSONPath Facade"],"fullName":"JSONPath Facade should expose PathBuilder","status":"passed","title":"should expose PathBuilder","duration":0.10045800000000327,"failureMessages":[],"meta":{}}],"startTime":1767598650611,"endTime":1767598650615.2283,"status":"passed","message":"","name":"/Volumes/MacStudioExternal/Users/lmiller/Dev/lellimecnar/source/packages/jsonpath/jsonpath/src/__tests__/facade.spec.ts"},{"assertionResults":[{"ancestorTitles":["JSONPath Integration Readiness"],"fullName":"JSONPath Integration Readiness should support a complex integration workflow","status":"passed","title":"should support a complex integration workflow","duration":3.141458,"failureMessages":[],"meta":{}}],"startTime":1767598650610,"endTime":1767598650613.1414,"status":"passed","message":"","name":"/Volumes/MacStudioExternal/Users/lmiller/Dev/lellimecnar/source/packages/jsonpath/jsonpath/src/__tests__/integration-readiness.spec.ts"},{"assertionResults":[{"ancestorTitles":["JSONPath Integration"],"fullName":"JSONPath Integration should support basic queries via facade","status":"passed","title":"should support basic queries via facade","duration":1.6703750000000355,"failureMessages":[],"meta":{}},{"ancestorTitles":["JSONPath Integration"],"fullName":"JSONPath Integration should propagate EvaluatorOptions via facade","status":"passed","title":"should propagate EvaluatorOptions via facade","duration":0.7443339999999807,"failureMessages":[],"meta":{}},{"ancestorTitles":["JSONPath Integration"],"fullName":"JSONPath Integration should support RFC 9535 slices and normalized paths","status":"passed","title":"should support RFC 9535 slices and normalized paths","duration":0.42720800000000736,"failureMessages":[],"meta":{}}],"startTime":1767598650601,"endTime":1767598650603.4272,"status":"passed","message":"","name":"/Volumes/MacStudioExternal/Users/lmiller/Dev/lellimecnar/source/packages/jsonpath/jsonpath/src/__tests__/integration.spec.ts"},{"assertionResults":[{"ancestorTitles":["Multi-Query"],"fullName":"Multi-Query multiQuery should handle array of queries","status":"passed","title":"multiQuery should handle array of queries","duration":1.574625000000026,"failureMessages":[],"meta":{}},{"ancestorTitles":["Multi-Query"],"fullName":"Multi-Query multiQuery should handle record of queries","status":"passed","title":"multiQuery should handle record of queries","duration":0.19358299999998962,"failureMessages":[],"meta":{}},{"ancestorTitles":["Multi-Query"],"fullName":"Multi-Query QuerySet should be reusable","status":"passed","title":"QuerySet should be reusable","duration":0.23125000000004547,"failureMessages":[],"meta":{}},{"ancestorTitles":["Multi-Query"],"fullName":"Multi-Query QuerySet should be mutable","status":"passed","title":"QuerySet should be mutable","duration":0.09854200000000901,"failureMessages":[],"meta":{}}],"startTime":1767598650605,"endTime":1767598650607.0986,"status":"passed","message":"","name":"/Volumes/MacStudioExternal/Users/lmiller/Dev/lellimecnar/source/packages/jsonpath/jsonpath/src/__tests__/multi-query.spec.ts"},{"assertionResults":[{"ancestorTitles":["JSONPath Utilities","secureQuery"],"fullName":"JSONPath Utilities secureQuery should enforce maxQueryLength","status":"passed","title":"should enforce maxQueryLength","duration":0.8832499999999754,"failureMessages":[],"meta":{}},{"ancestorTitles":["JSONPath Utilities","secureQuery"],"fullName":"JSONPath Utilities secureQuery should block recursive descent by default","status":"passed","title":"should block recursive descent by default","duration":0.6772090000000048,"failureMessages":[],"meta":{}},{"ancestorTitles":["JSONPath Utilities","transformAll"],"fullName":"JSONPath Utilities transformAll should apply multiple transformations","status":"passed","title":"should apply multiple transformations","duration":1.0331659999999943,"failureMessages":[],"meta":{}},{"ancestorTitles":["JSONPath Utilities","projectWith"],"fullName":"JSONPath Utilities projectWith should project with paths and functions","status":"passed","title":"should project with paths and functions","duration":0.6710410000000024,"failureMessages":[],"meta":{}},{"ancestorTitles":["JSONPath Utilities","merge and mergeWith"],"fullName":"JSONPath Utilities merge and mergeWith should merge patches","status":"passed","title":"should merge patches","duration":0.12179199999997081,"failureMessages":[],"meta":{}},{"ancestorTitles":["JSONPath Utilities","merge and mergeWith"],"fullName":"JSONPath Utilities merge and mergeWith should merge multiple patches","status":"passed","title":"should merge multiple patches","duration":0.09924999999998363,"failureMessages":[],"meta":{}}],"startTime":1767598650611,"endTime":1767598650614.1218,"status":"passed","message":"","name":"/Volumes/MacStudioExternal/Users/lmiller/Dev/lellimecnar/source/packages/jsonpath/jsonpath/src/__tests__/utilities.spec.ts"}]}