{"numTotalTestSuites":26,"numPassedTestSuites":26,"numFailedTestSuites":0,"numPendingTestSuites":0,"numTotalTests":50,"numPassedTests":50,"numFailedTests":0,"numPendingTests":0,"numTodoTests":0,"snapshot":{"added":0,"failure":false,"filesAdded":0,"filesRemoved":0,"filesRemovedList":[],"filesUnmatched":0,"filesUpdated":0,"matched":0,"total":0,"unchecked":0,"uncheckedKeysByFile":[],"unmatched":0,"updated":0,"didUpdate":false},"startTime":1767626484583,"success":true,"testResults":[{"assertionResults":[{"ancestorTitles":["Extended Selectors","Parent Selector (^)"],"fullName":"Extended Selectors Parent Selector (^) should return the parent of a matched node","status":"passed","title":"should return the parent of a matched node","duration":1.771959000000038,"failureMessages":[],"meta":{}},{"ancestorTitles":["Extended Selectors","Parent Selector (^)"],"fullName":"Extended Selectors Parent Selector (^) should return the parent of multiple matched nodes","status":"passed","title":"should return the parent of multiple matched nodes","duration":0.23062500000003183,"failureMessages":[],"meta":{}},{"ancestorTitles":["Extended Selectors","Parent Selector (^)"],"fullName":"Extended Selectors Parent Selector (^) should work with recursive descent","status":"passed","title":"should work with recursive descent","duration":0.2727499999999736,"failureMessages":[],"meta":{}},{"ancestorTitles":["Extended Selectors","Property Name Selector (~)"],"fullName":"Extended Selectors Property Name Selector (~) should return the property name of a matched node","status":"passed","title":"should return the property name of a matched node","duration":0.15050000000002228,"failureMessages":[],"meta":{}},{"ancestorTitles":["Extended Selectors","Property Name Selector (~)"],"fullName":"Extended Selectors Property Name Selector (~) should return property names for multiple matches","status":"passed","title":"should return property names for multiple matches","duration":0.14254099999999426,"failureMessages":[],"meta":{}},{"ancestorTitles":["Extended Selectors","Property Name Selector (~)"],"fullName":"Extended Selectors Property Name Selector (~) should work with wildcard","status":"passed","title":"should work with wildcard","duration":0.14137499999998226,"failureMessages":[],"meta":{}}],"startTime":1767626484896,"endTime":1767626484898.2727,"status":"passed","message":"","name":"/Volumes/MacStudioExternal/Users/lmiller/Dev/lellimecnar/source/packages/jsonpath/jsonpath/__tests__/extended-selectors.spec.ts"},{"assertionResults":[{"ancestorTitles":["Plugins","Arithmetic Plugin"],"fullName":"Plugins Arithmetic Plugin should support add()","status":"passed","title":"should support add()","duration":2.2355830000000196,"failureMessages":[],"meta":{}},{"ancestorTitles":["Plugins","Arithmetic Plugin"],"fullName":"Plugins Arithmetic Plugin should support sub()","status":"passed","title":"should support sub()","duration":0.2691249999999741,"failureMessages":[],"meta":{}},{"ancestorTitles":["Plugins","Arithmetic Plugin"],"fullName":"Plugins Arithmetic Plugin should support mul()","status":"passed","title":"should support mul()","duration":0.22087500000003502,"failureMessages":[],"meta":{}},{"ancestorTitles":["Plugins","Arithmetic Plugin"],"fullName":"Plugins Arithmetic Plugin should support div()","status":"passed","title":"should support div()","duration":0.22270800000001145,"failureMessages":[],"meta":{}},{"ancestorTitles":["Plugins","Extras Plugin"],"fullName":"Plugins Extras Plugin should support values()","status":"passed","title":"should support values()","duration":0.20579200000003084,"failureMessages":[],"meta":{}},{"ancestorTitles":["Plugins","Extras Plugin"],"fullName":"Plugins Extras Plugin should support unique()","status":"passed","title":"should support unique()","duration":0.1332919999999831,"failureMessages":[],"meta":{}}],"startTime":1767626484895,"endTime":1767626484898.2227,"status":"passed","message":"","name":"/Volumes/MacStudioExternal/Users/lmiller/Dev/lellimecnar/source/packages/jsonpath/jsonpath/__tests__/plugins.spec.ts"},{"assertionResults":[{"ancestorTitles":["Configuration & Cache"],"fullName":"Configuration & Cache should update and persist configuration","status":"passed","title":"should update and persist configuration","duration":0.6370000000000005,"failureMessages":[],"meta":{}},{"ancestorTitles":["Configuration & Cache"],"fullName":"Configuration & Cache should reset to defaults","status":"passed","title":"should reset to defaults","duration":0.09375,"failureMessages":[],"meta":{}},{"ancestorTitles":["Configuration & Cache"],"fullName":"Configuration & Cache should track cache hits and misses","status":"passed","title":"should track cache hits and misses","duration":0.24770800000001714,"failureMessages":[],"meta":{}},{"ancestorTitles":["Configuration & Cache"],"fullName":"Configuration & Cache should clear cache and reset stats","status":"passed","title":"should clear cache and reset stats","duration":0.1183330000000069,"failureMessages":[],"meta":{}}],"startTime":1767626484742,"endTime":1767626484743.1184,"status":"passed","message":"","name":"/Volumes/MacStudioExternal/Users/lmiller/Dev/lellimecnar/source/packages/jsonpath/jsonpath/src/__tests__/config.spec.ts"},{"assertionResults":[{"ancestorTitles":["examples"],"fullName":"examples compat-json-p3 example runs","status":"passed","title":"compat-json-p3 example runs","duration":1.5997500000000286,"failureMessages":[],"meta":{}},{"ancestorTitles":["examples"],"fullName":"examples plugins example runs","status":"passed","title":"plugins example runs","duration":0.261415999999997,"failureMessages":[],"meta":{}},{"ancestorTitles":["examples"],"fullName":"examples schema-validation example runs","status":"passed","title":"schema-validation example runs","duration":0.2663750000000391,"failureMessages":[],"meta":{}}],"startTime":1767626484918,"endTime":1767626484920.2664,"status":"passed","message":"","name":"/Volumes/MacStudioExternal/Users/lmiller/Dev/lellimecnar/source/packages/jsonpath/jsonpath/src/__tests__/examples.spec.ts"},{"assertionResults":[{"ancestorTitles":["JSONPath Facade"],"fullName":"JSONPath Facade should execute query()","status":"passed","title":"should execute query()","duration":1.7755840000000376,"failureMessages":[],"meta":{}},{"ancestorTitles":["JSONPath Facade"],"fullName":"JSONPath Facade should execute queryValues()","status":"passed","title":"should execute queryValues()","duration":0.20991600000002109,"failureMessages":[],"meta":{}},{"ancestorTitles":["JSONPath Facade"],"fullName":"JSONPath Facade should execute queryPaths()","status":"passed","title":"should execute queryPaths()","duration":0.13116700000000492,"failureMessages":[],"meta":{}},{"ancestorTitles":["JSONPath Facade"],"fullName":"JSONPath Facade should execute compileQuery()","status":"passed","title":"should execute compileQuery()","duration":0.5260000000000105,"failureMessages":[],"meta":{}},{"ancestorTitles":["JSONPath Facade"],"fullName":"JSONPath Facade should execute value()","status":"passed","title":"should execute value()","duration":0.1490840000000162,"failureMessages":[],"meta":{}},{"ancestorTitles":["JSONPath Facade"],"fullName":"JSONPath Facade should execute first()","status":"passed","title":"should execute first()","duration":0.07999999999998408,"failureMessages":[],"meta":{}},{"ancestorTitles":["JSONPath Facade"],"fullName":"JSONPath Facade should execute exists()","status":"passed","title":"should execute exists()","duration":0.15920900000003257,"failureMessages":[],"meta":{}},{"ancestorTitles":["JSONPath Facade"],"fullName":"JSONPath Facade should execute count()","status":"passed","title":"should execute count()","duration":0.09387499999996862,"failureMessages":[],"meta":{}},{"ancestorTitles":["JSONPath Facade"],"fullName":"JSONPath Facade should use cache for repeated queries","status":"passed","title":"should use cache for repeated queries","duration":0.11254200000001902,"failureMessages":[],"meta":{}},{"ancestorTitles":["JSONPath Facade"],"fullName":"JSONPath Facade should execute pointer()","status":"passed","title":"should execute pointer()","duration":0.19816699999995535,"failureMessages":[],"meta":{}},{"ancestorTitles":["JSONPath Facade"],"fullName":"JSONPath Facade should execute patch()","status":"passed","title":"should execute patch()","duration":0.20929200000000492,"failureMessages":[],"meta":{}},{"ancestorTitles":["JSONPath Facade"],"fullName":"JSONPath Facade should execute mergePatch()","status":"passed","title":"should execute mergePatch()","duration":0.08441599999997607,"failureMessages":[],"meta":{}},{"ancestorTitles":["JSONPath Facade"],"fullName":"JSONPath Facade should execute toPointer()","status":"passed","title":"should execute toPointer()","duration":0.08379200000001674,"failureMessages":[],"meta":{}},{"ancestorTitles":["JSONPath Facade"],"fullName":"JSONPath Facade should execute toPointers()","status":"passed","title":"should execute toPointers()","duration":0.06924999999995407,"failureMessages":[],"meta":{}},{"ancestorTitles":["JSONPath Facade"],"fullName":"JSONPath Facade should transform values","status":"passed","title":"should transform values","duration":0.16374999999999318,"failureMessages":[],"meta":{}},{"ancestorTitles":["JSONPath Facade"],"fullName":"JSONPath Facade should omit paths","status":"passed","title":"should omit paths","duration":0.1522499999999809,"failureMessages":[],"meta":{}},{"ancestorTitles":["JSONPath Facade"],"fullName":"JSONPath Facade should expose PathBuilder","status":"passed","title":"should expose PathBuilder","duration":0.10429200000004357,"failureMessages":[],"meta":{}}],"startTime":1767626484903,"endTime":1767626484907.1638,"status":"passed","message":"","name":"/Volumes/MacStudioExternal/Users/lmiller/Dev/lellimecnar/source/packages/jsonpath/jsonpath/src/__tests__/facade.spec.ts"},{"assertionResults":[{"ancestorTitles":["JSONPath Integration Readiness"],"fullName":"JSONPath Integration Readiness should support a complex integration workflow","status":"passed","title":"should support a complex integration workflow","duration":3.4419579999999996,"failureMessages":[],"meta":{}}],"startTime":1767626484903,"endTime":1767626484906.442,"status":"passed","message":"","name":"/Volumes/MacStudioExternal/Users/lmiller/Dev/lellimecnar/source/packages/jsonpath/jsonpath/src/__tests__/integration-readiness.spec.ts"},{"assertionResults":[{"ancestorTitles":["JSONPath Integration"],"fullName":"JSONPath Integration should support basic queries via facade","status":"passed","title":"should support basic queries via facade","duration":1.5694579999999974,"failureMessages":[],"meta":{}},{"ancestorTitles":["JSONPath Integration"],"fullName":"JSONPath Integration should propagate EvaluatorOptions via facade","status":"passed","title":"should propagate EvaluatorOptions via facade","duration":0.6974999999999909,"failureMessages":[],"meta":{}},{"ancestorTitles":["JSONPath Integration"],"fullName":"JSONPath Integration should support RFC 9535 slices and normalized paths","status":"passed","title":"should support RFC 9535 slices and normalized paths","duration":0.406833000000006,"failureMessages":[],"meta":{}}],"startTime":1767626484894,"endTime":1767626484897.4067,"status":"passed","message":"","name":"/Volumes/MacStudioExternal/Users/lmiller/Dev/lellimecnar/source/packages/jsonpath/jsonpath/src/__tests__/integration.spec.ts"},{"assertionResults":[{"ancestorTitles":["Multi-Query"],"fullName":"Multi-Query multiQuery should handle array of queries","status":"passed","title":"multiQuery should handle array of queries","duration":2.2852079999999546,"failureMessages":[],"meta":{}},{"ancestorTitles":["Multi-Query"],"fullName":"Multi-Query multiQuery should handle record of queries","status":"passed","title":"multiQuery should handle record of queries","duration":0.2631250000000023,"failureMessages":[],"meta":{}},{"ancestorTitles":["Multi-Query"],"fullName":"Multi-Query QuerySet should be reusable","status":"passed","title":"QuerySet should be reusable","duration":0.2821670000000154,"failureMessages":[],"meta":{}},{"ancestorTitles":["Multi-Query"],"fullName":"Multi-Query QuerySet should be mutable","status":"passed","title":"QuerySet should be mutable","duration":0.10308399999996709,"failureMessages":[],"meta":{}}],"startTime":1767626484899,"endTime":1767626484902.2822,"status":"passed","message":"","name":"/Volumes/MacStudioExternal/Users/lmiller/Dev/lellimecnar/source/packages/jsonpath/jsonpath/src/__tests__/multi-query.spec.ts"},{"assertionResults":[{"ancestorTitles":["JSONPath Utilities","secureQuery"],"fullName":"JSONPath Utilities secureQuery should enforce maxQueryLength","status":"passed","title":"should enforce maxQueryLength","duration":0.8886250000000473,"failureMessages":[],"meta":{}},{"ancestorTitles":["JSONPath Utilities","secureQuery"],"fullName":"JSONPath Utilities secureQuery should block recursive descent by default","status":"passed","title":"should block recursive descent by default","duration":0.682707999999991,"failureMessages":[],"meta":{}},{"ancestorTitles":["JSONPath Utilities","transformAll"],"fullName":"JSONPath Utilities transformAll should apply multiple transformations","status":"passed","title":"should apply multiple transformations","duration":1.098374999999976,"failureMessages":[],"meta":{}},{"ancestorTitles":["JSONPath Utilities","projectWith"],"fullName":"JSONPath Utilities projectWith should project with paths and functions","status":"passed","title":"should project with paths and functions","duration":0.5107090000000198,"failureMessages":[],"meta":{}},{"ancestorTitles":["JSONPath Utilities","merge and mergeWith"],"fullName":"JSONPath Utilities merge and mergeWith should merge patches","status":"passed","title":"should merge patches","duration":0.13775000000003956,"failureMessages":[],"meta":{}},{"ancestorTitles":["JSONPath Utilities","merge and mergeWith"],"fullName":"JSONPath Utilities merge and mergeWith should merge multiple patches","status":"passed","title":"should merge multiple patches","duration":0.0805840000000444,"failureMessages":[],"meta":{}}],"startTime":1767626484902,"endTime":1767626484906.1377,"status":"passed","message":"","name":"/Volumes/MacStudioExternal/Users/lmiller/Dev/lellimecnar/source/packages/jsonpath/jsonpath/src/__tests__/utilities.spec.ts"}]}