{"numTotalTestSuites":6,"numPassedTestSuites":0,"numFailedTestSuites":6,"numPendingTestSuites":0,"numTotalTests":14,"numPassedTests":2,"numFailedTests":12,"numPendingTests":0,"numTodoTests":0,"snapshot":{"added":0,"failure":false,"filesAdded":0,"filesRemoved":0,"filesRemovedList":[],"filesUnmatched":0,"filesUpdated":0,"matched":0,"total":0,"unchecked":0,"uncheckedKeysByFile":[],"unmatched":0,"updated":0,"didUpdate":false},"startTime":1767629382650,"success":false,"testResults":[{"assertionResults":[{"ancestorTitles":["JSONPath Expressions (RFC 9535)","Existence Tests"],"fullName":"JSONPath Expressions (RFC 9535) Existence Tests should return true if node exists (primitive)","status":"failed","title":"should return true if node exists (primitive)","duration":4.84824999999995,"failureMessages":["AssertionError: expected QueryResult{ results: [] } to have a length of 1 but got +0\n    at Proxy.<anonymous> (file:///Volumes/MacStudioExternal/Users/lmiller/Dev/lellimecnar/source/node_modules/.pnpm/@vitest+expect@4.0.16/node_modules/@vitest/expect/dist/index.js:1322:20)\n    at Proxy.<anonymous> (file:///Volumes/MacStudioExternal/Users/lmiller/Dev/lellimecnar/source/node_modules/.pnpm/@vitest+expect@4.0.16/node_modules/@vitest/expect/dist/index.js:1090:14)\n    at Proxy.methodWrapper (file:///Volumes/MacStudioExternal/Users/lmiller/Dev/lellimecnar/source/node_modules/.pnpm/chai@6.2.2/node_modules/chai/index.js:1700:25)\n    at /Volumes/MacStudioExternal/Users/lmiller/Dev/lellimecnar/source/packages/jsonpath/jsonpath/src/__tests__/expressions.spec.ts:22:37\n    at file:///Volumes/MacStudioExternal/Users/lmiller/Dev/lellimecnar/source/node_modules/.pnpm/@vitest+runner@4.0.16/node_modules/@vitest/runner/dist/index.js:145:11\n    at file:///Volumes/MacStudioExternal/Users/lmiller/Dev/lellimecnar/source/node_modules/.pnpm/@vitest+runner@4.0.16/node_modules/@vitest/runner/dist/index.js:915:26\n    at file:///Volumes/MacStudioExternal/Users/lmiller/Dev/lellimecnar/source/node_modules/.pnpm/@vitest+runner@4.0.16/node_modules/@vitest/runner/dist/index.js:1243:20\n    at new Promise (<anonymous>)\n    at runWithTimeout (file:///Volumes/MacStudioExternal/Users/lmiller/Dev/lellimecnar/source/node_modules/.pnpm/@vitest+runner@4.0.16/node_modules/@vitest/runner/dist/index.js:1209:10)\n    at file:///Volumes/MacStudioExternal/Users/lmiller/Dev/lellimecnar/source/node_modules/.pnpm/@vitest+runner@4.0.16/node_modules/@vitest/runner/dist/index.js:1653:37"],"meta":{}},{"ancestorTitles":["JSONPath Expressions (RFC 9535)","Existence Tests"],"fullName":"JSONPath Expressions (RFC 9535) Existence Tests should return false if node does not exist","status":"passed","title":"should return false if node does not exist","duration":0.3830829999999992,"failureMessages":[],"meta":{}},{"ancestorTitles":["JSONPath Expressions (RFC 9535)","Existence Tests"],"fullName":"JSONPath Expressions (RFC 9535) Existence Tests should handle negated existence","status":"failed","title":"should handle negated existence","duration":0.6034159999999815,"failureMessages":["AssertionError: expected QueryResult{ results: [] } to have a length of 1 but got +0\n    at Proxy.<anonymous> (file:///Volumes/MacStudioExternal/Users/lmiller/Dev/lellimecnar/source/node_modules/.pnpm/@vitest+expect@4.0.16/node_modules/@vitest/expect/dist/index.js:1322:20)\n    at Proxy.<anonymous> (file:///Volumes/MacStudioExternal/Users/lmiller/Dev/lellimecnar/source/node_modules/.pnpm/@vitest+expect@4.0.16/node_modules/@vitest/expect/dist/index.js:1090:14)\n    at Proxy.methodWrapper (file:///Volumes/MacStudioExternal/Users/lmiller/Dev/lellimecnar/source/node_modules/.pnpm/chai@6.2.2/node_modules/chai/index.js:1700:25)\n    at /Volumes/MacStudioExternal/Users/lmiller/Dev/lellimecnar/source/packages/jsonpath/jsonpath/src/__tests__/expressions.spec.ts:36:43\n    at file:///Volumes/MacStudioExternal/Users/lmiller/Dev/lellimecnar/source/node_modules/.pnpm/@vitest+runner@4.0.16/node_modules/@vitest/runner/dist/index.js:145:11\n    at file:///Volumes/MacStudioExternal/Users/lmiller/Dev/lellimecnar/source/node_modules/.pnpm/@vitest+runner@4.0.16/node_modules/@vitest/runner/dist/index.js:915:26\n    at file:///Volumes/MacStudioExternal/Users/lmiller/Dev/lellimecnar/source/node_modules/.pnpm/@vitest+runner@4.0.16/node_modules/@vitest/runner/dist/index.js:1243:20\n    at new Promise (<anonymous>)\n    at runWithTimeout (file:///Volumes/MacStudioExternal/Users/lmiller/Dev/lellimecnar/source/node_modules/.pnpm/@vitest+runner@4.0.16/node_modules/@vitest/runner/dist/index.js:1209:10)\n    at file:///Volumes/MacStudioExternal/Users/lmiller/Dev/lellimecnar/source/node_modules/.pnpm/@vitest+runner@4.0.16/node_modules/@vitest/runner/dist/index.js:1653:37"],"meta":{}},{"ancestorTitles":["JSONPath Expressions (RFC 9535)","Comparison Operators"],"fullName":"JSONPath Expressions (RFC 9535) Comparison Operators should handle ==","status":"failed","title":"should handle ==","duration":0.4457090000000221,"failureMessages":["AssertionError: expected QueryResult{ results: [] } to have a length of 1 but got +0\n    at Proxy.<anonymous> (file:///Volumes/MacStudioExternal/Users/lmiller/Dev/lellimecnar/source/node_modules/.pnpm/@vitest+expect@4.0.16/node_modules/@vitest/expect/dist/index.js:1322:20)\n    at Proxy.<anonymous> (file:///Volumes/MacStudioExternal/Users/lmiller/Dev/lellimecnar/source/node_modules/.pnpm/@vitest+expect@4.0.16/node_modules/@vitest/expect/dist/index.js:1090:14)\n    at Proxy.methodWrapper (file:///Volumes/MacStudioExternal/Users/lmiller/Dev/lellimecnar/source/node_modules/.pnpm/chai@6.2.2/node_modules/chai/index.js:1700:25)\n    at /Volumes/MacStudioExternal/Users/lmiller/Dev/lellimecnar/source/packages/jsonpath/jsonpath/src/__tests__/expressions.spec.ts:42:40\n    at file:///Volumes/MacStudioExternal/Users/lmiller/Dev/lellimecnar/source/node_modules/.pnpm/@vitest+runner@4.0.16/node_modules/@vitest/runner/dist/index.js:145:11\n    at file:///Volumes/MacStudioExternal/Users/lmiller/Dev/lellimecnar/source/node_modules/.pnpm/@vitest+runner@4.0.16/node_modules/@vitest/runner/dist/index.js:915:26\n    at file:///Volumes/MacStudioExternal/Users/lmiller/Dev/lellimecnar/source/node_modules/.pnpm/@vitest+runner@4.0.16/node_modules/@vitest/runner/dist/index.js:1243:20\n    at new Promise (<anonymous>)\n    at runWithTimeout (file:///Volumes/MacStudioExternal/Users/lmiller/Dev/lellimecnar/source/node_modules/.pnpm/@vitest+runner@4.0.16/node_modules/@vitest/runner/dist/index.js:1209:10)\n    at file:///Volumes/MacStudioExternal/Users/lmiller/Dev/lellimecnar/source/node_modules/.pnpm/@vitest+runner@4.0.16/node_modules/@vitest/runner/dist/index.js:1653:37"],"meta":{}},{"ancestorTitles":["JSONPath Expressions (RFC 9535)","Comparison Operators"],"fullName":"JSONPath Expressions (RFC 9535) Comparison Operators should handle !=","status":"failed","title":"should handle !=","duration":0.31620800000001736,"failureMessages":["AssertionError: expected QueryResult{ results: [] } to have a length of 1 but got +0\n    at Proxy.<anonymous> (file:///Volumes/MacStudioExternal/Users/lmiller/Dev/lellimecnar/source/node_modules/.pnpm/@vitest+expect@4.0.16/node_modules/@vitest/expect/dist/index.js:1322:20)\n    at Proxy.<anonymous> (file:///Volumes/MacStudioExternal/Users/lmiller/Dev/lellimecnar/source/node_modules/.pnpm/@vitest+expect@4.0.16/node_modules/@vitest/expect/dist/index.js:1090:14)\n    at Proxy.methodWrapper (file:///Volumes/MacStudioExternal/Users/lmiller/Dev/lellimecnar/source/node_modules/.pnpm/chai@6.2.2/node_modules/chai/index.js:1700:25)\n    at /Volumes/MacStudioExternal/Users/lmiller/Dev/lellimecnar/source/packages/jsonpath/jsonpath/src/__tests__/expressions.spec.ts:50:40\n    at file:///Volumes/MacStudioExternal/Users/lmiller/Dev/lellimecnar/source/node_modules/.pnpm/@vitest+runner@4.0.16/node_modules/@vitest/runner/dist/index.js:145:11\n    at file:///Volumes/MacStudioExternal/Users/lmiller/Dev/lellimecnar/source/node_modules/.pnpm/@vitest+runner@4.0.16/node_modules/@vitest/runner/dist/index.js:915:26\n    at file:///Volumes/MacStudioExternal/Users/lmiller/Dev/lellimecnar/source/node_modules/.pnpm/@vitest+runner@4.0.16/node_modules/@vitest/runner/dist/index.js:1243:20\n    at new Promise (<anonymous>)\n    at runWithTimeout (file:///Volumes/MacStudioExternal/Users/lmiller/Dev/lellimecnar/source/node_modules/.pnpm/@vitest+runner@4.0.16/node_modules/@vitest/runner/dist/index.js:1209:10)\n    at file:///Volumes/MacStudioExternal/Users/lmiller/Dev/lellimecnar/source/node_modules/.pnpm/@vitest+runner@4.0.16/node_modules/@vitest/runner/dist/index.js:1653:37"],"meta":{}},{"ancestorTitles":["JSONPath Expressions (RFC 9535)","Comparison Operators"],"fullName":"JSONPath Expressions (RFC 9535) Comparison Operators should handle <, <=, >, >=","status":"failed","title":"should handle <, <=, >, >=","duration":0.3189580000000092,"failureMessages":["AssertionError: expected QueryResult{ results: [] } to have a length of 1 but got +0\n    at Proxy.<anonymous> (file:///Volumes/MacStudioExternal/Users/lmiller/Dev/lellimecnar/source/node_modules/.pnpm/@vitest+expect@4.0.16/node_modules/@vitest/expect/dist/index.js:1322:20)\n    at Proxy.<anonymous> (file:///Volumes/MacStudioExternal/Users/lmiller/Dev/lellimecnar/source/node_modules/.pnpm/@vitest+expect@4.0.16/node_modules/@vitest/expect/dist/index.js:1090:14)\n    at Proxy.methodWrapper (file:///Volumes/MacStudioExternal/Users/lmiller/Dev/lellimecnar/source/node_modules/.pnpm/chai@6.2.2/node_modules/chai/index.js:1700:25)\n    at /Volumes/MacStudioExternal/Users/lmiller/Dev/lellimecnar/source/packages/jsonpath/jsonpath/src/__tests__/expressions.spec.ts:55:39\n    at file:///Volumes/MacStudioExternal/Users/lmiller/Dev/lellimecnar/source/node_modules/.pnpm/@vitest+runner@4.0.16/node_modules/@vitest/runner/dist/index.js:145:11\n    at file:///Volumes/MacStudioExternal/Users/lmiller/Dev/lellimecnar/source/node_modules/.pnpm/@vitest+runner@4.0.16/node_modules/@vitest/runner/dist/index.js:915:26\n    at file:///Volumes/MacStudioExternal/Users/lmiller/Dev/lellimecnar/source/node_modules/.pnpm/@vitest+runner@4.0.16/node_modules/@vitest/runner/dist/index.js:1243:20\n    at new Promise (<anonymous>)\n    at runWithTimeout (file:///Volumes/MacStudioExternal/Users/lmiller/Dev/lellimecnar/source/node_modules/.pnpm/@vitest+runner@4.0.16/node_modules/@vitest/runner/dist/index.js:1209:10)\n    at file:///Volumes/MacStudioExternal/Users/lmiller/Dev/lellimecnar/source/node_modules/.pnpm/@vitest+runner@4.0.16/node_modules/@vitest/runner/dist/index.js:1653:37"],"meta":{}},{"ancestorTitles":["JSONPath Expressions (RFC 9535)","Comparison Operators"],"fullName":"JSONPath Expressions (RFC 9535) Comparison Operators should handle Nothing in comparisons","status":"failed","title":"should handle Nothing in comparisons","duration":0.5869579999999814,"failureMessages":["AssertionError: expected QueryResult{ results: [ â€¦(12) ] } to have a length of 1 but got 12\n    at Proxy.<anonymous> (file:///Volumes/MacStudioExternal/Users/lmiller/Dev/lellimecnar/source/node_modules/.pnpm/@vitest+expect@4.0.16/node_modules/@vitest/expect/dist/index.js:1322:20)\n    at Proxy.<anonymous> (file:///Volumes/MacStudioExternal/Users/lmiller/Dev/lellimecnar/source/node_modules/.pnpm/@vitest+expect@4.0.16/node_modules/@vitest/expect/dist/index.js:1090:14)\n    at Proxy.methodWrapper (file:///Volumes/MacStudioExternal/Users/lmiller/Dev/lellimecnar/source/node_modules/.pnpm/chai@6.2.2/node_modules/chai/index.js:1700:25)\n    at /Volumes/MacStudioExternal/Users/lmiller/Dev/lellimecnar/source/packages/jsonpath/jsonpath/src/__tests__/expressions.spec.ts:63:54\n    at file:///Volumes/MacStudioExternal/Users/lmiller/Dev/lellimecnar/source/node_modules/.pnpm/@vitest+runner@4.0.16/node_modules/@vitest/runner/dist/index.js:145:11\n    at file:///Volumes/MacStudioExternal/Users/lmiller/Dev/lellimecnar/source/node_modules/.pnpm/@vitest+runner@4.0.16/node_modules/@vitest/runner/dist/index.js:915:26\n    at file:///Volumes/MacStudioExternal/Users/lmiller/Dev/lellimecnar/source/node_modules/.pnpm/@vitest+runner@4.0.16/node_modules/@vitest/runner/dist/index.js:1243:20\n    at new Promise (<anonymous>)\n    at runWithTimeout (file:///Volumes/MacStudioExternal/Users/lmiller/Dev/lellimecnar/source/node_modules/.pnpm/@vitest+runner@4.0.16/node_modules/@vitest/runner/dist/index.js:1209:10)\n    at file:///Volumes/MacStudioExternal/Users/lmiller/Dev/lellimecnar/source/node_modules/.pnpm/@vitest+runner@4.0.16/node_modules/@vitest/runner/dist/index.js:1653:37"],"meta":{}},{"ancestorTitles":["JSONPath Expressions (RFC 9535)","Comparison Operators"],"fullName":"JSONPath Expressions (RFC 9535) Comparison Operators should handle type mismatches in <","status":"passed","title":"should handle type mismatches in <","duration":0.2984580000000392,"failureMessages":[],"meta":{}},{"ancestorTitles":["JSONPath Expressions (RFC 9535)","Logical Operators"],"fullName":"JSONPath Expressions (RFC 9535) Logical Operators should handle &&","status":"failed","title":"should handle &&","duration":0.2492080000000101,"failureMessages":["AssertionError: expected QueryResult{ results: [] } to have a length of 1 but got +0\n    at Proxy.<anonymous> (file:///Volumes/MacStudioExternal/Users/lmiller/Dev/lellimecnar/source/node_modules/.pnpm/@vitest+expect@4.0.16/node_modules/@vitest/expect/dist/index.js:1322:20)\n    at Proxy.<anonymous> (file:///Volumes/MacStudioExternal/Users/lmiller/Dev/lellimecnar/source/node_modules/.pnpm/@vitest+expect@4.0.16/node_modules/@vitest/expect/dist/index.js:1090:14)\n    at Proxy.methodWrapper (file:///Volumes/MacStudioExternal/Users/lmiller/Dev/lellimecnar/source/node_modules/.pnpm/chai@6.2.2/node_modules/chai/index.js:1700:25)\n    at /Volumes/MacStudioExternal/Users/lmiller/Dev/lellimecnar/source/packages/jsonpath/jsonpath/src/__tests__/expressions.spec.ts:80:52\n    at file:///Volumes/MacStudioExternal/Users/lmiller/Dev/lellimecnar/source/node_modules/.pnpm/@vitest+runner@4.0.16/node_modules/@vitest/runner/dist/index.js:145:11\n    at file:///Volumes/MacStudioExternal/Users/lmiller/Dev/lellimecnar/source/node_modules/.pnpm/@vitest+runner@4.0.16/node_modules/@vitest/runner/dist/index.js:915:26\n    at file:///Volumes/MacStudioExternal/Users/lmiller/Dev/lellimecnar/source/node_modules/.pnpm/@vitest+runner@4.0.16/node_modules/@vitest/runner/dist/index.js:1243:20\n    at new Promise (<anonymous>)\n    at runWithTimeout (file:///Volumes/MacStudioExternal/Users/lmiller/Dev/lellimecnar/source/node_modules/.pnpm/@vitest+runner@4.0.16/node_modules/@vitest/runner/dist/index.js:1209:10)\n    at file:///Volumes/MacStudioExternal/Users/lmiller/Dev/lellimecnar/source/node_modules/.pnpm/@vitest+runner@4.0.16/node_modules/@vitest/runner/dist/index.js:1653:37"],"meta":{}},{"ancestorTitles":["JSONPath Expressions (RFC 9535)","Logical Operators"],"fullName":"JSONPath Expressions (RFC 9535) Logical Operators should handle ||","status":"failed","title":"should handle ||","duration":0.23179199999998445,"failureMessages":["AssertionError: expected QueryResult{ results: [] } to have a length of 1 but got +0\n    at Proxy.<anonymous> (file:///Volumes/MacStudioExternal/Users/lmiller/Dev/lellimecnar/source/node_modules/.pnpm/@vitest+expect@4.0.16/node_modules/@vitest/expect/dist/index.js:1322:20)\n    at Proxy.<anonymous> (file:///Volumes/MacStudioExternal/Users/lmiller/Dev/lellimecnar/source/node_modules/.pnpm/@vitest+expect@4.0.16/node_modules/@vitest/expect/dist/index.js:1090:14)\n    at Proxy.methodWrapper (file:///Volumes/MacStudioExternal/Users/lmiller/Dev/lellimecnar/source/node_modules/.pnpm/chai@6.2.2/node_modules/chai/index.js:1700:25)\n    at /Volumes/MacStudioExternal/Users/lmiller/Dev/lellimecnar/source/packages/jsonpath/jsonpath/src/__tests__/expressions.spec.ts:85:52\n    at file:///Volumes/MacStudioExternal/Users/lmiller/Dev/lellimecnar/source/node_modules/.pnpm/@vitest+runner@4.0.16/node_modules/@vitest/runner/dist/index.js:145:11\n    at file:///Volumes/MacStudioExternal/Users/lmiller/Dev/lellimecnar/source/node_modules/.pnpm/@vitest+runner@4.0.16/node_modules/@vitest/runner/dist/index.js:915:26\n    at file:///Volumes/MacStudioExternal/Users/lmiller/Dev/lellimecnar/source/node_modules/.pnpm/@vitest+runner@4.0.16/node_modules/@vitest/runner/dist/index.js:1243:20\n    at new Promise (<anonymous>)\n    at runWithTimeout (file:///Volumes/MacStudioExternal/Users/lmiller/Dev/lellimecnar/source/node_modules/.pnpm/@vitest+runner@4.0.16/node_modules/@vitest/runner/dist/index.js:1209:10)\n    at file:///Volumes/MacStudioExternal/Users/lmiller/Dev/lellimecnar/source/node_modules/.pnpm/@vitest+runner@4.0.16/node_modules/@vitest/runner/dist/index.js:1653:37"],"meta":{}},{"ancestorTitles":["JSONPath Expressions (RFC 9535)","Logical Operators"],"fullName":"JSONPath Expressions (RFC 9535) Logical Operators should handle !","status":"failed","title":"should handle !","duration":0.23362500000001774,"failureMessages":["AssertionError: expected QueryResult{ results: [] } to have a length of 1 but got +0\n    at Proxy.<anonymous> (file:///Volumes/MacStudioExternal/Users/lmiller/Dev/lellimecnar/source/node_modules/.pnpm/@vitest+expect@4.0.16/node_modules/@vitest/expect/dist/index.js:1322:20)\n    at Proxy.<anonymous> (file:///Volumes/MacStudioExternal/Users/lmiller/Dev/lellimecnar/source/node_modules/.pnpm/@vitest+expect@4.0.16/node_modules/@vitest/expect/dist/index.js:1090:14)\n    at Proxy.methodWrapper (file:///Volumes/MacStudioExternal/Users/lmiller/Dev/lellimecnar/source/node_modules/.pnpm/chai@6.2.2/node_modules/chai/index.js:1700:25)\n    at /Volumes/MacStudioExternal/Users/lmiller/Dev/lellimecnar/source/packages/jsonpath/jsonpath/src/__tests__/expressions.spec.ts:90:43\n    at file:///Volumes/MacStudioExternal/Users/lmiller/Dev/lellimecnar/source/node_modules/.pnpm/@vitest+runner@4.0.16/node_modules/@vitest/runner/dist/index.js:145:11\n    at file:///Volumes/MacStudioExternal/Users/lmiller/Dev/lellimecnar/source/node_modules/.pnpm/@vitest+runner@4.0.16/node_modules/@vitest/runner/dist/index.js:915:26\n    at file:///Volumes/MacStudioExternal/Users/lmiller/Dev/lellimecnar/source/node_modules/.pnpm/@vitest+runner@4.0.16/node_modules/@vitest/runner/dist/index.js:1243:20\n    at new Promise (<anonymous>)\n    at runWithTimeout (file:///Volumes/MacStudioExternal/Users/lmiller/Dev/lellimecnar/source/node_modules/.pnpm/@vitest+runner@4.0.16/node_modules/@vitest/runner/dist/index.js:1209:10)\n    at file:///Volumes/MacStudioExternal/Users/lmiller/Dev/lellimecnar/source/node_modules/.pnpm/@vitest+runner@4.0.16/node_modules/@vitest/runner/dist/index.js:1653:37"],"meta":{}},{"ancestorTitles":["JSONPath Expressions (RFC 9535)","Logical Operators"],"fullName":"JSONPath Expressions (RFC 9535) Logical Operators should handle precedence (&& over ||)","status":"failed","title":"should handle precedence (&& over ||)","duration":1.0832920000000286,"failureMessages":["JSONPathSyntaxError: ValueType cannot be used in logical AND/OR\n    at Parser.validateExpression (/Volumes/MacStudioExternal/Users/lmiller/Dev/lellimecnar/source/packages/jsonpath/parser/src/parser.ts:622:12)\n    at Parser.validateExpression (/Volumes/MacStudioExternal/Users/lmiller/Dev/lellimecnar/source/packages/jsonpath/parser/src/parser.ts:589:9)\n    at Parser.parseSelector (/Volumes/MacStudioExternal/Users/lmiller/Dev/lellimecnar/source/packages/jsonpath/parser/src/parser.ts:352:9)\n    at Parser.parseSegment (/Volumes/MacStudioExternal/Users/lmiller/Dev/lellimecnar/source/packages/jsonpath/parser/src/parser.ts:147:25)\n    at Parser.parseQuery (/Volumes/MacStudioExternal/Users/lmiller/Dev/lellimecnar/source/packages/jsonpath/parser/src/parser.ts:85:24)\n    at Parser.parse (/Volumes/MacStudioExternal/Users/lmiller/Dev/lellimecnar/source/packages/jsonpath/parser/src/parser.ts:54:15)\n    at parse (/Volumes/MacStudioExternal/Users/lmiller/Dev/lellimecnar/source/packages/jsonpath/parser/src/parser.ts:757:36)\n    at parseQuery (/Volumes/MacStudioExternal/Users/lmiller/Dev/lellimecnar/source/packages/jsonpath/jsonpath/src/facade.ts:45:9)\n    at query (/Volumes/MacStudioExternal/Users/lmiller/Dev/lellimecnar/source/packages/jsonpath/jsonpath/src/facade.ts:69:14)\n    at /Volumes/MacStudioExternal/Users/lmiller/Dev/lellimecnar/source/packages/jsonpath/jsonpath/src/__tests__/expressions.spec.ts:95:11"],"meta":{}},{"ancestorTitles":["JSONPath Expressions (RFC 9535)","RFC 9535 Edge Cases"],"fullName":"JSONPath Expressions (RFC 9535) RFC 9535 Edge Cases should handle null truthiness correctly","status":"failed","title":"should handle null truthiness correctly","duration":0.282291999999984,"failureMessages":["AssertionError: expected QueryResult{ results: [] } to have a length of 1 but got +0\n    at Proxy.<anonymous> (file:///Volumes/MacStudioExternal/Users/lmiller/Dev/lellimecnar/source/node_modules/.pnpm/@vitest+expect@4.0.16/node_modules/@vitest/expect/dist/index.js:1322:20)\n    at Proxy.<anonymous> (file:///Volumes/MacStudioExternal/Users/lmiller/Dev/lellimecnar/source/node_modules/.pnpm/@vitest+expect@4.0.16/node_modules/@vitest/expect/dist/index.js:1090:14)\n    at Proxy.methodWrapper (file:///Volumes/MacStudioExternal/Users/lmiller/Dev/lellimecnar/source/node_modules/.pnpm/chai@6.2.2/node_modules/chai/index.js:1700:25)\n    at /Volumes/MacStudioExternal/Users/lmiller/Dev/lellimecnar/source/packages/jsonpath/jsonpath/src/__tests__/expressions.spec.ts:105:35\n    at file:///Volumes/MacStudioExternal/Users/lmiller/Dev/lellimecnar/source/node_modules/.pnpm/@vitest+runner@4.0.16/node_modules/@vitest/runner/dist/index.js:145:11\n    at file:///Volumes/MacStudioExternal/Users/lmiller/Dev/lellimecnar/source/node_modules/.pnpm/@vitest+runner@4.0.16/node_modules/@vitest/runner/dist/index.js:915:26\n    at file:///Volumes/MacStudioExternal/Users/lmiller/Dev/lellimecnar/source/node_modules/.pnpm/@vitest+runner@4.0.16/node_modules/@vitest/runner/dist/index.js:1243:20\n    at new Promise (<anonymous>)\n    at runWithTimeout (file:///Volumes/MacStudioExternal/Users/lmiller/Dev/lellimecnar/source/node_modules/.pnpm/@vitest+runner@4.0.16/node_modules/@vitest/runner/dist/index.js:1209:10)\n    at file:///Volumes/MacStudioExternal/Users/lmiller/Dev/lellimecnar/source/node_modules/.pnpm/@vitest+runner@4.0.16/node_modules/@vitest/runner/dist/index.js:1653:37"],"meta":{}},{"ancestorTitles":["JSONPath Expressions (RFC 9535)","RFC 9535 Edge Cases"],"fullName":"JSONPath Expressions (RFC 9535) RFC 9535 Edge Cases should handle structured value comparisons","status":"failed","title":"should handle structured value comparisons","duration":0.20433300000001964,"failureMessages":["JSONPathSyntaxError: Unexpected expression token: LBRACKET\n    at Parser.parsePrimary (/Volumes/MacStudioExternal/Users/lmiller/Dev/lellimecnar/source/packages/jsonpath/parser/src/parser.ts:544:9)\n    at Parser.parseExpression (/Volumes/MacStudioExternal/Users/lmiller/Dev/lellimecnar/source/packages/jsonpath/parser/src/parser.ts:416:19)\n    at Parser.parseExpression (/Volumes/MacStudioExternal/Users/lmiller/Dev/lellimecnar/source/packages/jsonpath/parser/src/parser.ts:426:23)\n    at Parser.parseSelector (/Volumes/MacStudioExternal/Users/lmiller/Dev/lellimecnar/source/packages/jsonpath/parser/src/parser.ts:342:28)\n    at Parser.parseSegment (/Volumes/MacStudioExternal/Users/lmiller/Dev/lellimecnar/source/packages/jsonpath/parser/src/parser.ts:147:25)\n    at Parser.parseQuery (/Volumes/MacStudioExternal/Users/lmiller/Dev/lellimecnar/source/packages/jsonpath/parser/src/parser.ts:85:24)\n    at Parser.parse (/Volumes/MacStudioExternal/Users/lmiller/Dev/lellimecnar/source/packages/jsonpath/parser/src/parser.ts:54:15)\n    at parse (/Volumes/MacStudioExternal/Users/lmiller/Dev/lellimecnar/source/packages/jsonpath/parser/src/parser.ts:757:36)\n    at parseQuery (/Volumes/MacStudioExternal/Users/lmiller/Dev/lellimecnar/source/packages/jsonpath/jsonpath/src/facade.ts:45:9)\n    at query (/Volumes/MacStudioExternal/Users/lmiller/Dev/lellimecnar/source/packages/jsonpath/jsonpath/src/facade.ts:69:14)"],"meta":{}}],"startTime":1767629382967,"endTime":1767629382977.2822,"status":"failed","message":"","name":"/Volumes/MacStudioExternal/Users/lmiller/Dev/lellimecnar/source/packages/jsonpath/jsonpath/src/__tests__/expressions.spec.ts"}]}