{"numTotalTestSuites":18,"numPassedTestSuites":18,"numFailedTestSuites":0,"numPendingTestSuites":0,"numTotalTests":38,"numPassedTests":38,"numFailedTests":0,"numPendingTests":0,"numTodoTests":0,"snapshot":{"added":0,"failure":false,"filesAdded":0,"filesRemoved":0,"filesRemovedList":[],"filesUnmatched":0,"filesUpdated":0,"matched":0,"total":0,"unchecked":0,"uncheckedKeysByFile":[],"unmatched":0,"updated":0,"didUpdate":false},"startTime":1767587566446,"success":true,"testResults":[{"assertionResults":[{"ancestorTitles":["Configuration & Cache"],"fullName":"Configuration & Cache should update and persist configuration","status":"passed","title":"should update and persist configuration","duration":0.7005419999999845,"failureMessages":[],"meta":{}},{"ancestorTitles":["Configuration & Cache"],"fullName":"Configuration & Cache should reset to defaults","status":"passed","title":"should reset to defaults","duration":0.10533300000000168,"failureMessages":[],"meta":{}},{"ancestorTitles":["Configuration & Cache"],"fullName":"Configuration & Cache should track cache hits and misses","status":"passed","title":"should track cache hits and misses","duration":0.18516599999998107,"failureMessages":[],"meta":{}},{"ancestorTitles":["Configuration & Cache"],"fullName":"Configuration & Cache should clear cache and reset stats","status":"passed","title":"should clear cache and reset stats","duration":0.1615409999999997,"failureMessages":[],"meta":{}}],"startTime":1767587566637,"endTime":1767587566638.185,"status":"passed","message":"","name":"/Volumes/MacStudioExternal/Users/lmiller/Dev/lellimecnar/source/packages/jsonpath/jsonpath/src/__tests__/config.spec.ts"},{"assertionResults":[{"ancestorTitles":["examples"],"fullName":"examples compat-json-p3 example runs","status":"passed","title":"compat-json-p3 example runs","duration":1.6630840000000262,"failureMessages":[],"meta":{}},{"ancestorTitles":["examples"],"fullName":"examples plugins example runs","status":"passed","title":"plugins example runs","duration":0.2330000000000041,"failureMessages":[],"meta":{}},{"ancestorTitles":["examples"],"fullName":"examples schema-validation example runs","status":"passed","title":"schema-validation example runs","duration":0.24154199999998127,"failureMessages":[],"meta":{}}],"startTime":1767587566840,"endTime":1767587566842.2415,"status":"passed","message":"","name":"/Volumes/MacStudioExternal/Users/lmiller/Dev/lellimecnar/source/packages/jsonpath/jsonpath/src/__tests__/examples.spec.ts"},{"assertionResults":[{"ancestorTitles":["JSONPath Facade"],"fullName":"JSONPath Facade should execute query()","status":"passed","title":"should execute query()","duration":1.7672919999999976,"failureMessages":[],"meta":{}},{"ancestorTitles":["JSONPath Facade"],"fullName":"JSONPath Facade should execute queryValues()","status":"passed","title":"should execute queryValues()","duration":0.24133299999999736,"failureMessages":[],"meta":{}},{"ancestorTitles":["JSONPath Facade"],"fullName":"JSONPath Facade should execute queryPaths()","status":"passed","title":"should execute queryPaths()","duration":0.18283300000001645,"failureMessages":[],"meta":{}},{"ancestorTitles":["JSONPath Facade"],"fullName":"JSONPath Facade should execute compileQuery()","status":"passed","title":"should execute compileQuery()","duration":0.31399999999996453,"failureMessages":[],"meta":{}},{"ancestorTitles":["JSONPath Facade"],"fullName":"JSONPath Facade should execute value()","status":"passed","title":"should execute value()","duration":0.13912500000003547,"failureMessages":[],"meta":{}},{"ancestorTitles":["JSONPath Facade"],"fullName":"JSONPath Facade should execute first()","status":"passed","title":"should execute first()","duration":0.0681250000000091,"failureMessages":[],"meta":{}},{"ancestorTitles":["JSONPath Facade"],"fullName":"JSONPath Facade should execute exists()","status":"passed","title":"should execute exists()","duration":0.13220799999999144,"failureMessages":[],"meta":{}},{"ancestorTitles":["JSONPath Facade"],"fullName":"JSONPath Facade should execute count()","status":"passed","title":"should execute count()","duration":0.09791699999999537,"failureMessages":[],"meta":{}},{"ancestorTitles":["JSONPath Facade"],"fullName":"JSONPath Facade should use cache for repeated queries","status":"passed","title":"should use cache for repeated queries","duration":0.11549999999999727,"failureMessages":[],"meta":{}},{"ancestorTitles":["JSONPath Facade"],"fullName":"JSONPath Facade should execute pointer()","status":"passed","title":"should execute pointer()","duration":0.20887499999997772,"failureMessages":[],"meta":{}},{"ancestorTitles":["JSONPath Facade"],"fullName":"JSONPath Facade should execute patch()","status":"passed","title":"should execute patch()","duration":0.2271250000000009,"failureMessages":[],"meta":{}},{"ancestorTitles":["JSONPath Facade"],"fullName":"JSONPath Facade should execute mergePatch()","status":"passed","title":"should execute mergePatch()","duration":0.09116699999998445,"failureMessages":[],"meta":{}},{"ancestorTitles":["JSONPath Facade"],"fullName":"JSONPath Facade should execute toPointer()","status":"passed","title":"should execute toPointer()","duration":0.08170899999998937,"failureMessages":[],"meta":{}},{"ancestorTitles":["JSONPath Facade"],"fullName":"JSONPath Facade should execute toPointers()","status":"passed","title":"should execute toPointers()","duration":0.06679099999996652,"failureMessages":[],"meta":{}},{"ancestorTitles":["JSONPath Facade"],"fullName":"JSONPath Facade should transform values","status":"passed","title":"should transform values","duration":0.17029200000001765,"failureMessages":[],"meta":{}},{"ancestorTitles":["JSONPath Facade"],"fullName":"JSONPath Facade should omit paths","status":"passed","title":"should omit paths","duration":0.14212500000002137,"failureMessages":[],"meta":{}},{"ancestorTitles":["JSONPath Facade"],"fullName":"JSONPath Facade should expose PathBuilder","status":"passed","title":"should expose PathBuilder","duration":0.097458999999958,"failureMessages":[],"meta":{}}],"startTime":1767587566796,"endTime":1767587566800.227,"status":"passed","message":"","name":"/Volumes/MacStudioExternal/Users/lmiller/Dev/lellimecnar/source/packages/jsonpath/jsonpath/src/__tests__/facade.spec.ts"},{"assertionResults":[{"ancestorTitles":["JSONPath Integration Readiness"],"fullName":"JSONPath Integration Readiness should support a complex integration workflow","status":"passed","title":"should support a complex integration workflow","duration":3.054458000000011,"failureMessages":[],"meta":{}}],"startTime":1767587566796,"endTime":1767587566799.0544,"status":"passed","message":"","name":"/Volumes/MacStudioExternal/Users/lmiller/Dev/lellimecnar/source/packages/jsonpath/jsonpath/src/__tests__/integration-readiness.spec.ts"},{"assertionResults":[{"ancestorTitles":["JSONPath Integration"],"fullName":"JSONPath Integration should support basic queries via facade","status":"passed","title":"should support basic queries via facade","duration":1.6471659999999702,"failureMessages":[],"meta":{}},{"ancestorTitles":["JSONPath Integration"],"fullName":"JSONPath Integration should propagate EvaluatorOptions via facade","status":"passed","title":"should propagate EvaluatorOptions via facade","duration":0.6926249999999641,"failureMessages":[],"meta":{}},{"ancestorTitles":["JSONPath Integration"],"fullName":"JSONPath Integration should support RFC 9535 slices and normalized paths","status":"passed","title":"should support RFC 9535 slices and normalized paths","duration":0.35899999999998045,"failureMessages":[],"meta":{}}],"startTime":1767587566787,"endTime":1767587566790.359,"status":"passed","message":"","name":"/Volumes/MacStudioExternal/Users/lmiller/Dev/lellimecnar/source/packages/jsonpath/jsonpath/src/__tests__/integration.spec.ts"},{"assertionResults":[{"ancestorTitles":["Multi-Query"],"fullName":"Multi-Query multiQuery should handle array of queries","status":"passed","title":"multiQuery should handle array of queries","duration":1.6228750000000218,"failureMessages":[],"meta":{}},{"ancestorTitles":["Multi-Query"],"fullName":"Multi-Query multiQuery should handle record of queries","status":"passed","title":"multiQuery should handle record of queries","duration":0.20179200000001174,"failureMessages":[],"meta":{}},{"ancestorTitles":["Multi-Query"],"fullName":"Multi-Query QuerySet should be reusable","status":"passed","title":"QuerySet should be reusable","duration":0.23900000000003274,"failureMessages":[],"meta":{}},{"ancestorTitles":["Multi-Query"],"fullName":"Multi-Query QuerySet should be mutable","status":"passed","title":"QuerySet should be mutable","duration":0.10495900000000802,"failureMessages":[],"meta":{}}],"startTime":1767587566791,"endTime":1767587566793.239,"status":"passed","message":"","name":"/Volumes/MacStudioExternal/Users/lmiller/Dev/lellimecnar/source/packages/jsonpath/jsonpath/src/__tests__/multi-query.spec.ts"},{"assertionResults":[{"ancestorTitles":["JSONPath Utilities","secureQuery"],"fullName":"JSONPath Utilities secureQuery should enforce maxQueryLength","status":"passed","title":"should enforce maxQueryLength","duration":0.9404999999999859,"failureMessages":[],"meta":{}},{"ancestorTitles":["JSONPath Utilities","secureQuery"],"fullName":"JSONPath Utilities secureQuery should block recursive descent by default","status":"passed","title":"should block recursive descent by default","duration":0.6106659999999806,"failureMessages":[],"meta":{}},{"ancestorTitles":["JSONPath Utilities","transformAll"],"fullName":"JSONPath Utilities transformAll should apply multiple transformations","status":"passed","title":"should apply multiple transformations","duration":0.9427499999999895,"failureMessages":[],"meta":{}},{"ancestorTitles":["JSONPath Utilities","projectWith"],"fullName":"JSONPath Utilities projectWith should project with paths and functions","status":"passed","title":"should project with paths and functions","duration":0.4790840000000003,"failureMessages":[],"meta":{}},{"ancestorTitles":["JSONPath Utilities","merge and mergeWith"],"fullName":"JSONPath Utilities merge and mergeWith should merge patches","status":"passed","title":"should merge patches","duration":0.1267920000000231,"failureMessages":[],"meta":{}},{"ancestorTitles":["JSONPath Utilities","merge and mergeWith"],"fullName":"JSONPath Utilities merge and mergeWith should merge multiple patches","status":"passed","title":"should merge multiple patches","duration":0.09229199999998627,"failureMessages":[],"meta":{}}],"startTime":1767587566796,"endTime":1767587566799.479,"status":"passed","message":"","name":"/Volumes/MacStudioExternal/Users/lmiller/Dev/lellimecnar/source/packages/jsonpath/jsonpath/src/__tests__/utilities.spec.ts"}]}