{"numTotalTestSuites":18,"numPassedTestSuites":18,"numFailedTestSuites":0,"numPendingTestSuites":0,"numTotalTests":37,"numPassedTests":37,"numFailedTests":0,"numPendingTests":0,"numTodoTests":0,"snapshot":{"added":0,"failure":false,"filesAdded":0,"filesRemoved":0,"filesRemovedList":[],"filesUnmatched":0,"filesUpdated":0,"matched":0,"total":0,"unchecked":0,"uncheckedKeysByFile":[],"unmatched":0,"updated":0,"didUpdate":false},"startTime":1767583448630,"success":true,"testResults":[{"assertionResults":[{"ancestorTitles":["Configuration & Cache"],"fullName":"Configuration & Cache should update and persist configuration","status":"passed","title":"should update and persist configuration","duration":0.6652090000000044,"failureMessages":[],"meta":{}},{"ancestorTitles":["Configuration & Cache"],"fullName":"Configuration & Cache should reset to defaults","status":"passed","title":"should reset to defaults","duration":0.08937499999998977,"failureMessages":[],"meta":{}},{"ancestorTitles":["Configuration & Cache"],"fullName":"Configuration & Cache should track cache hits and misses","status":"passed","title":"should track cache hits and misses","duration":0.14424999999999955,"failureMessages":[],"meta":{}},{"ancestorTitles":["Configuration & Cache"],"fullName":"Configuration & Cache should clear cache and reset stats","status":"passed","title":"should clear cache and reset stats","duration":0.22879100000000108,"failureMessages":[],"meta":{}}],"startTime":1767583448774,"endTime":1767583448775.2288,"status":"passed","message":"","name":"/Volumes/MacStudioExternal/Users/lmiller/Dev/lellimecnar/source/packages/jsonpath/jsonpath/src/__tests__/config.spec.ts"},{"assertionResults":[{"ancestorTitles":["examples"],"fullName":"examples compat-json-p3 example runs","status":"passed","title":"compat-json-p3 example runs","duration":1.4090830000000096,"failureMessages":[],"meta":{}},{"ancestorTitles":["examples"],"fullName":"examples plugins example runs","status":"passed","title":"plugins example runs","duration":0.20916699999997945,"failureMessages":[],"meta":{}},{"ancestorTitles":["examples"],"fullName":"examples schema-validation example runs","status":"passed","title":"schema-validation example runs","duration":0.23279200000001765,"failureMessages":[],"meta":{}}],"startTime":1767583448909,"endTime":1767583448911.233,"status":"passed","message":"","name":"/Volumes/MacStudioExternal/Users/lmiller/Dev/lellimecnar/source/packages/jsonpath/jsonpath/src/__tests__/examples.spec.ts"},{"assertionResults":[{"ancestorTitles":["JSONPath Facade"],"fullName":"JSONPath Facade should execute query()","status":"passed","title":"should execute query()","duration":1.546999999999997,"failureMessages":[],"meta":{}},{"ancestorTitles":["JSONPath Facade"],"fullName":"JSONPath Facade should execute queryValues()","status":"passed","title":"should execute queryValues()","duration":0.18095800000000395,"failureMessages":[],"meta":{}},{"ancestorTitles":["JSONPath Facade"],"fullName":"JSONPath Facade should execute queryPaths()","status":"passed","title":"should execute queryPaths()","duration":0.10712499999999636,"failureMessages":[],"meta":{}},{"ancestorTitles":["JSONPath Facade"],"fullName":"JSONPath Facade should execute compileQuery()","status":"passed","title":"should execute compileQuery()","duration":0.26258300000000645,"failureMessages":[],"meta":{}},{"ancestorTitles":["JSONPath Facade"],"fullName":"JSONPath Facade should execute value()","status":"passed","title":"should execute value()","duration":0.12899999999999068,"failureMessages":[],"meta":{}},{"ancestorTitles":["JSONPath Facade"],"fullName":"JSONPath Facade should execute first()","status":"passed","title":"should execute first()","duration":0.06295799999998053,"failureMessages":[],"meta":{}},{"ancestorTitles":["JSONPath Facade"],"fullName":"JSONPath Facade should execute exists()","status":"passed","title":"should execute exists()","duration":0.12579200000001833,"failureMessages":[],"meta":{}},{"ancestorTitles":["JSONPath Facade"],"fullName":"JSONPath Facade should execute count()","status":"passed","title":"should execute count()","duration":0.07729100000000244,"failureMessages":[],"meta":{}},{"ancestorTitles":["JSONPath Facade"],"fullName":"JSONPath Facade should use cache for repeated queries","status":"passed","title":"should use cache for repeated queries","duration":0.09616699999997991,"failureMessages":[],"meta":{}},{"ancestorTitles":["JSONPath Facade"],"fullName":"JSONPath Facade should execute pointer()","status":"passed","title":"should execute pointer()","duration":0.1979159999999922,"failureMessages":[],"meta":{}},{"ancestorTitles":["JSONPath Facade"],"fullName":"JSONPath Facade should execute patch()","status":"passed","title":"should execute patch()","duration":0.23383300000000418,"failureMessages":[],"meta":{}},{"ancestorTitles":["JSONPath Facade"],"fullName":"JSONPath Facade should execute mergePatch()","status":"passed","title":"should execute mergePatch()","duration":0.0972500000000025,"failureMessages":[],"meta":{}},{"ancestorTitles":["JSONPath Facade"],"fullName":"JSONPath Facade should execute toPointer()","status":"passed","title":"should execute toPointer()","duration":0.08316600000000562,"failureMessages":[],"meta":{}},{"ancestorTitles":["JSONPath Facade"],"fullName":"JSONPath Facade should execute toPointers()","status":"passed","title":"should execute toPointers()","duration":0.06058299999997985,"failureMessages":[],"meta":{}},{"ancestorTitles":["JSONPath Facade"],"fullName":"JSONPath Facade should transform values","status":"passed","title":"should transform values","duration":0.15245899999999324,"failureMessages":[],"meta":{}},{"ancestorTitles":["JSONPath Facade"],"fullName":"JSONPath Facade should omit paths","status":"passed","title":"should omit paths","duration":0.13308299999999917,"failureMessages":[],"meta":{}}],"startTime":1767583448889,"endTime":1767583448893.1523,"status":"passed","message":"","name":"/Volumes/MacStudioExternal/Users/lmiller/Dev/lellimecnar/source/packages/jsonpath/jsonpath/src/__tests__/facade.spec.ts"},{"assertionResults":[{"ancestorTitles":["JSONPath Integration Readiness"],"fullName":"JSONPath Integration Readiness should support a complex integration workflow","status":"passed","title":"should support a complex integration workflow","duration":3.011708999999996,"failureMessages":[],"meta":{}}],"startTime":1767583448892,"endTime":1767583448895.0117,"status":"passed","message":"","name":"/Volumes/MacStudioExternal/Users/lmiller/Dev/lellimecnar/source/packages/jsonpath/jsonpath/src/__tests__/integration-readiness.spec.ts"},{"assertionResults":[{"ancestorTitles":["JSONPath Integration"],"fullName":"JSONPath Integration should support basic queries via facade","status":"passed","title":"should support basic queries via facade","duration":1.6083340000000135,"failureMessages":[],"meta":{}},{"ancestorTitles":["JSONPath Integration"],"fullName":"JSONPath Integration should propagate EvaluatorOptions via facade","status":"passed","title":"should propagate EvaluatorOptions via facade","duration":0.6839170000000081,"failureMessages":[],"meta":{}},{"ancestorTitles":["JSONPath Integration"],"fullName":"JSONPath Integration should support RFC 9535 slices and normalized paths","status":"passed","title":"should support RFC 9535 slices and normalized paths","duration":0.36708300000000804,"failureMessages":[],"meta":{}}],"startTime":1767583448887,"endTime":1767583448889.3672,"status":"passed","message":"","name":"/Volumes/MacStudioExternal/Users/lmiller/Dev/lellimecnar/source/packages/jsonpath/jsonpath/src/__tests__/integration.spec.ts"},{"assertionResults":[{"ancestorTitles":["Multi-Query"],"fullName":"Multi-Query multiQuery should handle array of queries","status":"passed","title":"multiQuery should handle array of queries","duration":1.3888340000000028,"failureMessages":[],"meta":{}},{"ancestorTitles":["Multi-Query"],"fullName":"Multi-Query multiQuery should handle record of queries","status":"passed","title":"multiQuery should handle record of queries","duration":0.19304199999999128,"failureMessages":[],"meta":{}},{"ancestorTitles":["Multi-Query"],"fullName":"Multi-Query QuerySet should be reusable","status":"passed","title":"QuerySet should be reusable","duration":0.2350420000000213,"failureMessages":[],"meta":{}},{"ancestorTitles":["Multi-Query"],"fullName":"Multi-Query QuerySet should be mutable","status":"passed","title":"QuerySet should be mutable","duration":0.10245900000001029,"failureMessages":[],"meta":{}}],"startTime":1767583448889,"endTime":1767583448891.235,"status":"passed","message":"","name":"/Volumes/MacStudioExternal/Users/lmiller/Dev/lellimecnar/source/packages/jsonpath/jsonpath/src/__tests__/multi-query.spec.ts"},{"assertionResults":[{"ancestorTitles":["JSONPath Utilities","secureQuery"],"fullName":"JSONPath Utilities secureQuery should enforce maxQueryLength","status":"passed","title":"should enforce maxQueryLength","duration":1.0529999999999973,"failureMessages":[],"meta":{}},{"ancestorTitles":["JSONPath Utilities","secureQuery"],"fullName":"JSONPath Utilities secureQuery should block recursive descent by default","status":"passed","title":"should block recursive descent by default","duration":0.6210839999999962,"failureMessages":[],"meta":{}},{"ancestorTitles":["JSONPath Utilities","transformAll"],"fullName":"JSONPath Utilities transformAll should apply multiple transformations","status":"passed","title":"should apply multiple transformations","duration":0.9410420000000101,"failureMessages":[],"meta":{}},{"ancestorTitles":["JSONPath Utilities","projectWith"],"fullName":"JSONPath Utilities projectWith should project with paths and functions","status":"passed","title":"should project with paths and functions","duration":0.48362500000001774,"failureMessages":[],"meta":{}},{"ancestorTitles":["JSONPath Utilities","merge and mergeWith"],"fullName":"JSONPath Utilities merge and mergeWith should merge patches","status":"passed","title":"should merge patches","duration":0.1180829999999844,"failureMessages":[],"meta":{}},{"ancestorTitles":["JSONPath Utilities","merge and mergeWith"],"fullName":"JSONPath Utilities merge and mergeWith should merge multiple patches","status":"passed","title":"should merge multiple patches","duration":0.09495799999999122,"failureMessages":[],"meta":{}}],"startTime":1767583448893,"endTime":1767583448896.1182,"status":"passed","message":"","name":"/Volumes/MacStudioExternal/Users/lmiller/Dev/lellimecnar/source/packages/jsonpath/jsonpath/src/__tests__/utilities.spec.ts"}]}