{"numTotalTestSuites":6,"numPassedTestSuites":6,"numFailedTestSuites":0,"numPendingTestSuites":0,"numTotalTests":19,"numPassedTests":19,"numFailedTests":0,"numPendingTests":0,"numTodoTests":0,"snapshot":{"added":0,"failure":false,"filesAdded":0,"filesRemoved":0,"filesRemovedList":[],"filesUnmatched":0,"filesUpdated":0,"matched":0,"total":0,"unchecked":0,"uncheckedKeysByFile":[],"unmatched":0,"updated":0,"didUpdate":false},"startTime":1767626481992,"success":true,"testResults":[{"assertionResults":[{"ancestorTitles":["Debug Parser"],"fullName":"Debug Parser should parse parent selector","status":"passed","title":"should parse parent selector","duration":1.372000000000014,"failureMessages":[],"meta":{}}],"startTime":1767626482139,"endTime":1767626482140.372,"status":"passed","message":"","name":"/Volumes/MacStudioExternal/Users/lmiller/Dev/lellimecnar/source/packages/jsonpath/parser/src/__tests__/debug.spec.ts"},{"assertionResults":[{"ancestorTitles":["Parser"],"fullName":"Parser should parse a simple root query","status":"passed","title":"should parse a simple root query","duration":1.1351670000000098,"failureMessages":[],"meta":{}},{"ancestorTitles":["Parser"],"fullName":"Parser should parse a simple child segment","status":"passed","title":"should parse a simple child segment","duration":0.3947499999999877,"failureMessages":[],"meta":{}},{"ancestorTitles":["Parser"],"fullName":"Parser should parse bracket notation","status":"passed","title":"should parse bracket notation","duration":0.8154590000000042,"failureMessages":[],"meta":{}},{"ancestorTitles":["Parser"],"fullName":"Parser should parse descendant segments","status":"passed","title":"should parse descendant segments","duration":0.14504099999999198,"failureMessages":[],"meta":{}},{"ancestorTitles":["Parser"],"fullName":"Parser should parse wildcards","status":"passed","title":"should parse wildcards","duration":0.0745420000000081,"failureMessages":[],"meta":{}},{"ancestorTitles":["Parser"],"fullName":"Parser should parse slices","status":"passed","title":"should parse slices","duration":0.13195899999999483,"failureMessages":[],"meta":{}},{"ancestorTitles":["Parser"],"fullName":"Parser should parse filter expressions","status":"passed","title":"should parse filter expressions","duration":0.3099579999999946,"failureMessages":[],"meta":{}},{"ancestorTitles":["Parser"],"fullName":"Parser should parse complex expressions with precedence","status":"passed","title":"should parse complex expressions with precedence","duration":0.16724999999999568,"failureMessages":[],"meta":{}},{"ancestorTitles":["Parser"],"fullName":"Parser should parse function calls","status":"passed","title":"should parse function calls","duration":0.18783299999998349,"failureMessages":[],"meta":{}},{"ancestorTitles":["Parser"],"fullName":"Parser should throw on invalid index selector $[+1]","status":"passed","title":"should throw on invalid index selector $[+1]","duration":0.3871249999999975,"failureMessages":[],"meta":{}},{"ancestorTitles":["Parser"],"fullName":"Parser should throw on invalid index selector $[1.0]","status":"passed","title":"should throw on invalid index selector $[1.0]","duration":0.08266700000001492,"failureMessages":[],"meta":{}},{"ancestorTitles":["Parser"],"fullName":"Parser should reject shorthand keyword selectors in strict mode","status":"passed","title":"should reject shorthand keyword selectors in strict mode","duration":0.16637499999998795,"failureMessages":[],"meta":{}},{"ancestorTitles":["Parser"],"fullName":"Parser should allow shorthand keyword selectors when not strict","status":"passed","title":"should allow shorthand keyword selectors when not strict","duration":0.06566599999999312,"failureMessages":[],"meta":{}},{"ancestorTitles":["Parser"],"fullName":"Parser should populate metadata (quoted, raw)","status":"passed","title":"should populate metadata (quoted, raw)","duration":0.2351669999999899,"failureMessages":[],"meta":{}}],"startTime":1767626482136,"endTime":1767626482140.235,"status":"passed","message":"","name":"/Volumes/MacStudioExternal/Users/lmiller/Dev/lellimecnar/source/packages/jsonpath/parser/src/__tests__/parser.spec.ts"},{"assertionResults":[{"ancestorTitles":["AST Utilities"],"fullName":"AST Utilities should walk the AST","status":"passed","title":"should walk the AST","duration":1.9742080000000044,"failureMessages":[],"meta":{}},{"ancestorTitles":["AST Utilities"],"fullName":"AST Utilities should support enter and leave hooks in walk","status":"passed","title":"should support enter and leave hooks in walk","duration":0.3726249999999993,"failureMessages":[],"meta":{}},{"ancestorTitles":["AST Utilities"],"fullName":"AST Utilities should parse a standalone expression","status":"passed","title":"should parse a standalone expression","duration":0.17579200000000128,"failureMessages":[],"meta":{}},{"ancestorTitles":["AST Utilities"],"fullName":"AST Utilities should transform the AST","status":"passed","title":"should transform the AST","duration":0.20729199999999537,"failureMessages":[],"meta":{}}],"startTime":1767626482140,"endTime":1767626482142.3726,"status":"passed","message":"","name":"/Volumes/MacStudioExternal/Users/lmiller/Dev/lellimecnar/source/packages/jsonpath/parser/src/__tests__/utils.spec.ts"}]}