{"numTotalTestSuites":6,"numPassedTestSuites":6,"numFailedTestSuites":0,"numPendingTestSuites":0,"numTotalTests":19,"numPassedTests":19,"numFailedTests":0,"numPendingTests":0,"numTodoTests":0,"snapshot":{"added":0,"failure":false,"filesAdded":0,"filesRemoved":0,"filesRemovedList":[],"filesUnmatched":0,"filesUpdated":0,"matched":0,"total":0,"unchecked":0,"uncheckedKeysByFile":[],"unmatched":0,"updated":0,"didUpdate":false},"startTime":1767628104405,"success":true,"testResults":[{"assertionResults":[{"ancestorTitles":["Debug Parser"],"fullName":"Debug Parser should parse parent selector","status":"passed","title":"should parse parent selector","duration":1.419333999999992,"failureMessages":[],"meta":{}}],"startTime":1767628104558,"endTime":1767628104559.4194,"status":"passed","message":"","name":"/Volumes/MacStudioExternal/Users/lmiller/Dev/lellimecnar/source/packages/jsonpath/parser/src/__tests__/debug.spec.ts"},{"assertionResults":[{"ancestorTitles":["Parser"],"fullName":"Parser should parse a simple root query","status":"passed","title":"should parse a simple root query","duration":1.0149580000000071,"failureMessages":[],"meta":{}},{"ancestorTitles":["Parser"],"fullName":"Parser should parse a simple child segment","status":"passed","title":"should parse a simple child segment","duration":0.3195839999999919,"failureMessages":[],"meta":{}},{"ancestorTitles":["Parser"],"fullName":"Parser should parse bracket notation","status":"passed","title":"should parse bracket notation","duration":0.767957999999993,"failureMessages":[],"meta":{}},{"ancestorTitles":["Parser"],"fullName":"Parser should parse descendant segments","status":"passed","title":"should parse descendant segments","duration":0.13912500000000705,"failureMessages":[],"meta":{}},{"ancestorTitles":["Parser"],"fullName":"Parser should parse wildcards","status":"passed","title":"should parse wildcards","duration":0.08474999999998545,"failureMessages":[],"meta":{}},{"ancestorTitles":["Parser"],"fullName":"Parser should parse slices","status":"passed","title":"should parse slices","duration":0.12091700000001993,"failureMessages":[],"meta":{}},{"ancestorTitles":["Parser"],"fullName":"Parser should parse filter expressions","status":"passed","title":"should parse filter expressions","duration":0.2902919999999938,"failureMessages":[],"meta":{}},{"ancestorTitles":["Parser"],"fullName":"Parser should parse complex expressions with precedence","status":"passed","title":"should parse complex expressions with precedence","duration":0.15995800000001736,"failureMessages":[],"meta":{}},{"ancestorTitles":["Parser"],"fullName":"Parser should parse function calls","status":"passed","title":"should parse function calls","duration":0.17941700000000083,"failureMessages":[],"meta":{}},{"ancestorTitles":["Parser"],"fullName":"Parser should throw on invalid index selector $[+1]","status":"passed","title":"should throw on invalid index selector $[+1]","duration":0.3834160000000111,"failureMessages":[],"meta":{}},{"ancestorTitles":["Parser"],"fullName":"Parser should throw on invalid index selector $[1.0]","status":"passed","title":"should throw on invalid index selector $[1.0]","duration":0.08549999999999613,"failureMessages":[],"meta":{}},{"ancestorTitles":["Parser"],"fullName":"Parser should reject shorthand keyword selectors in strict mode","status":"passed","title":"should reject shorthand keyword selectors in strict mode","duration":0.16908300000000054,"failureMessages":[],"meta":{}},{"ancestorTitles":["Parser"],"fullName":"Parser should allow shorthand keyword selectors when not strict","status":"passed","title":"should allow shorthand keyword selectors when not strict","duration":0.06562499999998295,"failureMessages":[],"meta":{}},{"ancestorTitles":["Parser"],"fullName":"Parser should populate metadata (quoted, raw)","status":"passed","title":"should populate metadata (quoted, raw)","duration":0.22654199999999491,"failureMessages":[],"meta":{}}],"startTime":1767628104553,"endTime":1767628104557.2266,"status":"passed","message":"","name":"/Volumes/MacStudioExternal/Users/lmiller/Dev/lellimecnar/source/packages/jsonpath/parser/src/__tests__/parser.spec.ts"},{"assertionResults":[{"ancestorTitles":["AST Utilities"],"fullName":"AST Utilities should walk the AST","status":"passed","title":"should walk the AST","duration":1.6195840000000032,"failureMessages":[],"meta":{}},{"ancestorTitles":["AST Utilities"],"fullName":"AST Utilities should support enter and leave hooks in walk","status":"passed","title":"should support enter and leave hooks in walk","duration":0.36887500000000273,"failureMessages":[],"meta":{}},{"ancestorTitles":["AST Utilities"],"fullName":"AST Utilities should parse a standalone expression","status":"passed","title":"should parse a standalone expression","duration":0.15350000000000819,"failureMessages":[],"meta":{}},{"ancestorTitles":["AST Utilities"],"fullName":"AST Utilities should transform the AST","status":"passed","title":"should transform the AST","duration":0.12737500000000068,"failureMessages":[],"meta":{}}],"startTime":1767628104558,"endTime":1767628104560.369,"status":"passed","message":"","name":"/Volumes/MacStudioExternal/Users/lmiller/Dev/lellimecnar/source/packages/jsonpath/parser/src/__tests__/utils.spec.ts"}]}