{
	"numTotalTestSuites": 75,
	"numPassedTestSuites": 75,
	"numFailedTestSuites": 0,
	"numPendingTestSuites": 0,
	"numTotalTests": 206,
	"numPassedTests": 206,
	"numFailedTests": 0,
	"numPendingTests": 0,
	"numTodoTests": 0,
	"snapshot": {
		"added": 0,
		"failure": false,
		"filesAdded": 0,
		"filesRemoved": 0,
		"filesRemovedList": [],
		"filesUnmatched": 0,
		"filesUpdated": 0,
		"matched": 0,
		"total": 0,
		"unchecked": 0,
		"uncheckedKeysByFile": [],
		"unmatched": 0,
		"updated": 0,
		"didUpdate": false
	},
	"startTime": 1767571312125,
	"success": true,
	"testResults": [
		{
			"assertionResults": [
				{
					"ancestorTitles": ["DataMap", "Read API"],
					"fullName": "DataMap Read API should resolve root pointer",
					"status": "passed",
					"title": "should resolve root pointer",
					"duration": 2.3008330000000115,
					"failureMessages": [],
					"meta": {}
				},
				{
					"ancestorTitles": ["DataMap", "Read API"],
					"fullName": "DataMap Read API should resolve simple pointers",
					"status": "passed",
					"title": "should resolve simple pointers",
					"duration": 0.40529199999997445,
					"failureMessages": [],
					"meta": {}
				},
				{
					"ancestorTitles": ["DataMap", "Read API"],
					"fullName": "DataMap Read API should resolve JSONPath",
					"status": "passed",
					"title": "should resolve JSONPath",
					"duration": 2.272542000000044,
					"failureMessages": [],
					"meta": {}
				},
				{
					"ancestorTitles": ["DataMap", "Read API"],
					"fullName": "DataMap Read API should return undefined for missing pointers in non-strict mode",
					"status": "passed",
					"title": "should return undefined for missing pointers in non-strict mode",
					"duration": 0.20087499999999636,
					"failureMessages": [],
					"meta": {}
				},
				{
					"ancestorTitles": ["DataMap", "Read API"],
					"fullName": "DataMap Read API should throw for missing pointers in strict mode",
					"status": "passed",
					"title": "should throw for missing pointers in strict mode",
					"duration": 0.5291669999999726,
					"failureMessages": [],
					"meta": {}
				},
				{
					"ancestorTitles": ["DataMap", "Write API"],
					"fullName": "DataMap Write API should set value via pointer",
					"status": "passed",
					"title": "should set value via pointer",
					"duration": 2.1054169999999885,
					"failureMessages": [],
					"meta": {}
				},
				{
					"ancestorTitles": ["DataMap", "Write API"],
					"fullName": "DataMap Write API should set value via JSONPath",
					"status": "passed",
					"title": "should set value via JSONPath",
					"duration": 0.696207999999956,
					"failureMessages": [],
					"meta": {}
				},
				{
					"ancestorTitles": ["DataMap", "Write API"],
					"fullName": "DataMap Write API should create missing containers on set",
					"status": "passed",
					"title": "should create missing containers on set",
					"duration": 2.1028329999999755,
					"failureMessages": [],
					"meta": {}
				},
				{
					"ancestorTitles": ["DataMap", "Write API"],
					"fullName": "DataMap Write API should support functional updates",
					"status": "passed",
					"title": "should support functional updates",
					"duration": 0.8892089999999939,
					"failureMessages": [],
					"meta": {}
				},
				{
					"ancestorTitles": ["DataMap", "Write API"],
					"fullName": "DataMap Write API should setAll via JSONPath",
					"status": "passed",
					"title": "should setAll via JSONPath",
					"duration": 0.4860830000000078,
					"failureMessages": [],
					"meta": {}
				},
				{
					"ancestorTitles": ["DataMap", "Write API"],
					"fullName": "DataMap Write API should map values",
					"status": "passed",
					"title": "should map values",
					"duration": 0.34699999999998,
					"failureMessages": [],
					"meta": {}
				},
				{
					"ancestorTitles": ["DataMap", "Write API"],
					"fullName": "DataMap Write API should apply raw patches",
					"status": "passed",
					"title": "should apply raw patches",
					"duration": 0.11537500000002865,
					"failureMessages": [],
					"meta": {}
				},
				{
					"ancestorTitles": ["DataMap", "Write API"],
					"fullName": "DataMap Write API should generate patches without applying them",
					"status": "passed",
					"title": "should generate patches without applying them",
					"duration": 0.11929200000002993,
					"failureMessages": [],
					"meta": {}
				},
				{
					"ancestorTitles": ["DataMap", "Write API"],
					"fullName": "DataMap Write API applies transformedValue returned by before-hook (AC-024)",
					"status": "passed",
					"title": "applies transformedValue returned by before-hook (AC-024)",
					"duration": 0.37483300000002373,
					"failureMessages": [],
					"meta": {}
				},
				{
					"ancestorTitles": ["DataMap", "Write API"],
					"fullName": "DataMap Write API pipelines multiple before-hook transformations (AC-024)",
					"status": "passed",
					"title": "pipelines multiple before-hook transformations (AC-024)",
					"duration": 0.2333749999999668,
					"failureMessages": [],
					"meta": {}
				},
				{
					"ancestorTitles": ["DataMap", "Immutability"],
					"fullName": "DataMap Immutability should not mutate initial data",
					"status": "passed",
					"title": "should not mutate initial data",
					"duration": 0.09258299999999053,
					"failureMessages": [],
					"meta": {}
				},
				{
					"ancestorTitles": ["DataMap", "Immutability"],
					"fullName": "DataMap Immutability should return cloned snapshots",
					"status": "passed",
					"title": "should return cloned snapshots",
					"duration": 0.06404199999997218,
					"failureMessages": [],
					"meta": {}
				},
				{
					"ancestorTitles": ["DataMap", "Array API"],
					"fullName": "DataMap Array API push() appends items",
					"status": "passed",
					"title": "push() appends items",
					"duration": 0.277499999999975,
					"failureMessages": [],
					"meta": {}
				},
				{
					"ancestorTitles": ["DataMap", "Array API"],
					"fullName": "DataMap Array API pop() removes last item and returns it",
					"status": "passed",
					"title": "pop() removes last item and returns it",
					"duration": 0.23762499999998,
					"failureMessages": [],
					"meta": {}
				},
				{
					"ancestorTitles": ["DataMap", "Array API"],
					"fullName": "DataMap Array API shift() removes first item and returns it",
					"status": "passed",
					"title": "shift() removes first item and returns it",
					"duration": 0.15516700000000583,
					"failureMessages": [],
					"meta": {}
				},
				{
					"ancestorTitles": ["DataMap", "Array API"],
					"fullName": "DataMap Array API unshift() prepends items",
					"status": "passed",
					"title": "unshift() prepends items",
					"duration": 0.24950000000001182,
					"failureMessages": [],
					"meta": {}
				},
				{
					"ancestorTitles": ["DataMap", "Array API"],
					"fullName": "DataMap Array API splice() removes and inserts items",
					"status": "passed",
					"title": "splice() removes and inserts items",
					"duration": 0.31579099999999016,
					"failureMessages": [],
					"meta": {}
				},
				{
					"ancestorTitles": ["DataMap", "Array API"],
					"fullName": "DataMap Array API sort() reorders items",
					"status": "passed",
					"title": "sort() reorders items",
					"duration": 0.16816599999998516,
					"failureMessages": [],
					"meta": {}
				},
				{
					"ancestorTitles": ["DataMap", "Array API"],
					"fullName": "DataMap Array API shuffle() randomizes items",
					"status": "passed",
					"title": "shuffle() randomizes items",
					"duration": 0.5522920000000227,
					"failureMessages": [],
					"meta": {}
				},
				{
					"ancestorTitles": ["DataMap", "Array API"],
					"fullName": "DataMap Array API should generate patches for array methods",
					"status": "passed",
					"title": "should generate patches for array methods",
					"duration": 0.07770899999997027,
					"failureMessages": [],
					"meta": {}
				},
				{
					"ancestorTitles": ["DataMap clone()"],
					"fullName": "DataMap clone() should clone with isolated subscriptions",
					"status": "passed",
					"title": "should clone with isolated subscriptions",
					"duration": 0.23612499999995862,
					"failureMessages": [],
					"meta": {}
				},
				{
					"ancestorTitles": ["DataMap clone()"],
					"fullName": "DataMap clone() should preserve definitions in clone",
					"status": "passed",
					"title": "should preserve definitions in clone",
					"duration": 0.21895799999998644,
					"failureMessages": [],
					"meta": {}
				},
				{
					"ancestorTitles": ["DataMap strict mode"],
					"fullName": "DataMap strict mode should throw for relative pointers in strict mode",
					"status": "passed",
					"title": "should throw for relative pointers in strict mode",
					"duration": 0.13629100000002836,
					"failureMessages": [],
					"meta": {}
				},
				{
					"ancestorTitles": ["DataMap strict mode"],
					"fullName": "DataMap strict mode should return empty matches for relative pointers in non-strict mode",
					"status": "passed",
					"title": "should return empty matches for relative pointers in non-strict mode",
					"duration": 0.04229099999997743,
					"failureMessages": [],
					"meta": {}
				},
				{
					"ancestorTitles": ["DataMap error paths"],
					"fullName": "DataMap error paths should handle get() with invalid JSONPath syntax (non-strict)",
					"status": "passed",
					"title": "should handle get() with invalid JSONPath syntax (non-strict)",
					"duration": 0.12691699999999173,
					"failureMessages": [],
					"meta": {}
				},
				{
					"ancestorTitles": ["DataMap error paths"],
					"fullName": "DataMap error paths should throw for invalid JSONPath in strict mode",
					"status": "passed",
					"title": "should throw for invalid JSONPath in strict mode",
					"duration": 0.08687499999996362,
					"failureMessages": [],
					"meta": {}
				},
				{
					"ancestorTitles": ["DataMap transaction edge cases"],
					"fullName": "DataMap transaction edge cases should not trigger notifications on transaction rollback",
					"status": "passed",
					"title": "should not trigger notifications on transaction rollback",
					"duration": 0.23237499999999045,
					"failureMessages": [],
					"meta": {}
				},
				{
					"ancestorTitles": ["DataMap transaction edge cases"],
					"fullName": "DataMap transaction edge cases should allow nested transactions",
					"status": "passed",
					"title": "should allow nested transactions",
					"duration": 0.18375000000003183,
					"failureMessages": [],
					"meta": {}
				},
				{
					"ancestorTitles": ["DataMap batch edge cases"],
					"fullName": "DataMap batch edge cases should defer notifications within batch",
					"status": "passed",
					"title": "should defer notifications within batch",
					"duration": 1.4605419999999754,
					"failureMessages": [],
					"meta": {}
				},
				{
					"ancestorTitles": ["DataMap coverage edge cases"],
					"fullName": "DataMap coverage edge cases swallows errors in patch when strict is false",
					"status": "passed",
					"title": "swallows errors in patch when strict is false",
					"duration": 0.4279589999999871,
					"failureMessages": [],
					"meta": {}
				},
				{
					"ancestorTitles": ["DataMap coverage edge cases"],
					"fullName": "DataMap coverage edge cases cancels patch via subscription",
					"status": "passed",
					"title": "cancels patch via subscription",
					"duration": 0.17374999999998408,
					"failureMessages": [],
					"meta": {}
				},
				{
					"ancestorTitles": ["DataMap coverage edge cases"],
					"fullName": "DataMap coverage edge cases set.toPatch creates patch for new pointer",
					"status": "passed",
					"title": "set.toPatch creates patch for new pointer",
					"duration": 0.08899999999999864,
					"failureMessages": [],
					"meta": {}
				},
				{
					"ancestorTitles": ["DataMap coverage edge cases"],
					"fullName": "DataMap coverage edge cases pop.toPatch() returns operations without applying them",
					"status": "passed",
					"title": "pop.toPatch() returns operations without applying them",
					"duration": 0.11250000000001137,
					"failureMessages": [],
					"meta": {}
				},
				{
					"ancestorTitles": ["DataMap coverage edge cases"],
					"fullName": "DataMap coverage edge cases shift.toPatch() returns operations without applying them",
					"status": "passed",
					"title": "shift.toPatch() returns operations without applying them",
					"duration": 0.08550000000002456,
					"failureMessages": [],
					"meta": {}
				},
				{
					"ancestorTitles": ["DataMap coverage edge cases"],
					"fullName": "DataMap coverage edge cases splice.toPatch() returns operations without applying them",
					"status": "passed",
					"title": "splice.toPatch() returns operations without applying them",
					"duration": 0.09708299999999781,
					"failureMessages": [],
					"meta": {}
				},
				{
					"ancestorTitles": ["DataMap coverage edge cases"],
					"fullName": "DataMap coverage edge cases clone() accepts options to override",
					"status": "passed",
					"title": "clone() accepts options to override",
					"duration": 0.07995900000003076,
					"failureMessages": [],
					"meta": {}
				},
				{
					"ancestorTitles": ["DataMap coverage edge cases"],
					"fullName": "DataMap coverage edge cases batches multiple operations into a single notification cycle (AC-025)",
					"status": "passed",
					"title": "batches multiple operations into a single notification cycle (AC-025)",
					"duration": 0.6820000000000164,
					"failureMessages": [],
					"meta": {}
				}
			],
			"startTime": 1767571312497,
			"endTime": 1767571312517.682,
			"status": "passed",
			"message": "",
			"name": "/Volumes/MacStudioExternal/Users/lmiller/Dev/lellimecnar/source/packages/data-map/core/src/datamap.spec.ts"
		},
		{
			"assertionResults": [
				{
					"ancestorTitles": ["error and negative cases"],
					"fullName": "error and negative cases handles get() with empty path as root pointer",
					"status": "passed",
					"title": "handles get() with empty path as root pointer",
					"duration": 4.695499999999981,
					"failureMessages": [],
					"meta": {}
				},
				{
					"ancestorTitles": ["error and negative cases"],
					"fullName": "error and negative cases returns undefined for non-existent nested path (non-strict)",
					"status": "passed",
					"title": "returns undefined for non-existent nested path (non-strict)",
					"duration": 0.3227089999999748,
					"failureMessages": [],
					"meta": {}
				},
				{
					"ancestorTitles": ["error and negative cases"],
					"fullName": "error and negative cases throws for non-existent path in strict mode",
					"status": "passed",
					"title": "throws for non-existent path in strict mode",
					"duration": 0.425042000000019,
					"failureMessages": [],
					"meta": {}
				},
				{
					"ancestorTitles": ["error and negative cases"],
					"fullName": "error and negative cases handles patch on non-existent path in non-strict mode",
					"status": "passed",
					"title": "handles patch on non-existent path in non-strict mode",
					"duration": 0.5446249999999964,
					"failureMessages": [],
					"meta": {}
				},
				{
					"ancestorTitles": ["error and negative cases"],
					"fullName": "error and negative cases handles resolve() with fragment pointer",
					"status": "passed",
					"title": "handles resolve() with fragment pointer",
					"duration": 0.3867089999999962,
					"failureMessages": [],
					"meta": {}
				},
				{
					"ancestorTitles": ["error and negative cases"],
					"fullName": "error and negative cases handles JSONPath with no matches gracefully",
					"status": "passed",
					"title": "handles JSONPath with no matches gracefully",
					"duration": 0.6059169999999767,
					"failureMessages": [],
					"meta": {}
				},
				{
					"ancestorTitles": ["error and negative cases"],
					"fullName": "error and negative cases subscription handler error does not prevent patch application",
					"status": "passed",
					"title": "subscription handler error does not prevent patch application",
					"duration": 5.46245799999997,
					"failureMessages": [],
					"meta": {}
				},
				{
					"ancestorTitles": ["error and negative cases"],
					"fullName": "error and negative cases toJSON returns cloned data",
					"status": "passed",
					"title": "toJSON returns cloned data",
					"duration": 0.2775839999999903,
					"failureMessages": [],
					"meta": {}
				}
			],
			"startTime": 1767571312498,
			"endTime": 1767571312511.2776,
			"status": "passed",
			"message": "",
			"name": "/Volumes/MacStudioExternal/Users/lmiller/Dev/lellimecnar/source/packages/data-map/core/src/__tests__/errors.spec.ts"
		},
		{
			"assertionResults": [
				{
					"ancestorTitles": ["integration workflows"],
					"fullName": "integration workflows supports read-modify-write cycle with subscriptions",
					"status": "passed",
					"title": "supports read-modify-write cycle with subscriptions",
					"duration": 8.88354099999998,
					"failureMessages": [],
					"meta": {}
				},
				{
					"ancestorTitles": ["integration workflows"],
					"fullName": "integration workflows supports patch preview via toPatch (no immediate mutation)",
					"status": "passed",
					"title": "supports patch preview via toPatch (no immediate mutation)",
					"duration": 0.2727499999999736,
					"failureMessages": [],
					"meta": {}
				},
				{
					"ancestorTitles": ["integration workflows"],
					"fullName": "integration workflows handles deeply nested objects (10+ levels)",
					"status": "passed",
					"title": "handles deeply nested objects (10+ levels)",
					"duration": 0.39674999999999727,
					"failureMessages": [],
					"meta": {}
				},
				{
					"ancestorTitles": ["integration workflows"],
					"fullName": "integration workflows maintains immutability across chained operations",
					"status": "passed",
					"title": "maintains immutability across chained operations",
					"duration": 0.7119579999999814,
					"failureMessages": [],
					"meta": {}
				},
				{
					"ancestorTitles": ["integration workflows"],
					"fullName": "integration workflows combines JSONPath queries with subscriptions",
					"status": "passed",
					"title": "combines JSONPath queries with subscriptions",
					"duration": 1.6097910000000297,
					"failureMessages": [],
					"meta": {}
				},
				{
					"ancestorTitles": ["integration workflows"],
					"fullName": "integration workflows supports equals() comparison between DataMaps",
					"status": "passed",
					"title": "supports equals() comparison between DataMaps",
					"duration": 0.7777909999999792,
					"failureMessages": [],
					"meta": {}
				},
				{
					"ancestorTitles": ["integration workflows"],
					"fullName": "integration workflows supports extends() for partial matching",
					"status": "passed",
					"title": "supports extends() for partial matching",
					"duration": 0.1864999999999668,
					"failureMessages": [],
					"meta": {}
				}
			],
			"startTime": 1767571312495,
			"endTime": 1767571312508.1865,
			"status": "passed",
			"message": "",
			"name": "/Volumes/MacStudioExternal/Users/lmiller/Dev/lellimecnar/source/packages/data-map/core/src/__tests__/integration.spec.ts"
		},
		{
			"assertionResults": [
				{
					"ancestorTitles": ["json-p3 parity (compat-json-p3)"],
					"fullName": "json-p3 parity (compat-json-p3) query values and pointers match common patterns",
					"status": "passed",
					"title": "query values and pointers match common patterns",
					"duration": 2.4567499999999995,
					"failureMessages": [],
					"meta": {}
				},
				{
					"ancestorTitles": ["json-p3 parity (compat-json-p3)"],
					"fullName": "json-p3 parity (compat-json-p3) JSONPointer resolve/exists match",
					"status": "passed",
					"title": "JSONPointer resolve/exists match",
					"duration": 0.32474999999999454,
					"failureMessages": [],
					"meta": {}
				},
				{
					"ancestorTitles": ["json-p3 parity (compat-json-p3)"],
					"fullName": "json-p3 parity (compat-json-p3) jsonpatch.apply mutates in place",
					"status": "passed",
					"title": "jsonpatch.apply mutates in place",
					"duration": 0.45591699999999946,
					"failureMessages": [],
					"meta": {}
				}
			],
			"startTime": 1767571312814,
			"endTime": 1767571312817.4558,
			"status": "passed",
			"message": "",
			"name": "/Volumes/MacStudioExternal/Users/lmiller/Dev/lellimecnar/source/packages/data-map/core/src/__tests__/jsonpath-integration.spec.ts"
		},
		{
			"assertionResults": [
				{
					"ancestorTitles": [
						"spec compliance",
						"REQ-001: json-p3 JSONPath behavior"
					],
					"fullName": "spec compliance REQ-001: json-p3 JSONPath behavior uses json-p3 semantics for JSONPath queries",
					"status": "passed",
					"title": "uses json-p3 semantics for JSONPath queries",
					"duration": 3.247875000000022,
					"failureMessages": [],
					"meta": {}
				},
				{
					"ancestorTitles": [
						"spec compliance",
						"REQ-001: json-p3 JSONPath behavior"
					],
					"fullName": "spec compliance REQ-001: json-p3 JSONPath behavior supports recursive descent",
					"status": "passed",
					"title": "supports recursive descent",
					"duration": 0.37883399999998346,
					"failureMessages": [],
					"meta": {}
				},
				{
					"ancestorTitles": [
						"spec compliance",
						"REQ-002: RFC6902 patch operations"
					],
					"fullName": "spec compliance REQ-002: RFC6902 patch operations supports add operation",
					"status": "passed",
					"title": "supports add operation",
					"duration": 1.2362919999999917,
					"failureMessages": [],
					"meta": {}
				},
				{
					"ancestorTitles": [
						"spec compliance",
						"REQ-002: RFC6902 patch operations"
					],
					"fullName": "spec compliance REQ-002: RFC6902 patch operations supports remove operation",
					"status": "passed",
					"title": "supports remove operation",
					"duration": 0.49170799999996007,
					"failureMessages": [],
					"meta": {}
				},
				{
					"ancestorTitles": [
						"spec compliance",
						"REQ-002: RFC6902 patch operations"
					],
					"fullName": "spec compliance REQ-002: RFC6902 patch operations supports replace operation",
					"status": "passed",
					"title": "supports replace operation",
					"duration": 0.27416600000003655,
					"failureMessages": [],
					"meta": {}
				},
				{
					"ancestorTitles": [
						"spec compliance",
						"REQ-002: RFC6902 patch operations"
					],
					"fullName": "spec compliance REQ-002: RFC6902 patch operations supports copy operation",
					"status": "passed",
					"title": "supports copy operation",
					"duration": 0.19445799999999736,
					"failureMessages": [],
					"meta": {}
				},
				{
					"ancestorTitles": [
						"spec compliance",
						"REQ-002: RFC6902 patch operations"
					],
					"fullName": "spec compliance REQ-002: RFC6902 patch operations supports move operation",
					"status": "passed",
					"title": "supports move operation",
					"duration": 0.3024169999999913,
					"failureMessages": [],
					"meta": {}
				},
				{
					"ancestorTitles": [
						"spec compliance",
						"REQ-002: RFC6902 patch operations"
					],
					"fullName": "spec compliance REQ-002: RFC6902 patch operations supports test operation",
					"status": "passed",
					"title": "supports test operation",
					"duration": 1.6597909999999843,
					"failureMessages": [],
					"meta": {}
				},
				{
					"ancestorTitles": ["spec compliance", "REQ-003: Immutability"],
					"fullName": "spec compliance REQ-003: Immutability does not mutate initial data",
					"status": "passed",
					"title": "does not mutate initial data",
					"duration": 0.40625,
					"failureMessages": [],
					"meta": {}
				},
				{
					"ancestorTitles": ["spec compliance", "REQ-003: Immutability"],
					"fullName": "spec compliance REQ-003: Immutability returns cloned snapshots",
					"status": "passed",
					"title": "returns cloned snapshots",
					"duration": 0.11858399999999847,
					"failureMessages": [],
					"meta": {}
				},
				{
					"ancestorTitles": [
						"spec compliance",
						"REQ-004: Path interchangeability"
					],
					"fullName": "spec compliance REQ-004: Path interchangeability accepts JSON Pointer and JSONPath interchangeably for reads",
					"status": "passed",
					"title": "accepts JSON Pointer and JSONPath interchangeably for reads",
					"duration": 0.20283299999999826,
					"failureMessages": [],
					"meta": {}
				},
				{
					"ancestorTitles": ["spec compliance", "REQ-005: Path type detection"],
					"fullName": "spec compliance REQ-005: Path type detection classifies pointer vs relative-pointer vs jsonpath",
					"status": "passed",
					"title": "classifies pointer vs relative-pointer vs jsonpath",
					"duration": 0.4017499999999927,
					"failureMessages": [],
					"meta": {}
				},
				{
					"ancestorTitles": ["spec compliance", "REQ-006: Subscription system"],
					"fullName": "spec compliance REQ-006: Subscription system supports before/on/after stages",
					"status": "passed",
					"title": "supports before/on/after stages",
					"duration": 0.5065830000000346,
					"failureMessages": [],
					"meta": {}
				},
				{
					"ancestorTitles": ["spec compliance", "REQ-006: Subscription system"],
					"fullName": "spec compliance REQ-006: Subscription system supports unsubscribe",
					"status": "passed",
					"title": "supports unsubscribe",
					"duration": 0.4774590000000103,
					"failureMessages": [],
					"meta": {}
				}
			],
			"startTime": 1767571312466,
			"endTime": 1767571312476.4775,
			"status": "passed",
			"message": "",
			"name": "/Volumes/MacStudioExternal/Users/lmiller/Dev/lellimecnar/source/packages/data-map/core/src/__tests__/spec-compliance.spec.ts"
		},
		{
			"assertionResults": [
				{
					"ancestorTitles": ["batching and transactions"],
					"fullName": "batching and transactions defers notifications until the end of a batch",
					"status": "passed",
					"title": "defers notifications until the end of a batch",
					"duration": 3.0051670000000286,
					"failureMessages": [],
					"meta": {}
				},
				{
					"ancestorTitles": ["batching and transactions"],
					"fullName": "batching and transactions handles nested batches correctly",
					"status": "passed",
					"title": "handles nested batches correctly",
					"duration": 0.5621659999999906,
					"failureMessages": [],
					"meta": {}
				},
				{
					"ancestorTitles": ["batching and transactions"],
					"fullName": "batching and transactions rolls back on transaction error",
					"status": "passed",
					"title": "rolls back on transaction error",
					"duration": 0.2814159999999788,
					"failureMessages": [],
					"meta": {}
				}
			],
			"startTime": 1767571312464,
			"endTime": 1767571312468.2815,
			"status": "passed",
			"message": "",
			"name": "/Volumes/MacStudioExternal/Users/lmiller/Dev/lellimecnar/source/packages/data-map/core/src/batch/batch.spec.ts"
		},
		{
			"assertionResults": [
				{
					"ancestorTitles": ["definitions"],
					"fullName": "definitions applies getter transform",
					"status": "passed",
					"title": "applies getter transform",
					"duration": 1.4346669999999904,
					"failureMessages": [],
					"meta": {}
				},
				{
					"ancestorTitles": ["definitions"],
					"fullName": "definitions applies setter transform",
					"status": "passed",
					"title": "applies setter transform",
					"duration": 0.7232920000000149,
					"failureMessages": [],
					"meta": {}
				},
				{
					"ancestorTitles": ["definitions"],
					"fullName": "definitions enforces readOnly",
					"status": "passed",
					"title": "enforces readOnly",
					"duration": 0.4527079999999728,
					"failureMessages": [],
					"meta": {}
				},
				{
					"ancestorTitles": ["definitions"],
					"fullName": "definitions registers multiple definitions targeting the same pointer (chained getters)",
					"status": "passed",
					"title": "registers multiple definitions targeting the same pointer (chained getters)",
					"duration": 0.13845900000001166,
					"failureMessages": [],
					"meta": {}
				},
				{
					"ancestorTitles": ["definitions"],
					"fullName": "definitions registers JSONPath definitions (path) and matches computed pointers",
					"status": "passed",
					"title": "registers JSONPath definitions (path) and matches computed pointers",
					"duration": 0.5155000000000314,
					"failureMessages": [],
					"meta": {}
				},
				{
					"ancestorTitles": ["definitions"],
					"fullName": "definitions supports getter with explicit deps array",
					"status": "passed",
					"title": "supports getter with explicit deps array",
					"duration": 0.327083000000016,
					"failureMessages": [],
					"meta": {}
				},
				{
					"ancestorTitles": ["definitions"],
					"fullName": "definitions supports setter with explicit deps array",
					"status": "passed",
					"title": "supports setter with explicit deps array",
					"duration": 0.5054170000000227,
					"failureMessages": [],
					"meta": {}
				},
				{
					"ancestorTitles": ["definitions"],
					"fullName": "definitions applies defaultValue into underlying data (AC-003)",
					"status": "passed",
					"title": "applies defaultValue into underlying data (AC-003)",
					"duration": 0.8500839999999812,
					"failureMessages": [],
					"meta": {}
				},
				{
					"ancestorTitles": ["definitions"],
					"fullName": "definitions does not invoke getters during construction when defaultValue exists (AC-003)",
					"status": "passed",
					"title": "does not invoke getters during construction when defaultValue exists (AC-003)",
					"duration": 0.18416600000000471,
					"failureMessages": [],
					"meta": {}
				},
				{
					"ancestorTitles": ["definitions"],
					"fullName": "definitions caches getter results when deps are declared",
					"status": "passed",
					"title": "caches getter results when deps are declared",
					"duration": 0.487041999999974,
					"failureMessages": [],
					"meta": {}
				},
				{
					"ancestorTitles": ["definitions"],
					"fullName": "definitions manual invalidation forces recomputation",
					"status": "passed",
					"title": "manual invalidation forces recomputation",
					"duration": 0.21758299999999053,
					"failureMessages": [],
					"meta": {}
				},
				{
					"ancestorTitles": ["definitions"],
					"fullName": "definitions auto-invalidates when dependencies change (AC-031)",
					"status": "passed",
					"title": "auto-invalidates when dependencies change (AC-031)",
					"duration": 0.35241700000000264,
					"failureMessages": [],
					"meta": {}
				}
			],
			"startTime": 1767571312464,
			"endTime": 1767571312470.3525,
			"status": "passed",
			"message": "",
			"name": "/Volumes/MacStudioExternal/Users/lmiller/Dev/lellimecnar/source/packages/data-map/core/src/definitions/definitions.spec.ts"
		},
		{
			"assertionResults": [
				{
					"ancestorTitles": ["compilePathPattern"],
					"fullName": "compilePathPattern compiles wildcard patterns",
					"status": "passed",
					"title": "compiles wildcard patterns",
					"duration": 2.015250000000009,
					"failureMessages": [],
					"meta": {}
				},
				{
					"ancestorTitles": ["compilePathPattern"],
					"fullName": "compilePathPattern compiles slice patterns",
					"status": "passed",
					"title": "compiles slice patterns",
					"duration": 0.30237500000001205,
					"failureMessages": [],
					"meta": {}
				},
				{
					"ancestorTitles": ["compilePathPattern"],
					"fullName": "compilePathPattern caches patterns",
					"status": "passed",
					"title": "caches patterns",
					"duration": 0.08245800000000258,
					"failureMessages": [],
					"meta": {}
				},
				{
					"ancestorTitles": ["compilePathPattern"],
					"fullName": "compilePathPattern expand returns empty for non-object data when expecting static segment",
					"status": "passed",
					"title": "expand returns empty for non-object data when expecting static segment",
					"duration": 0.19187500000001023,
					"failureMessages": [],
					"meta": {}
				},
				{
					"ancestorTitles": ["compilePathPattern"],
					"fullName": "compilePathPattern serializes to JSON via toJSON() (REQ-026)",
					"status": "passed",
					"title": "serializes to JSON via toJSON() (REQ-026)",
					"duration": 0.3340829999999926,
					"failureMessages": [],
					"meta": {}
				},
				{
					"ancestorTitles": ["compilePathPattern"],
					"fullName": "compilePathPattern toJSON() covers recursive segment serialization",
					"status": "passed",
					"title": "toJSON() covers recursive segment serialization",
					"duration": 0.07587499999999636,
					"failureMessages": [],
					"meta": {}
				},
				{
					"ancestorTitles": ["compilePathPattern"],
					"fullName": "compilePathPattern toJSON source round-trips behavior (REQ-026)",
					"status": "passed",
					"title": "toJSON source round-trips behavior (REQ-026)",
					"duration": 0.15779100000000312,
					"failureMessages": [],
					"meta": {}
				}
			],
			"startTime": 1767571312631,
			"endTime": 1767571312634.334,
			"status": "passed",
			"message": "",
			"name": "/Volumes/MacStudioExternal/Users/lmiller/Dev/lellimecnar/source/packages/data-map/core/src/path/compile.spec.ts"
		},
		{
			"assertionResults": [
				{
					"ancestorTitles": ["DataMap Coverage Edge Cases"],
					"fullName": "DataMap Coverage Edge Cases resolve relative-pointer strict error",
					"status": "passed",
					"title": "resolve relative-pointer strict error",
					"duration": 2.188374999999951,
					"failureMessages": [],
					"meta": {}
				},
				{
					"ancestorTitles": ["DataMap Coverage Edge Cases"],
					"fullName": "DataMap Coverage Edge Cases get non-existent pointer strict error",
					"status": "passed",
					"title": "get non-existent pointer strict error",
					"duration": 0.30487499999998136,
					"failureMessages": [],
					"meta": {}
				},
				{
					"ancestorTitles": ["DataMap Coverage Edge Cases"],
					"fullName": "DataMap Coverage Edge Cases set non-existent path strict error",
					"status": "passed",
					"title": "set non-existent path strict error",
					"duration": 0.5392080000000306,
					"failureMessages": [],
					"meta": {}
				},
				{
					"ancestorTitles": ["DataMap Coverage Edge Cases"],
					"fullName": "DataMap Coverage Edge Cases setAll non-existent path strict error",
					"status": "passed",
					"title": "setAll non-existent path strict error",
					"duration": 0.18495799999999463,
					"failureMessages": [],
					"meta": {}
				},
				{
					"ancestorTitles": ["DataMap Coverage Edge Cases"],
					"fullName": "DataMap Coverage Edge Cases map non-existent path strict error",
					"status": "passed",
					"title": "map non-existent path strict error",
					"duration": 0.15275000000002592,
					"failureMessages": [],
					"meta": {}
				},
				{
					"ancestorTitles": ["DataMap Coverage Edge Cases"],
					"fullName": "DataMap Coverage Edge Cases patch cancelled by subscription",
					"status": "passed",
					"title": "patch cancelled by subscription",
					"duration": 0.7539579999999546,
					"failureMessages": [],
					"meta": {}
				},
				{
					"ancestorTitles": ["DataMap Coverage Edge Cases"],
					"fullName": "DataMap Coverage Edge Cases batch error handling",
					"status": "passed",
					"title": "batch error handling",
					"duration": 0.14474999999998772,
					"failureMessages": [],
					"meta": {}
				},
				{
					"ancestorTitles": ["DataMap Coverage Edge Cases"],
					"fullName": "DataMap Coverage Edge Cases getSnapshot coverage",
					"status": "passed",
					"title": "getSnapshot coverage",
					"duration": 0.2887920000000008,
					"failureMessages": [],
					"meta": {}
				},
				{
					"ancestorTitles": ["DataMap Coverage Edge Cases"],
					"fullName": "DataMap Coverage Edge Cases extends coverage",
					"status": "passed",
					"title": "extends coverage",
					"duration": 0.27224999999998545,
					"failureMessages": [],
					"meta": {}
				},
				{
					"ancestorTitles": ["DataMap Coverage Edge Cases"],
					"fullName": "DataMap Coverage Edge Cases patch error in strict mode",
					"status": "passed",
					"title": "patch error in strict mode",
					"duration": 0.28487499999999955,
					"failureMessages": [],
					"meta": {}
				},
				{
					"ancestorTitles": ["DataMap Coverage Edge Cases"],
					"fullName": "DataMap Coverage Edge Cases registry getDepValues coverage",
					"status": "passed",
					"title": "registry getDepValues coverage",
					"duration": 0.7515000000000214,
					"failureMessages": [],
					"meta": {}
				},
				{
					"ancestorTitles": ["Path Compiler Coverage Edge Cases"],
					"fullName": "Path Compiler Coverage Edge Cases wildcard on object expand",
					"status": "passed",
					"title": "wildcard on object expand",
					"duration": 0.6718329999999924,
					"failureMessages": [],
					"meta": {}
				},
				{
					"ancestorTitles": ["Path Compiler Coverage Edge Cases"],
					"fullName": "Path Compiler Coverage Edge Cases wildcard on non-object expand",
					"status": "passed",
					"title": "wildcard on non-object expand",
					"duration": 0.05770799999999099,
					"failureMessages": [],
					"meta": {}
				},
				{
					"ancestorTitles": ["Path Compiler Coverage Edge Cases"],
					"fullName": "Path Compiler Coverage Edge Cases recursive on array expand",
					"status": "passed",
					"title": "recursive on array expand",
					"duration": 2.703125,
					"failureMessages": [],
					"meta": {}
				},
				{
					"ancestorTitles": ["Path Compiler Coverage Edge Cases"],
					"fullName": "Path Compiler Coverage Edge Cases slice with defaults",
					"status": "passed",
					"title": "slice with defaults",
					"duration": 0.4269170000000031,
					"failureMessages": [],
					"meta": {}
				},
				{
					"ancestorTitles": ["Path Compiler Coverage Edge Cases"],
					"fullName": "Path Compiler Coverage Edge Cases slice with step",
					"status": "passed",
					"title": "slice with step",
					"duration": 0.118583000000001,
					"failureMessages": [],
					"meta": {}
				},
				{
					"ancestorTitles": ["Path Compiler Coverage Edge Cases"],
					"fullName": "Path Compiler Coverage Edge Cases invalid JSONPath",
					"status": "passed",
					"title": "invalid JSONPath",
					"duration": 0.0822909999999979,
					"failureMessages": [],
					"meta": {}
				},
				{
					"ancestorTitles": ["Path Compiler Coverage Edge Cases"],
					"fullName": "Path Compiler Coverage Edge Cases recursive descent edge cases",
					"status": "passed",
					"title": "recursive descent edge cases",
					"duration": 1.5854160000000093,
					"failureMessages": [],
					"meta": {}
				},
				{
					"ancestorTitles": ["Path Compiler Coverage Edge Cases"],
					"fullName": "Path Compiler Coverage Edge Cases invalid filter",
					"status": "passed",
					"title": "invalid filter",
					"duration": 0.5030419999999935,
					"failureMessages": [],
					"meta": {}
				},
				{
					"ancestorTitles": ["Path Compiler Coverage Edge Cases"],
					"fullName": "Path Compiler Coverage Edge Cases index mismatch reasons",
					"status": "passed",
					"title": "index mismatch reasons",
					"duration": 0.6728750000000332,
					"failureMessages": [],
					"meta": {}
				},
				{
					"ancestorTitles": ["Path Compiler Coverage Edge Cases"],
					"fullName": "Path Compiler Coverage Edge Cases slice mismatch reasons",
					"status": "passed",
					"title": "slice mismatch reasons",
					"duration": 0.1553339999999821,
					"failureMessages": [],
					"meta": {}
				},
				{
					"ancestorTitles": ["Subscription Manager Coverage Edge Cases"],
					"fullName": "Subscription Manager Coverage Edge Cases unsubscribe edge cases",
					"status": "passed",
					"title": "unsubscribe edge cases",
					"duration": 3.0112909999999715,
					"failureMessages": [],
					"meta": {}
				},
				{
					"ancestorTitles": ["Subscription Manager Coverage Edge Cases"],
					"fullName": "Subscription Manager Coverage Edge Cases reexpand dynamic subscriptions",
					"status": "passed",
					"title": "reexpand dynamic subscriptions",
					"duration": 2.4933749999999577,
					"failureMessages": [],
					"meta": {}
				},
				{
					"ancestorTitles": ["Array Patch Coverage Edge Cases"],
					"fullName": "Array Patch Coverage Edge Cases buildPushPatch empty items non-existent",
					"status": "passed",
					"title": "buildPushPatch empty items non-existent",
					"duration": 0.1267909999999688,
					"failureMessages": [],
					"meta": {}
				},
				{
					"ancestorTitles": ["Array Patch Coverage Edge Cases"],
					"fullName": "Array Patch Coverage Edge Cases buildUnshiftPatch empty items non-existent",
					"status": "passed",
					"title": "buildUnshiftPatch empty items non-existent",
					"duration": 0.16637500000001637,
					"failureMessages": [],
					"meta": {}
				},
				{
					"ancestorTitles": ["Array Patch Coverage Edge Cases"],
					"fullName": "Array Patch Coverage Edge Cases buildSplicePatch empty items non-existent",
					"status": "passed",
					"title": "buildSplicePatch empty items non-existent",
					"duration": 0.10804200000001174,
					"failureMessages": [],
					"meta": {}
				},
				{
					"ancestorTitles": ["Array Patch Coverage Edge Cases"],
					"fullName": "Array Patch Coverage Edge Cases buildSplicePatch start out of range",
					"status": "passed",
					"title": "buildSplicePatch start out of range",
					"duration": 0.06625000000002501,
					"failureMessages": [],
					"meta": {}
				},
				{
					"ancestorTitles": ["Utility Coverage Edge Cases"],
					"fullName": "Utility Coverage Edge Cases deepEqual circular reference",
					"status": "passed",
					"title": "deepEqual circular reference",
					"duration": 0.2862089999999853,
					"failureMessages": [],
					"meta": {}
				},
				{
					"ancestorTitles": ["Utility Coverage Edge Cases"],
					"fullName": "Utility Coverage Edge Cases deepExtends edge cases",
					"status": "passed",
					"title": "deepExtends edge cases",
					"duration": 0.1220000000000141,
					"failureMessages": [],
					"meta": {}
				},
				{
					"ancestorTitles": ["Utility Coverage Edge Cases"],
					"fullName": "Utility Coverage Edge Cases patch builder empty path",
					"status": "passed",
					"title": "patch builder empty path",
					"duration": 0.09483399999999165,
					"failureMessages": [],
					"meta": {}
				}
			],
			"startTime": 1767571312464,
			"endTime": 1767571312484.2861,
			"status": "passed",
			"message": "",
			"name": "/Volumes/MacStudioExternal/Users/lmiller/Dev/lellimecnar/source/packages/data-map/core/src/path/coverage.spec.ts"
		},
		{
			"assertionResults": [
				{
					"ancestorTitles": ["detectPathType"],
					"fullName": "detectPathType detects pointer",
					"status": "passed",
					"title": "detects pointer",
					"duration": 1.1158749999999884,
					"failureMessages": [],
					"meta": {}
				},
				{
					"ancestorTitles": ["detectPathType"],
					"fullName": "detectPathType detects relative-pointer",
					"status": "passed",
					"title": "detects relative-pointer",
					"duration": 0.16687500000000455,
					"failureMessages": [],
					"meta": {}
				},
				{
					"ancestorTitles": ["detectPathType"],
					"fullName": "detectPathType detects jsonpath",
					"status": "passed",
					"title": "detects jsonpath",
					"duration": 0.09475000000000477,
					"failureMessages": [],
					"meta": {}
				}
			],
			"startTime": 1767571312643,
			"endTime": 1767571312644.167,
			"status": "passed",
			"message": "",
			"name": "/Volumes/MacStudioExternal/Users/lmiller/Dev/lellimecnar/source/packages/data-map/core/src/path/detect.spec.ts"
		},
		{
			"assertionResults": [
				{
					"ancestorTitles": ["CompiledPathPattern.expand (non-recursive)"],
					"fullName": "CompiledPathPattern.expand (non-recursive) expands wildcard patterns",
					"status": "passed",
					"title": "expands wildcard patterns",
					"duration": 1.133291999999983,
					"failureMessages": [],
					"meta": {}
				},
				{
					"ancestorTitles": ["CompiledPathPattern.expand (non-recursive)"],
					"fullName": "CompiledPathPattern.expand (non-recursive) expands slice patterns",
					"status": "passed",
					"title": "expands slice patterns",
					"duration": 0.12774999999999181,
					"failureMessages": [],
					"meta": {}
				}
			],
			"startTime": 1767571312687,
			"endTime": 1767571312689.1277,
			"status": "passed",
			"message": "",
			"name": "/Volumes/MacStudioExternal/Users/lmiller/Dev/lellimecnar/source/packages/data-map/core/src/path/expand.spec.ts"
		},
		{
			"assertionResults": [
				{
					"ancestorTitles": ["path filter expressions"],
					"fullName": "path filter expressions expands filter expressions with boolean comparison",
					"status": "passed",
					"title": "expands filter expressions with boolean comparison",
					"duration": 1.7741660000000081,
					"failureMessages": [],
					"meta": {}
				},
				{
					"ancestorTitles": ["path filter expressions"],
					"fullName": "path filter expressions handles numeric comparison in filters",
					"status": "passed",
					"title": "handles numeric comparison in filters",
					"duration": 1.0688749999999914,
					"failureMessages": [],
					"meta": {}
				},
				{
					"ancestorTitles": ["path filter expressions"],
					"fullName": "path filter expressions handles logical AND in filters",
					"status": "passed",
					"title": "handles logical AND in filters",
					"duration": 0.5389169999999979,
					"failureMessages": [],
					"meta": {}
				},
				{
					"ancestorTitles": ["path filter expressions"],
					"fullName": "path filter expressions handles logical OR in filters",
					"status": "passed",
					"title": "handles logical OR in filters",
					"duration": 0.41116599999998016,
					"failureMessages": [],
					"meta": {}
				},
				{
					"ancestorTitles": ["path filter expressions"],
					"fullName": "path filter expressions handles negation in filters",
					"status": "passed",
					"title": "handles negation in filters",
					"duration": 0.32337499999999864,
					"failureMessages": [],
					"meta": {}
				},
				{
					"ancestorTitles": ["path filter expressions"],
					"fullName": "path filter expressions returns empty for non-matching filter",
					"status": "passed",
					"title": "returns empty for non-matching filter",
					"duration": 0.25470800000002214,
					"failureMessages": [],
					"meta": {}
				},
				{
					"ancestorTitles": ["path filter expressions"],
					"fullName": "path filter expressions supports slice with step",
					"status": "passed",
					"title": "supports slice with step",
					"duration": 0.24837500000001,
					"failureMessages": [],
					"meta": {}
				},
				{
					"ancestorTitles": ["path filter expressions"],
					"fullName": "path filter expressions supports recursive descent with objects and arrays",
					"status": "passed",
					"title": "supports recursive descent with objects and arrays",
					"duration": 1.5870000000000175,
					"failureMessages": [],
					"meta": {}
				}
			],
			"startTime": 1767571312644,
			"endTime": 1767571312650.587,
			"status": "passed",
			"message": "",
			"name": "/Volumes/MacStudioExternal/Users/lmiller/Dev/lellimecnar/source/packages/data-map/core/src/path/filter.spec.ts"
		},
		{
			"assertionResults": [
				{
					"ancestorTitles": ["CompiledPathPattern.match (non-recursive)"],
					"fullName": "CompiledPathPattern.match (non-recursive) matches wildcard pattern",
					"status": "passed",
					"title": "matches wildcard pattern",
					"duration": 1.1492910000000052,
					"failureMessages": [],
					"meta": {}
				},
				{
					"ancestorTitles": ["CompiledPathPattern.match (non-recursive)"],
					"fullName": "CompiledPathPattern.match (non-recursive) matches slice pattern",
					"status": "passed",
					"title": "matches slice pattern",
					"duration": 0.2559579999999926,
					"failureMessages": [],
					"meta": {}
				},
				{
					"ancestorTitles": ["CompiledPathPattern.match (non-recursive)"],
					"fullName": "CompiledPathPattern.match (non-recursive) matches slice with non-index pointer",
					"status": "passed",
					"title": "matches slice with non-index pointer",
					"duration": 0.19054200000002197,
					"failureMessages": [],
					"meta": {}
				},
				{
					"ancestorTitles": ["CompiledPathPattern.match (non-recursive)"],
					"fullName": "CompiledPathPattern.match (non-recursive) matches recursive descent with mismatch",
					"status": "passed",
					"title": "matches recursive descent with mismatch",
					"duration": 0.14108300000000895,
					"failureMessages": [],
					"meta": {}
				},
				{
					"ancestorTitles": ["CompiledPathPattern.match (non-recursive)"],
					"fullName": "CompiledPathPattern.match (non-recursive) matches recursive descent with empty remaining segments",
					"status": "passed",
					"title": "matches recursive descent with empty remaining segments",
					"duration": 0.27512500000000273,
					"failureMessages": [],
					"meta": {}
				}
			],
			"startTime": 1767571312639,
			"endTime": 1767571312640.2751,
			"status": "passed",
			"message": "",
			"name": "/Volumes/MacStudioExternal/Users/lmiller/Dev/lellimecnar/source/packages/data-map/core/src/path/match.spec.ts"
		},
		{
			"assertionResults": [
				{
					"ancestorTitles": ["compilePredicate"],
					"fullName": "compilePredicate compiles simple comparisons",
					"status": "passed",
					"title": "compiles simple comparisons",
					"duration": 0.665458000000001,
					"failureMessages": [],
					"meta": {}
				},
				{
					"ancestorTitles": ["compilePredicate"],
					"fullName": "compilePredicate compiles logical composition",
					"status": "passed",
					"title": "compiles logical composition",
					"duration": 0.11179199999999412,
					"failureMessages": [],
					"meta": {}
				},
				{
					"ancestorTitles": ["compilePredicate"],
					"fullName": "compilePredicate compiles match()",
					"status": "passed",
					"title": "compiles match()",
					"duration": 0.33329200000000014,
					"failureMessages": [],
					"meta": {}
				},
				{
					"ancestorTitles": ["compilePredicate"],
					"fullName": "compilePredicate caches predicates",
					"status": "passed",
					"title": "caches predicates",
					"duration": 0.09637499999999477,
					"failureMessages": [],
					"meta": {}
				}
			],
			"startTime": 1767571312735,
			"endTime": 1767571312736.3333,
			"status": "passed",
			"message": "",
			"name": "/Volumes/MacStudioExternal/Users/lmiller/Dev/lellimecnar/source/packages/data-map/core/src/path/predicate.spec.ts"
		},
		{
			"assertionResults": [
				{
					"ancestorTitles": ["Recursive Descent Matching ($..)"],
					"fullName": "Recursive Descent Matching ($..) should match $..price against all price pointers",
					"status": "passed",
					"title": "should match $..price against all price pointers",
					"duration": 1.9522090000000105,
					"failureMessages": [],
					"meta": {}
				},
				{
					"ancestorTitles": ["Recursive Descent Matching ($..)"],
					"fullName": "Recursive Descent Matching ($..) should match $..book[*] against book array elements",
					"status": "passed",
					"title": "should match $..book[*] against book array elements",
					"duration": 0.1425830000000019,
					"failureMessages": [],
					"meta": {}
				},
				{
					"ancestorTitles": ["Recursive Descent Matching ($..)"],
					"fullName": "Recursive Descent Matching ($..) should expand $..price correctly",
					"status": "passed",
					"title": "should expand $..price correctly",
					"duration": 0.9792500000000075,
					"failureMessages": [],
					"meta": {}
				},
				{
					"ancestorTitles": ["Recursive Descent Matching ($..)"],
					"fullName": "Recursive Descent Matching ($..) should expand $..book[0].title",
					"status": "passed",
					"title": "should expand $..book[0].title",
					"duration": 0.3996670000000222,
					"failureMessages": [],
					"meta": {}
				}
			],
			"startTime": 1767571312667,
			"endTime": 1767571312670.3997,
			"status": "passed",
			"message": "",
			"name": "/Volumes/MacStudioExternal/Users/lmiller/Dev/lellimecnar/source/packages/data-map/core/src/path/recursive.spec.ts"
		},
		{
			"assertionResults": [
				{
					"ancestorTitles": ["applyOperations"],
					"fullName": "applyOperations applies operations to cloned data",
					"status": "passed",
					"title": "applies operations to cloned data",
					"duration": 1.840332999999987,
					"failureMessages": [],
					"meta": {}
				},
				{
					"ancestorTitles": ["applyOperations"],
					"fullName": "applyOperations computes affected pointers",
					"status": "passed",
					"title": "computes affected pointers",
					"duration": 0.5792920000000095,
					"failureMessages": [],
					"meta": {}
				}
			],
			"startTime": 1767571312681,
			"endTime": 1767571312683.5793,
			"status": "passed",
			"message": "",
			"name": "/Volumes/MacStudioExternal/Users/lmiller/Dev/lellimecnar/source/packages/data-map/core/src/patch/apply.spec.ts"
		},
		{
			"assertionResults": [
				{
					"ancestorTitles": ["patch/array", "buildPushPatch"],
					"fullName": "patch/array buildPushPatch creates array when pushing to non-existent path",
					"status": "passed",
					"title": "creates array when pushing to non-existent path",
					"duration": 1.818458000000021,
					"failureMessages": [],
					"meta": {}
				},
				{
					"ancestorTitles": ["patch/array", "buildPushPatch"],
					"fullName": "patch/array buildPushPatch appends items to existing array",
					"status": "passed",
					"title": "appends items to existing array",
					"duration": 0.16183300000000145,
					"failureMessages": [],
					"meta": {}
				},
				{
					"ancestorTitles": ["patch/array", "buildPushPatch"],
					"fullName": "patch/array buildPushPatch returns empty ops when pushing empty array",
					"status": "passed",
					"title": "returns empty ops when pushing empty array",
					"duration": 0.08795899999998369,
					"failureMessages": [],
					"meta": {}
				},
				{
					"ancestorTitles": ["patch/array", "buildPopPatch"],
					"fullName": "patch/array buildPopPatch returns empty ops and undefined for empty array",
					"status": "passed",
					"title": "returns empty ops and undefined for empty array",
					"duration": 0.12762499999999477,
					"failureMessages": [],
					"meta": {}
				},
				{
					"ancestorTitles": ["patch/array", "buildPopPatch"],
					"fullName": "patch/array buildPopPatch removes and returns last item",
					"status": "passed",
					"title": "removes and returns last item",
					"duration": 0.1832499999999868,
					"failureMessages": [],
					"meta": {}
				},
				{
					"ancestorTitles": ["patch/array", "buildShiftPatch"],
					"fullName": "patch/array buildShiftPatch returns empty ops and undefined for empty array",
					"status": "passed",
					"title": "returns empty ops and undefined for empty array",
					"duration": 0.09774999999999068,
					"failureMessages": [],
					"meta": {}
				},
				{
					"ancestorTitles": ["patch/array", "buildShiftPatch"],
					"fullName": "patch/array buildShiftPatch removes and returns first item",
					"status": "passed",
					"title": "removes and returns first item",
					"duration": 0.08208300000001145,
					"failureMessages": [],
					"meta": {}
				},
				{
					"ancestorTitles": ["patch/array", "buildUnshiftPatch"],
					"fullName": "patch/array buildUnshiftPatch creates array when unshifting to non-existent path",
					"status": "passed",
					"title": "creates array when unshifting to non-existent path",
					"duration": 0.11970800000000281,
					"failureMessages": [],
					"meta": {}
				},
				{
					"ancestorTitles": ["patch/array", "buildUnshiftPatch"],
					"fullName": "patch/array buildUnshiftPatch prepends items to existing array",
					"status": "passed",
					"title": "prepends items to existing array",
					"duration": 0.08241599999999494,
					"failureMessages": [],
					"meta": {}
				},
				{
					"ancestorTitles": ["patch/array", "buildSplicePatch"],
					"fullName": "patch/array buildSplicePatch handles splice with deleteCount exceeding length",
					"status": "passed",
					"title": "handles splice with deleteCount exceeding length",
					"duration": 0.23199999999999932,
					"failureMessages": [],
					"meta": {}
				},
				{
					"ancestorTitles": ["patch/array", "buildSplicePatch"],
					"fullName": "patch/array buildSplicePatch inserts items without removing",
					"status": "passed",
					"title": "inserts items without removing",
					"duration": 0.12966700000001197,
					"failureMessages": [],
					"meta": {}
				},
				{
					"ancestorTitles": ["patch/array", "buildSplicePatch"],
					"fullName": "patch/array buildSplicePatch removes and inserts items",
					"status": "passed",
					"title": "removes and inserts items",
					"duration": 0.07383300000000759,
					"failureMessages": [],
					"meta": {}
				},
				{
					"ancestorTitles": ["patch/array", "buildSortPatch"],
					"fullName": "patch/array buildSortPatch sorts with default comparator",
					"status": "passed",
					"title": "sorts with default comparator",
					"duration": 0.08899999999999864,
					"failureMessages": [],
					"meta": {}
				},
				{
					"ancestorTitles": ["patch/array", "buildSortPatch"],
					"fullName": "patch/array buildSortPatch sorts with custom comparator",
					"status": "passed",
					"title": "sorts with custom comparator",
					"duration": 0.07474999999999454,
					"failureMessages": [],
					"meta": {}
				},
				{
					"ancestorTitles": ["patch/array", "buildShufflePatch"],
					"fullName": "patch/array buildShufflePatch uses custom RNG for deterministic shuffle",
					"status": "passed",
					"title": "uses custom RNG for deterministic shuffle",
					"duration": 0.48166599999998994,
					"failureMessages": [],
					"meta": {}
				},
				{
					"ancestorTitles": ["patch/array", "buildShufflePatch"],
					"fullName": "patch/array buildShufflePatch shuffles array (result has same elements)",
					"status": "passed",
					"title": "shuffles array (result has same elements)",
					"duration": 0.12450000000001182,
					"failureMessages": [],
					"meta": {}
				}
			],
			"startTime": 1767571312665,
			"endTime": 1767571312669.4817,
			"status": "passed",
			"message": "",
			"name": "/Volumes/MacStudioExternal/Users/lmiller/Dev/lellimecnar/source/packages/data-map/core/src/patch/array.spec.ts"
		},
		{
			"assertionResults": [
				{
					"ancestorTitles": ["patch builder"],
					"fullName": "patch builder generates replace when path exists",
					"status": "passed",
					"title": "generates replace when path exists",
					"duration": 0.9537499999999994,
					"failureMessages": [],
					"meta": {}
				},
				{
					"ancestorTitles": ["patch builder"],
					"fullName": "patch builder generates add with intermediate containers",
					"status": "passed",
					"title": "generates add with intermediate containers",
					"duration": 0.20220799999999883,
					"failureMessages": [],
					"meta": {}
				},
				{
					"ancestorTitles": ["patch builder"],
					"fullName": "patch builder infers arrays for numeric segments",
					"status": "passed",
					"title": "infers arrays for numeric segments",
					"duration": 0.23862499999999898,
					"failureMessages": [],
					"meta": {}
				}
			],
			"startTime": 1767571312759,
			"endTime": 1767571312760.2385,
			"status": "passed",
			"message": "",
			"name": "/Volumes/MacStudioExternal/Users/lmiller/Dev/lellimecnar/source/packages/data-map/core/src/patch/builder.spec.ts"
		},
		{
			"assertionResults": [
				{
					"ancestorTitles": ["pointer utils"],
					"fullName": "pointer utils escapes and unescapes",
					"status": "passed",
					"title": "escapes and unescapes",
					"duration": 1.035874999999976,
					"failureMessages": [],
					"meta": {}
				},
				{
					"ancestorTitles": ["pointer utils"],
					"fullName": "pointer utils parses pointers",
					"status": "passed",
					"title": "parses pointers",
					"duration": 0.4739580000000103,
					"failureMessages": [],
					"meta": {}
				},
				{
					"ancestorTitles": ["pointer utils"],
					"fullName": "pointer utils builds pointers",
					"status": "passed",
					"title": "builds pointers",
					"duration": 0.1109170000000006,
					"failureMessages": [],
					"meta": {}
				},
				{
					"ancestorTitles": ["pointer utils"],
					"fullName": "pointer utils roundtrips fragment pointers to non-fragment",
					"status": "passed",
					"title": "roundtrips fragment pointers to non-fragment",
					"duration": 0.12624999999999886,
					"failureMessages": [],
					"meta": {}
				},
				{
					"ancestorTitles": ["pointer utils"],
					"fullName": "pointer utils throws for invalid pointers (not starting with / or #)",
					"status": "passed",
					"title": "throws for invalid pointers (not starting with / or #)",
					"duration": 0.4392080000000078,
					"failureMessages": [],
					"meta": {}
				}
			],
			"startTime": 1767571312338,
			"endTime": 1767571312340.4392,
			"status": "passed",
			"message": "",
			"name": "/Volumes/MacStudioExternal/Users/lmiller/Dev/lellimecnar/source/packages/data-map/core/src/utils/pointer.spec.ts"
		},
		{
			"assertionResults": [
				{
					"ancestorTitles": ["utilities"],
					"fullName": "utilities deepEqual works",
					"status": "passed",
					"title": "deepEqual works",
					"duration": 0.6405829999999924,
					"failureMessages": [],
					"meta": {}
				},
				{
					"ancestorTitles": ["utilities"],
					"fullName": "utilities deepExtends works",
					"status": "passed",
					"title": "deepExtends works",
					"duration": 0.12095799999997325,
					"failureMessages": [],
					"meta": {}
				},
				{
					"ancestorTitles": ["utilities"],
					"fullName": "utilities DataMap snapshots are immutable clones",
					"status": "passed",
					"title": "DataMap snapshots are immutable clones",
					"duration": 1.7773329999999987,
					"failureMessages": [],
					"meta": {}
				},
				{
					"ancestorTitles": ["utilities"],
					"fullName": "utilities deepEqual compares null vs undefined",
					"status": "passed",
					"title": "deepEqual compares null vs undefined",
					"duration": 0.16999999999995907,
					"failureMessages": [],
					"meta": {}
				},
				{
					"ancestorTitles": ["utilities"],
					"fullName": "utilities deepEqual compares empty objects and arrays",
					"status": "passed",
					"title": "deepEqual compares empty objects and arrays",
					"duration": 0.11108300000000781,
					"failureMessages": [],
					"meta": {}
				},
				{
					"ancestorTitles": ["utilities"],
					"fullName": "utilities deepEqual compares Date objects",
					"status": "passed",
					"title": "deepEqual compares Date objects",
					"duration": 0.06658399999997755,
					"failureMessages": [],
					"meta": {}
				},
				{
					"ancestorTitles": ["utilities"],
					"fullName": "utilities deepEqual compares RegExp objects",
					"status": "passed",
					"title": "deepEqual compares RegExp objects",
					"duration": 0.29750000000001364,
					"failureMessages": [],
					"meta": {}
				},
				{
					"ancestorTitles": ["utilities"],
					"fullName": "utilities deepEqual handles circular references",
					"status": "passed",
					"title": "deepEqual handles circular references",
					"duration": 0.1608749999999759,
					"failureMessages": [],
					"meta": {}
				},
				{
					"ancestorTitles": ["utilities"],
					"fullName": "utilities deepExtends returns false when partial array is longer",
					"status": "passed",
					"title": "deepExtends returns false when partial array is longer",
					"duration": 0.059542000000021744,
					"failureMessages": [],
					"meta": {}
				},
				{
					"ancestorTitles": ["utilities"],
					"fullName": "utilities deepExtends returns true for undefined partial",
					"status": "passed",
					"title": "deepExtends returns true for undefined partial",
					"duration": 0.06120800000002191,
					"failureMessages": [],
					"meta": {}
				},
				{
					"ancestorTitles": ["utilities"],
					"fullName": "utilities deepExtends returns false for non-object target when partial is object",
					"status": "passed",
					"title": "deepExtends returns false for non-object target when partial is object",
					"duration": 0.039917000000002645,
					"failureMessages": [],
					"meta": {}
				},
				{
					"ancestorTitles": ["utilities"],
					"fullName": "utilities deepExtends returns false for non-array target when partial is array",
					"status": "passed",
					"title": "deepExtends returns false for non-array target when partial is array",
					"duration": 0.05395899999996345,
					"failureMessages": [],
					"meta": {}
				},
				{
					"ancestorTitles": ["utilities"],
					"fullName": "utilities deepExtends returns false when partial key is missing in target",
					"status": "passed",
					"title": "deepExtends returns false when partial key is missing in target",
					"duration": 0.12950000000000728,
					"failureMessages": [],
					"meta": {}
				}
			],
			"startTime": 1767571312464,
			"endTime": 1767571312468.161,
			"status": "passed",
			"message": "",
			"name": "/Volumes/MacStudioExternal/Users/lmiller/Dev/lellimecnar/source/packages/data-map/core/src/utils/util.spec.ts"
		},
		{
			"assertionResults": [
				{
					"ancestorTitles": ["dynamic subscriptions"],
					"fullName": "dynamic subscriptions notifies when a matching pointer changes",
					"status": "passed",
					"title": "notifies when a matching pointer changes",
					"duration": 5.890375000000006,
					"failureMessages": [],
					"meta": {}
				},
				{
					"ancestorTitles": ["dynamic subscriptions"],
					"fullName": "dynamic subscriptions re-expands on structural changes and notifies added matches",
					"status": "passed",
					"title": "re-expands on structural changes and notifies added matches",
					"duration": 0.9108329999999683,
					"failureMessages": [],
					"meta": {}
				}
			],
			"startTime": 1767571312464,
			"endTime": 1767571312470.911,
			"status": "passed",
			"message": "",
			"name": "/Volumes/MacStudioExternal/Users/lmiller/Dev/lellimecnar/source/packages/data-map/core/src/subscription/dynamic.spec.ts"
		},
		{
			"assertionResults": [
				{
					"ancestorTitles": ["subscription events"],
					"fullName": "subscription events treats 'set' as an alias for 'patch' for stage selection",
					"status": "passed",
					"title": "treats 'set' as an alias for 'patch' for stage selection",
					"duration": 1.819041999999996,
					"failureMessages": [],
					"meta": {}
				},
				{
					"ancestorTitles": ["subscription events"],
					"fullName": "subscription events supports multiple event types in single subscription",
					"status": "passed",
					"title": "supports multiple event types in single subscription",
					"duration": 0.6432920000000024,
					"failureMessages": [],
					"meta": {}
				},
				{
					"ancestorTitles": ["subscription events"],
					"fullName": "subscription events receives operation info in event",
					"status": "passed",
					"title": "receives operation info in event",
					"duration": 0.24354100000002177,
					"failureMessages": [],
					"meta": {}
				}
			],
			"startTime": 1767571312639,
			"endTime": 1767571312641.6433,
			"status": "passed",
			"message": "",
			"name": "/Volumes/MacStudioExternal/Users/lmiller/Dev/lellimecnar/source/packages/data-map/core/src/subscription/events.spec.ts"
		},
		{
			"assertionResults": [
				{
					"ancestorTitles": ["subscription manager"],
					"fullName": "subscription manager returns subscription with id and query",
					"status": "passed",
					"title": "returns subscription with id and query",
					"duration": 4.827041000000008,
					"failureMessages": [],
					"meta": {}
				},
				{
					"ancestorTitles": ["subscription manager"],
					"fullName": "subscription manager cleans up on unsubscribe (no further notifications)",
					"status": "passed",
					"title": "cleans up on unsubscribe (no further notifications)",
					"duration": 1.8581249999999727,
					"failureMessages": [],
					"meta": {}
				},
				{
					"ancestorTitles": ["subscription manager"],
					"fullName": "subscription manager tracks isDynamic for wildcard patterns",
					"status": "passed",
					"title": "tracks isDynamic for wildcard patterns",
					"duration": 0.5748340000000098,
					"failureMessages": [],
					"meta": {}
				},
				{
					"ancestorTitles": ["subscription manager"],
					"fullName": "subscription manager tracks isDynamic=false for static pointers",
					"status": "passed",
					"title": "tracks isDynamic=false for static pointers",
					"duration": 0.09779200000002675,
					"failureMessages": [],
					"meta": {}
				},
				{
					"ancestorTitles": ["subscription manager"],
					"fullName": "subscription manager getMatchingSubscriptions returns both static and dynamic matches",
					"status": "passed",
					"title": "getMatchingSubscriptions returns both static and dynamic matches",
					"duration": 0.2515830000000392,
					"failureMessages": [],
					"meta": {}
				},
				{
					"ancestorTitles": ["subscription manager"],
					"fullName": "subscription manager delivers on/after notifications asynchronously (REQ-016)",
					"status": "passed",
					"title": "delivers on/after notifications asynchronously (REQ-016)",
					"duration": 0.49829100000005155,
					"failureMessages": [],
					"meta": {}
				},
				{
					"ancestorTitles": ["subscription manager"],
					"fullName": "subscription manager re-expands filter subscriptions when criteria changes (AC-027)",
					"status": "passed",
					"title": "re-expands filter subscriptions when criteria changes (AC-027)",
					"duration": 7.368041000000005,
					"failureMessages": [],
					"meta": {}
				},
				{
					"ancestorTitles": ["subscription manager"],
					"fullName": "subscription manager fires get and resolve events (Step 10)",
					"status": "passed",
					"title": "fires get and resolve events (Step 10)",
					"duration": 0.7884159999999838,
					"failureMessages": [],
					"meta": {}
				},
				{
					"ancestorTitles": ["subscription manager"],
					"fullName": "subscription manager supports read interception via get:before (Step 10)",
					"status": "passed",
					"title": "supports read interception via get:before (Step 10)",
					"duration": 0.296374999999955,
					"failureMessages": [],
					"meta": {}
				}
			],
			"startTime": 1767571312495,
			"endTime": 1767571312512.2964,
			"status": "passed",
			"message": "",
			"name": "/Volumes/MacStudioExternal/Users/lmiller/Dev/lellimecnar/source/packages/data-map/core/src/subscription/manager.spec.ts"
		},
		{
			"assertionResults": [
				{
					"ancestorTitles": ["static subscriptions"],
					"fullName": "static subscriptions notifies on patch stages",
					"status": "passed",
					"title": "notifies on patch stages",
					"duration": 1.8189160000000015,
					"failureMessages": [],
					"meta": {}
				}
			],
			"startTime": 1767571312701,
			"endTime": 1767571312702.8188,
			"status": "passed",
			"message": "",
			"name": "/Volumes/MacStudioExternal/Users/lmiller/Dev/lellimecnar/source/packages/data-map/core/src/subscription/static.spec.ts"
		}
	]
}
