{"numTotalTestSuites":15,"numPassedTestSuites":15,"numFailedTestSuites":0,"numPendingTestSuites":0,"numTotalTests":40,"numPassedTests":40,"numFailedTests":0,"numPendingTests":0,"numTodoTests":0,"snapshot":{"added":0,"failure":false,"filesAdded":0,"filesRemoved":0,"filesRemovedList":[],"filesUnmatched":0,"filesUpdated":0,"matched":0,"total":0,"unchecked":0,"uncheckedKeysByFile":[],"unmatched":0,"updated":0,"didUpdate":false},"startTime":1767628102672,"success":true,"testResults":[{"assertionResults":[{"ancestorTitles":["normalize"],"fullName":"normalize canonicalizes token encoding (~ and /)","status":"passed","title":"canonicalizes token encoding (~ and /)","duration":0.8752920000000017,"failureMessages":[],"meta":{}},{"ancestorTitles":["normalize"],"fullName":"normalize preserves empty pointer","status":"passed","title":"preserves empty pointer","duration":0.07091700000000856,"failureMessages":[],"meta":{}}],"startTime":1767628102835,"endTime":1767628102836.0708,"status":"passed","message":"","name":"/Volumes/MacStudioExternal/Users/lmiller/Dev/lellimecnar/source/packages/jsonpath/pointer/src/__tests__/normalize.spec.ts"},{"assertionResults":[{"ancestorTitles":["JSONPointer","parse"],"fullName":"JSONPointer parse should parse empty pointer","status":"passed","title":"should parse empty pointer","duration":0.8377080000000205,"failureMessages":[],"meta":{}},{"ancestorTitles":["JSONPointer","parse"],"fullName":"JSONPointer parse should parse simple pointers","status":"passed","title":"should parse simple pointers","duration":0.1893750000000125,"failureMessages":[],"meta":{}},{"ancestorTitles":["JSONPointer","parse"],"fullName":"JSONPointer parse should parse pointers with indices","status":"passed","title":"should parse pointers with indices","duration":0.07541699999998741,"failureMessages":[],"meta":{}},{"ancestorTitles":["JSONPointer","parse"],"fullName":"JSONPointer parse should handle escaped characters","status":"passed","title":"should handle escaped characters","duration":0.15383299999999167,"failureMessages":[],"meta":{}},{"ancestorTitles":["JSONPointer","parse"],"fullName":"JSONPointer parse should throw on invalid pointers","status":"passed","title":"should throw on invalid pointers","duration":0.4092080000000067,"failureMessages":[],"meta":{}},{"ancestorTitles":["JSONPointer","parse"],"fullName":"JSONPointer parse should parse URI fragment pointers","status":"passed","title":"should parse URI fragment pointers","duration":0.23600000000001842,"failureMessages":[],"meta":{}},{"ancestorTitles":["JSONPointer","relative"],"fullName":"JSONPointer relative should calculate relative pointer between absolute pointers","status":"passed","title":"should calculate relative pointer between absolute pointers","duration":0.21912499999999113,"failureMessages":[],"meta":{}},{"ancestorTitles":["JSONPointer","format"],"fullName":"JSONPointer format should format empty tokens","status":"passed","title":"should format empty tokens","duration":0.05216599999999971,"failureMessages":[],"meta":{}},{"ancestorTitles":["JSONPointer","format"],"fullName":"JSONPointer format should format simple tokens","status":"passed","title":"should format simple tokens","duration":0.07283300000000281,"failureMessages":[],"meta":{}},{"ancestorTitles":["JSONPointer","format"],"fullName":"JSONPointer format should escape special characters","status":"passed","title":"should escape special characters","duration":0.12391700000000583,"failureMessages":[],"meta":{}},{"ancestorTitles":["JSONPointer","format"],"fullName":"JSONPointer format should format URI fragment pointers","status":"passed","title":"should format URI fragment pointers","duration":0.08741700000001629,"failureMessages":[],"meta":{}},{"ancestorTitles":["JSONPointer","evaluate"],"fullName":"JSONPointer evaluate should evaluate RFC 6901 examples","status":"passed","title":"should evaluate RFC 6901 examples","duration":0.23245899999997732,"failureMessages":[],"meta":{}},{"ancestorTitles":["JSONPointer","evaluate"],"fullName":"JSONPointer evaluate should return undefined for non-existent paths","status":"passed","title":"should return undefined for non-existent paths","duration":0.07929200000000947,"failureMessages":[],"meta":{}},{"ancestorTitles":["JSONPointer","mutations"],"fullName":"JSONPointer mutations should set values immutably","status":"passed","title":"should set values immutably","duration":0.1712090000000046,"failureMessages":[],"meta":{}},{"ancestorTitles":["JSONPointer","mutations"],"fullName":"JSONPointer mutations should set array elements","status":"passed","title":"should set array elements","duration":0.06791599999999676,"failureMessages":[],"meta":{}},{"ancestorTitles":["JSONPointer","mutations"],"fullName":"JSONPointer mutations should remove values immutably","status":"passed","title":"should remove values immutably","duration":0.08766699999998195,"failureMessages":[],"meta":{}},{"ancestorTitles":["JSONPointer","mutations"],"fullName":"JSONPointer mutations should append to arrays","status":"passed","title":"should append to arrays","duration":0.8120420000000195,"failureMessages":[],"meta":{}},{"ancestorTitles":["JSONPointer","mutations"],"fullName":"JSONPointer mutations should append using \"-\" token","status":"passed","title":"should append using \"-\" token","duration":0.07983299999997939,"failureMessages":[],"meta":{}},{"ancestorTitles":["JSONPointer","utilities"],"fullName":"JSONPointer utilities should get parent pointer","status":"passed","title":"should get parent pointer","duration":0.0740419999999915,"failureMessages":[],"meta":{}},{"ancestorTitles":["JSONPointer","utilities"],"fullName":"JSONPointer utilities should join pointers","status":"passed","title":"should join pointers","duration":0.07720900000001052,"failureMessages":[],"meta":{}},{"ancestorTitles":["JSONPointer","utilities"],"fullName":"JSONPointer utilities should split pointers","status":"passed","title":"should split pointers","duration":0.03870799999998553,"failureMessages":[],"meta":{}},{"ancestorTitles":["JSONPointer","utilities"],"fullName":"JSONPointer utilities should escape/unescape tokens","status":"passed","title":"should escape/unescape tokens","duration":0.05329199999999901,"failureMessages":[],"meta":{}},{"ancestorTitles":["JSONPointer","validation"],"fullName":"JSONPointer validation should validate pointers","status":"passed","title":"should validate pointers","duration":0.06999999999999318,"failureMessages":[],"meta":{}},{"ancestorTitles":["JSONPointer","validation"],"fullName":"JSONPointer validation should provide validation errors","status":"passed","title":"should provide validation errors","duration":0.36520799999999554,"failureMessages":[],"meta":{}},{"ancestorTitles":["JSONPointer","resolution"],"fullName":"JSONPointer resolution should resolve pointers","status":"passed","title":"should resolve pointers","duration":0.05062499999999659,"failureMessages":[],"meta":{}},{"ancestorTitles":["JSONPointer","resolution"],"fullName":"JSONPointer resolution should resolve or throw","status":"passed","title":"should resolve or throw","duration":0.08108400000000415,"failureMessages":[],"meta":{}},{"ancestorTitles":["JSONPointer","resolution"],"fullName":"JSONPointer resolution should check existence","status":"passed","title":"should check existence","duration":0.06379199999997809,"failureMessages":[],"meta":{}},{"ancestorTitles":["JSONPointer","resolution"],"fullName":"JSONPointer resolution should resolve with parent","status":"passed","title":"should resolve with parent","duration":0.07295799999999986,"failureMessages":[],"meta":{}},{"ancestorTitles":["JSONPointer"],"fullName":"JSONPointer JSONPointer.resolve() is an alias of evaluate()","status":"passed","title":"JSONPointer.resolve() is an alias of evaluate()","duration":0.04129100000000108,"failureMessages":[],"meta":{}},{"ancestorTitles":["JSONPointer"],"fullName":"JSONPointer JSONPointer.exists() distinguishes missing vs present undefined","status":"passed","title":"JSONPointer.exists() distinguishes missing vs present undefined","duration":0.0675420000000031,"failureMessages":[],"meta":{}},{"ancestorTitles":["JSONPointer"],"fullName":"JSONPointer JSONPointer.parent() returns parent pointer","status":"passed","title":"JSONPointer.parent() returns parent pointer","duration":0.046999999999997044,"failureMessages":[],"meta":{}},{"ancestorTitles":["JSONPointer"],"fullName":"JSONPointer JSONPointer.concat() joins token paths","status":"passed","title":"JSONPointer.concat() joins token paths","duration":0.035082999999985987,"failureMessages":[],"meta":{}}],"startTime":1767628102860,"endTime":1767628102865.3652,"status":"passed","message":"","name":"/Volumes/MacStudioExternal/Users/lmiller/Dev/lellimecnar/source/packages/jsonpath/pointer/src/__tests__/pointer.spec.ts"},{"assertionResults":[{"ancestorTitles":["Relative JSON Pointer"],"fullName":"Relative JSON Pointer parses prefix and suffix","status":"passed","title":"parses prefix and suffix","duration":0.8127499999999941,"failureMessages":[],"meta":{}},{"ancestorTitles":["Relative JSON Pointer"],"fullName":"Relative JSON Pointer resolves relative values","status":"passed","title":"resolves relative values","duration":0.43054099999997675,"failureMessages":[],"meta":{}},{"ancestorTitles":["Relative JSON Pointer"],"fullName":"Relative JSON Pointer resolves key reference via #","status":"passed","title":"resolves key reference via #","duration":0.3526249999999891,"failureMessages":[],"meta":{}},{"ancestorTitles":["Relative JSON Pointer"],"fullName":"Relative JSON Pointer validates with isRelativePointer()","status":"passed","title":"validates with isRelativePointer()","duration":0.4718340000000012,"failureMessages":[],"meta":{}},{"ancestorTitles":["Relative JSON Pointer","RelativeJSONPointer class"],"fullName":"Relative JSON Pointer RelativeJSONPointer class should convert to absolute pointer","status":"passed","title":"should convert to absolute pointer","duration":0.25591700000001083,"failureMessages":[],"meta":{}},{"ancestorTitles":["Relative JSON Pointer","RelativeJSONPointer class"],"fullName":"Relative JSON Pointer RelativeJSONPointer class should resolve against root and current","status":"passed","title":"should resolve against root and current","duration":0.2880830000000003,"failureMessages":[],"meta":{}}],"startTime":1767628102844,"endTime":1767628102847.288,"status":"passed","message":"","name":"/Volumes/MacStudioExternal/Users/lmiller/Dev/lellimecnar/source/packages/jsonpath/pointer/src/__tests__/relative-pointer.spec.ts"}]}