{"numTotalTestSuites":15,"numPassedTestSuites":15,"numFailedTestSuites":0,"numPendingTestSuites":0,"numTotalTests":38,"numPassedTests":38,"numFailedTests":0,"numPendingTests":0,"numTodoTests":0,"snapshot":{"added":0,"failure":false,"filesAdded":0,"filesRemoved":0,"filesRemovedList":[],"filesUnmatched":0,"filesUpdated":0,"matched":0,"total":0,"unchecked":0,"uncheckedKeysByFile":[],"unmatched":0,"updated":0,"didUpdate":false},"startTime":1767587462390,"success":true,"testResults":[{"assertionResults":[{"ancestorTitles":["normalize"],"fullName":"normalize canonicalizes token encoding (~ and /)","status":"passed","title":"canonicalizes token encoding (~ and /)","duration":0.6950420000000008,"failureMessages":[],"meta":{}},{"ancestorTitles":["normalize"],"fullName":"normalize preserves empty pointer","status":"passed","title":"preserves empty pointer","duration":0.07200000000000273,"failureMessages":[],"meta":{}}],"startTime":1767587462591,"endTime":1767587462592.072,"status":"passed","message":"","name":"/Volumes/MacStudioExternal/Users/lmiller/Dev/lellimecnar/source/packages/jsonpath/pointer/src/__tests__/normalize.spec.ts"},{"assertionResults":[{"ancestorTitles":["JSONPointer","parse"],"fullName":"JSONPointer parse should parse empty pointer","status":"passed","title":"should parse empty pointer","duration":0.7893329999999992,"failureMessages":[],"meta":{}},{"ancestorTitles":["JSONPointer","parse"],"fullName":"JSONPointer parse should parse simple pointers","status":"passed","title":"should parse simple pointers","duration":0.22895799999997735,"failureMessages":[],"meta":{}},{"ancestorTitles":["JSONPointer","parse"],"fullName":"JSONPointer parse should parse pointers with indices","status":"passed","title":"should parse pointers with indices","duration":0.07791600000001608,"failureMessages":[],"meta":{}},{"ancestorTitles":["JSONPointer","parse"],"fullName":"JSONPointer parse should handle escaped characters","status":"passed","title":"should handle escaped characters","duration":0.1545409999999947,"failureMessages":[],"meta":{}},{"ancestorTitles":["JSONPointer","parse"],"fullName":"JSONPointer parse should throw on invalid pointers","status":"passed","title":"should throw on invalid pointers","duration":0.42783399999999006,"failureMessages":[],"meta":{}},{"ancestorTitles":["JSONPointer","relative"],"fullName":"JSONPointer relative should calculate relative pointer between absolute pointers","status":"passed","title":"should calculate relative pointer between absolute pointers","duration":0.38041599999999676,"failureMessages":[],"meta":{}},{"ancestorTitles":["JSONPointer","format"],"fullName":"JSONPointer format should format empty tokens","status":"passed","title":"should format empty tokens","duration":0.07087500000000091,"failureMessages":[],"meta":{}},{"ancestorTitles":["JSONPointer","format"],"fullName":"JSONPointer format should format simple tokens","status":"passed","title":"should format simple tokens","duration":0.08050000000000068,"failureMessages":[],"meta":{}},{"ancestorTitles":["JSONPointer","format"],"fullName":"JSONPointer format should escape special characters","status":"passed","title":"should escape special characters","duration":0.08741699999998787,"failureMessages":[],"meta":{}},{"ancestorTitles":["JSONPointer","evaluate"],"fullName":"JSONPointer evaluate should evaluate RFC 6901 examples","status":"passed","title":"should evaluate RFC 6901 examples","duration":0.35491700000000037,"failureMessages":[],"meta":{}},{"ancestorTitles":["JSONPointer","evaluate"],"fullName":"JSONPointer evaluate should return undefined for non-existent paths","status":"passed","title":"should return undefined for non-existent paths","duration":0.11170799999999304,"failureMessages":[],"meta":{}},{"ancestorTitles":["JSONPointer","mutations"],"fullName":"JSONPointer mutations should set values immutably","status":"passed","title":"should set values immutably","duration":0.2002920000000188,"failureMessages":[],"meta":{}},{"ancestorTitles":["JSONPointer","mutations"],"fullName":"JSONPointer mutations should set array elements","status":"passed","title":"should set array elements","duration":0.07562500000000227,"failureMessages":[],"meta":{}},{"ancestorTitles":["JSONPointer","mutations"],"fullName":"JSONPointer mutations should remove values immutably","status":"passed","title":"should remove values immutably","duration":0.09362500000000296,"failureMessages":[],"meta":{}},{"ancestorTitles":["JSONPointer","mutations"],"fullName":"JSONPointer mutations should append to arrays","status":"passed","title":"should append to arrays","duration":0.06662500000001614,"failureMessages":[],"meta":{}},{"ancestorTitles":["JSONPointer","mutations"],"fullName":"JSONPointer mutations should append using \"-\" token","status":"passed","title":"should append using \"-\" token","duration":0.038333999999991875,"failureMessages":[],"meta":{}},{"ancestorTitles":["JSONPointer","utilities"],"fullName":"JSONPointer utilities should get parent pointer","status":"passed","title":"should get parent pointer","duration":0.06137499999999818,"failureMessages":[],"meta":{}},{"ancestorTitles":["JSONPointer","utilities"],"fullName":"JSONPointer utilities should join pointers","status":"passed","title":"should join pointers","duration":0.06850000000000023,"failureMessages":[],"meta":{}},{"ancestorTitles":["JSONPointer","utilities"],"fullName":"JSONPointer utilities should split pointers","status":"passed","title":"should split pointers","duration":0.03900000000001569,"failureMessages":[],"meta":{}},{"ancestorTitles":["JSONPointer","utilities"],"fullName":"JSONPointer utilities should escape/unescape tokens","status":"passed","title":"should escape/unescape tokens","duration":0.053875000000005,"failureMessages":[],"meta":{}},{"ancestorTitles":["JSONPointer","validation"],"fullName":"JSONPointer validation should validate pointers","status":"passed","title":"should validate pointers","duration":0.6144999999999925,"failureMessages":[],"meta":{}},{"ancestorTitles":["JSONPointer","validation"],"fullName":"JSONPointer validation should provide validation errors","status":"passed","title":"should provide validation errors","duration":0.36574999999999136,"failureMessages":[],"meta":{}},{"ancestorTitles":["JSONPointer","resolution"],"fullName":"JSONPointer resolution should resolve pointers","status":"passed","title":"should resolve pointers","duration":0.05795799999998508,"failureMessages":[],"meta":{}},{"ancestorTitles":["JSONPointer","resolution"],"fullName":"JSONPointer resolution should resolve or throw","status":"passed","title":"should resolve or throw","duration":0.08708400000000438,"failureMessages":[],"meta":{}},{"ancestorTitles":["JSONPointer","resolution"],"fullName":"JSONPointer resolution should check existence","status":"passed","title":"should check existence","duration":0.06566700000001902,"failureMessages":[],"meta":{}},{"ancestorTitles":["JSONPointer","resolution"],"fullName":"JSONPointer resolution should resolve with parent","status":"passed","title":"should resolve with parent","duration":0.0740419999999915,"failureMessages":[],"meta":{}},{"ancestorTitles":["JSONPointer"],"fullName":"JSONPointer JSONPointer.resolve() is an alias of evaluate()","status":"passed","title":"JSONPointer.resolve() is an alias of evaluate()","duration":0.04312500000000341,"failureMessages":[],"meta":{}},{"ancestorTitles":["JSONPointer"],"fullName":"JSONPointer JSONPointer.exists() distinguishes missing vs present undefined","status":"passed","title":"JSONPointer.exists() distinguishes missing vs present undefined","duration":0.06829200000001379,"failureMessages":[],"meta":{}},{"ancestorTitles":["JSONPointer"],"fullName":"JSONPointer JSONPointer.parent() returns parent pointer","status":"passed","title":"JSONPointer.parent() returns parent pointer","duration":0.04708300000001486,"failureMessages":[],"meta":{}},{"ancestorTitles":["JSONPointer"],"fullName":"JSONPointer JSONPointer.concat() joins token paths","status":"passed","title":"JSONPointer.concat() joins token paths","duration":0.0363749999999925,"failureMessages":[],"meta":{}}],"startTime":1767587462620,"endTime":1767587462625.0872,"status":"passed","message":"","name":"/Volumes/MacStudioExternal/Users/lmiller/Dev/lellimecnar/source/packages/jsonpath/pointer/src/__tests__/pointer.spec.ts"},{"assertionResults":[{"ancestorTitles":["Relative JSON Pointer"],"fullName":"Relative JSON Pointer parses prefix and suffix","status":"passed","title":"parses prefix and suffix","duration":0.8069160000000011,"failureMessages":[],"meta":{}},{"ancestorTitles":["Relative JSON Pointer"],"fullName":"Relative JSON Pointer resolves relative values","status":"passed","title":"resolves relative values","duration":0.19754100000000108,"failureMessages":[],"meta":{}},{"ancestorTitles":["Relative JSON Pointer"],"fullName":"Relative JSON Pointer resolves key reference via #","status":"passed","title":"resolves key reference via #","duration":0.09504200000000651,"failureMessages":[],"meta":{}},{"ancestorTitles":["Relative JSON Pointer"],"fullName":"Relative JSON Pointer validates with isRelativePointer()","status":"passed","title":"validates with isRelativePointer()","duration":0.1808330000000069,"failureMessages":[],"meta":{}},{"ancestorTitles":["Relative JSON Pointer","RelativeJSONPointer class"],"fullName":"Relative JSON Pointer RelativeJSONPointer class should convert to absolute pointer","status":"passed","title":"should convert to absolute pointer","duration":0.10204100000001404,"failureMessages":[],"meta":{}},{"ancestorTitles":["Relative JSON Pointer","RelativeJSONPointer class"],"fullName":"Relative JSON Pointer RelativeJSONPointer class should resolve against root and current","status":"passed","title":"should resolve against root and current","duration":0.08783300000001759,"failureMessages":[],"meta":{}}],"startTime":1767587462596,"endTime":1767587462597.1975,"status":"passed","message":"","name":"/Volumes/MacStudioExternal/Users/lmiller/Dev/lellimecnar/source/packages/jsonpath/pointer/src/__tests__/relative-pointer.spec.ts"}]}